------------------------------------------------------------------------------
                           GCC Code Coverage Report
Directory: /social-network-microservices/src
------------------------------------------------------------------------------
File                                       Lines    Exec  Cover   Missing
------------------------------------------------------------------------------
ClientPool.h                                  65      46    70%   66-67,73-78,88-89,91-96 [* 113-116]
GenericClient.h                                2       2   100%   
TextService/TextHandler.h                    108      70    64%   23,61-64,71-73,89-92,121-124,162-169 [* 98-101,132-135,147-149,155-157]
TextService/TextService.cpp                   32      29    90%   19,23,68
ThriftClient.h                                44      32    72%   80-96 [* 131-132,142-143]
logger.h                                       9       9   100%   
tracing.h                                     26      23    88%    [* 75-78]
utils.h                                        9       7    77%   23-24
utils_thrift.h                                14       4    28%   19-33
------------------------------------------------------------------------------
TOTAL                                        309     222    71%
------------------------------------------------------------------------------
