        -:    0:Source:/social-network-microservices/src/ClientPool.h
        -:    0:Graph:/social-network-microservices/build/src/TextService/CMakeFiles/TextService.dir/TextService.cpp.gcno
        -:    0:Data:/social-network-microservices/build/src/TextService/CMakeFiles/TextService.dir/TextService.cpp.gcda
        -:    0:Runs:1
        -:    0:Programs:1
        -:    1:#ifndef SOCIAL_NETWORK_MICROSERVICES_CLIENTPOOL_H
        -:    2:#define SOCIAL_NETWORK_MICROSERVICES_CLIENTPOOL_H
        -:    3:
        -:    4:#include <vector>
        -:    5:#include <mutex>
        -:    6:#include <condition_variable>
        -:    7:#include <deque>
        -:    8:#include <chrono>
        -:    9:#include <string>
        -:   10:#include <nlohmann/json.hpp>
        -:   11:
        -:   12:#include "logger.h"
        -:   13:
        -:   14:namespace social_network {
        -:   15:using json = nlohmann::json;
        -:   16:
        -:   17:template<class TClient>
        -:   18:class ClientPool {
        -:   19: public:
        -:   20:  ClientPool(const std::string &client_type, const std::string &addr,
        -:   21:      int port, int min_size, int max_size, int timeout_ms, int keepalive_ms,
        -:   22:      const json &config_json);
        -:   23:  ~ClientPool();
        -:   24:
        -:   25:  ClientPool(const ClientPool&) = delete;
        -:   26:  ClientPool& operator=(const ClientPool&) = delete;
        -:   27:  ClientPool(ClientPool&&) = default;
        -:   28:  ClientPool& operator=(ClientPool&&) = default;
        -:   29:
        -:   30:  TClient * Pop();
        -:   31:  void Push(TClient *);
        -:   32:  void Keepalive(TClient *);
        -:   33:  void Remove(TClient *);
        -:   34:
        -:   35: private:
        -:   36:  std::deque<TClient *> _pool;
        -:   37:  std::string _addr;
        -:   38:  std::string _client_type;
        -:   39:  int _port;
        -:   40:  int _min_pool_size{};
        -:   41:  int _max_pool_size{};
        -:   42:  int _curr_pool_size{};
        -:   43:  int _timeout_ms;
        -:   44:  int _keepalive_ms;
        -:   45:  std::mutex _mtx;
        -:   46:  std::condition_variable _cv;
        -:   47:  const json *_config_json;
        -:   48:
        -:   49:};
        -:   50:
        -:   51:template<class TClient>
function _ZN14social_network10ClientPoolINS_12ThriftClientINS_24UserMentionServiceClientEEEEC2ERKNSt7__cxx1112basic_stringIcSt11char_traitsIcESaIcEEESC_iiiiiRKN8nlohmann10basic_jsonISt3mapSt6vectorSA_blmdSaNSD_14adl_serializerEEE called 1 returned 100% blocks executed 44%
function _ZN14social_network10ClientPoolINS_12ThriftClientINS_23UrlShortenServiceClientEEEEC2ERKNSt7__cxx1112basic_stringIcSt11char_traitsIcESaIcEEESC_iiiiiRKN8nlohmann10basic_jsonISt3mapSt6vectorSA_blmdSaNSD_14adl_serializerEEE called 1 returned 100% blocks executed 44%
        2:   52:ClientPool<TClient>::ClientPool(const std::string &client_type,
        -:   53:    const std::string &addr, int port, int min_pool_size,
        -:   54:    int max_pool_size, int timeout_ms, int keepalive_ms,
        2:   55:    const json &config_json) {
call    0 returned 100%
call    1 returned 100%
call    2 returned 100%
call    3 returned 100%
call    4 returned 100%
call    5 never executed
call    6 never executed
call    7 never executed
call    8 never executed
call    9 returned 100%
call   10 returned 100%
call   11 returned 100%
call   12 returned 100%
call   13 returned 100%
call   14 never executed
call   15 never executed
call   16 never executed
call   17 never executed
        2:   56:  _addr = addr;
call    0 returned 100%
branch  1 taken 100% (fallthrough)
branch  2 taken 0% (throw)
call    3 returned 100%
branch  4 taken 100% (fallthrough)
branch  5 taken 0% (throw)
        2:   57:  _port = port;
        2:   58:  _min_pool_size = min_pool_size;
        2:   59:  _max_pool_size = max_pool_size;
        2:   60:  _timeout_ms = timeout_ms;
        2:   61:  _client_type = client_type;
call    0 returned 100%
branch  1 taken 100% (fallthrough)
branch  2 taken 0% (throw)
call    3 returned 100%
branch  4 taken 100% (fallthrough)
branch  5 taken 0% (throw)
        2:   62:  _keepalive_ms = keepalive_ms;
        2:   63:  _config_json = &config_json;
        -:   64:
        2:   65:  for (int i = 0; i < min_pool_size; ++i) {
branch  0 taken 0% (fallthrough)
branch  1 taken 100%
branch  2 taken 0% (fallthrough)
branch  3 taken 100%
    #####:   66:    TClient *client = new TClient(addr, port, keepalive_ms, config_json);
call    0 never executed
branch  1 never executed
branch  2 never executed
call    3 never executed
branch  4 never executed
branch  5 never executed
call    6 never executed
call    7 never executed
branch  8 never executed
branch  9 never executed
call   10 never executed
branch 11 never executed
branch 12 never executed
call   13 never executed
    #####:   67:    _pool.emplace_back(client);
call    0 never executed
branch  1 never executed
branch  2 never executed
call    3 never executed
branch  4 never executed
branch  5 never executed
        -:   68:  }
        2:   69:  _curr_pool_size = min_pool_size;
        2:   70:}
        -:   71:
        -:   72:template<class TClient>
function _ZN14social_network10ClientPoolINS_12ThriftClientINS_24UserMentionServiceClientEEEED2Ev called 0 returned 0% blocks executed 0%
function _ZN14social_network10ClientPoolINS_12ThriftClientINS_23UrlShortenServiceClientEEEED2Ev called 0 returned 0% blocks executed 0%
    #####:   73:ClientPool<TClient>::~ClientPool() {
    #####:   74:  while (!_pool.empty()) {
call    0 never executed
branch  1 never executed
branch  2 never executed
call    3 never executed
branch  4 never executed
branch  5 never executed
    #####:   75:    delete _pool.front();
call    0 never executed
branch  1 never executed
branch  2 never executed
call    3 never executed
call    4 never executed
branch  5 never executed
branch  6 never executed
call    7 never executed
    #####:   76:    _pool.pop_front();
call    0 never executed
call    1 never executed
        -:   77:  }
    #####:   78:}
call    0 never executed
call    1 never executed
call    2 never executed
call    3 never executed
call    4 never executed
call    5 never executed
call    6 never executed
call    7 never executed
        -:   79:
        -:   80:template<class TClient>
function _ZN14social_network10ClientPoolINS_12ThriftClientINS_24UserMentionServiceClientEEEE3PopEv called 200 returned 100% blocks executed 16%
function _ZN14social_network10ClientPoolINS_12ThriftClientINS_23UrlShortenServiceClientEEEE3PopEv called 200 returned 100% blocks executed 16%
      400:   81:TClient * ClientPool<TClient>::Pop() {
      400:   82:  TClient * client = nullptr;
        -:   83:  {
      800:   84:    std::unique_lock<std::mutex> cv_lock(_mtx);
call    0 returned 100%
branch  1 taken 100% (fallthrough)
branch  2 taken 0% (throw)
call    3 never executed
call    4 never executed
call    5 returned 100%
branch  6 taken 100% (fallthrough)
branch  7 taken 0% (throw)
call    8 never executed
call    9 never executed
      400:   85:    while (_pool.size() == 0 && _curr_pool_size == _max_pool_size) {
call    0 returned 100%
branch  1 taken 34% (fallthrough)
branch  2 taken 67%
branch  3 taken 0% (fallthrough)
branch  4 taken 100%
branch  5 taken 0% (fallthrough)
branch  6 taken 100%
call    7 returned 100%
branch  8 taken 34% (fallthrough)
branch  9 taken 67%
branch 10 taken 0% (fallthrough)
branch 11 taken 100%
branch 12 taken 0% (fallthrough)
branch 13 taken 100%
        -:   86:      // Create a new a client if current pool size is less than
        -:   87:      // the max pool size.
    #####:   88:      auto wait_time = std::chrono::system_clock::now() +
call    0 never executed
call    1 never executed
call    2 never executed
call    3 never executed
    #####:   89:          std::chrono::milliseconds(_timeout_ms);
call    0 never executed
call    1 never executed
        -:   90:      bool wait_success = _cv.wait_until(cv_lock, wait_time,
function _ZZN14social_network10ClientPoolINS_12ThriftClientINS_24UserMentionServiceClientEEEE3PopEvENKUlvE_clEv called 0 returned 0% blocks executed 0%
function _ZZN14social_network10ClientPoolINS_12ThriftClientINS_23UrlShortenServiceClientEEEE3PopEvENKUlvE_clEv called 0 returned 0% blocks executed 0%
    #####:   91:            [this] { return _pool.size() > 0 || _curr_pool_size < _max_pool_size; });
call    0 never executed
branch  1 never executed
branch  2 never executed
call    3 never executed
branch  4 never executed
branch  5 never executed
branch  6 never executed
branch  7 never executed
call    8 never executed
branch  9 never executed
branch 10 never executed
call   11 never executed
branch 12 never executed
branch 13 never executed
branch 14 never executed
branch 15 never executed
    #####:   92:      if (!wait_success) {
branch  0 never executed
branch  1 never executed
branch  2 never executed
branch  3 never executed
    #####:   93:        LOG(warning) << "ClientPool pop timeout";
call    0 never executed
branch  1 never executed
branch  2 never executed
call    3 never executed
branch  4 never executed
branch  5 never executed
call    6 never executed
branch  7 never executed
branch  8 never executed
call    9 never executed
branch 10 never executed
branch 11 never executed
call   12 never executed
branch 13 never executed
branch 14 never executed
call   15 never executed
call   16 never executed
branch 17 never executed
branch 18 never executed
call   19 never executed
call   20 never executed
branch 21 never executed
branch 22 never executed
call   23 never executed
branch 24 never executed
branch 25 never executed
call   26 never executed
branch 27 never executed
branch 28 never executed
call   29 never executed
branch 30 never executed
branch 31 never executed
call   32 never executed
branch 33 never executed
branch 34 never executed
call   35 never executed
branch 36 never executed
branch 37 never executed
call   38 never executed
branch 39 never executed
branch 40 never executed
call   41 never executed
branch 42 never executed
branch 43 never executed
call   44 never executed
branch 45 never executed
branch 46 never executed
call   47 never executed
call   48 never executed
call   49 never executed
call   50 never executed
branch 51 never executed
branch 52 never executed
call   53 never executed
branch 54 never executed
branch 55 never executed
call   56 never executed
branch 57 never executed
branch 58 never executed
call   59 never executed
branch 60 never executed
branch 61 never executed
call   62 never executed
branch 63 never executed
branch 64 never executed
call   65 never executed
call   66 never executed
branch 67 never executed
branch 68 never executed
call   69 never executed
call   70 never executed
branch 71 never executed
branch 72 never executed
call   73 never executed
branch 74 never executed
branch 75 never executed
call   76 never executed
branch 77 never executed
branch 78 never executed
call   79 never executed
branch 80 never executed
branch 81 never executed
call   82 never executed
branch 83 never executed
branch 84 never executed
call   85 never executed
branch 86 never executed
branch 87 never executed
call   88 never executed
branch 89 never executed
branch 90 never executed
call   91 never executed
branch 92 never executed
branch 93 never executed
call   94 never executed
branch 95 never executed
branch 96 never executed
call   97 never executed
call   98 never executed
call   99 never executed
    #####:   94:        LOG(info) << _pool.size() << " " << _curr_pool_size;
call    0 never executed
branch  1 never executed
branch  2 never executed
call    3 never executed
branch  4 never executed
branch  5 never executed
call    6 never executed
branch  7 never executed
branch  8 never executed
call    9 never executed
branch 10 never executed
branch 11 never executed
call   12 never executed
call   13 never executed
branch 14 never executed
branch 15 never executed
call   16 never executed
call   17 never executed
branch 18 never executed
branch 19 never executed
call   20 never executed
call   21 never executed
branch 22 never executed
branch 23 never executed
call   24 never executed
branch 25 never executed
branch 26 never executed
call   27 never executed
branch 28 never executed
branch 29 never executed
call   30 never executed
branch 31 never executed
branch 32 never executed
call   33 never executed
branch 34 never executed
branch 35 never executed
call   36 never executed
branch 37 never executed
branch 38 never executed
call   39 never executed
branch 40 never executed
branch 41 never executed
call   42 never executed
branch 43 never executed
branch 44 never executed
call   45 never executed
branch 46 never executed
branch 47 never executed
call   48 never executed
branch 49 never executed
branch 50 never executed
call   51 never executed
branch 52 never executed
branch 53 never executed
call   54 never executed
call   55 never executed
call   56 never executed
call   57 never executed
branch 58 never executed
branch 59 never executed
call   60 never executed
branch 61 never executed
branch 62 never executed
call   63 never executed
branch 64 never executed
branch 65 never executed
call   66 never executed
branch 67 never executed
branch 68 never executed
call   69 never executed
call   70 never executed
branch 71 never executed
branch 72 never executed
call   73 never executed
call   74 never executed
branch 75 never executed
branch 76 never executed
call   77 never executed
call   78 never executed
branch 79 never executed
branch 80 never executed
call   81 never executed
branch 82 never executed
branch 83 never executed
call   84 never executed
branch 85 never executed
branch 86 never executed
call   87 never executed
branch 88 never executed
branch 89 never executed
call   90 never executed
branch 91 never executed
branch 92 never executed
call   93 never executed
branch 94 never executed
branch 95 never executed
call   96 never executed
branch 97 never executed
branch 98 never executed
call   99 never executed
branch 100 never executed
branch 101 never executed
call   102 never executed
branch 103 never executed
branch 104 never executed
call   105 never executed
branch 106 never executed
branch 107 never executed
call   108 never executed
branch 109 never executed
branch 110 never executed
call   111 never executed
call   112 never executed
call   113 never executed
    #####:   95:        cv_lock.unlock();
call    0 never executed
branch  1 never executed
branch  2 never executed
call    3 never executed
branch  4 never executed
branch  5 never executed
    #####:   96:        return nullptr;
        -:   97:      }
        -:   98:    }
      400:   99:    if (_pool.size() > 0) {
call    0 returned 100%
branch  1 taken 67% (fallthrough)
branch  2 taken 34%
call    3 returned 100%
branch  4 taken 67% (fallthrough)
branch  5 taken 34%
      266:  100:      client = _pool.front();
call    0 returned 100%
call    1 returned 100%
      266:  101:      _pool.pop_front();
call    0 returned 100%
call    1 returned 100%
        -:  102:    } else {
      134:  103:      client = new TClient(_addr, _port, _keepalive_ms, *_config_json);
call    0 returned 100%
branch  1 taken 100% (fallthrough)
branch  2 taken 0% (throw)
call    3 returned 100%
branch  4 taken 100% (fallthrough)
branch  5 taken 0% (throw)
call    6 never executed
call    7 returned 100%
branch  8 taken 100% (fallthrough)
branch  9 taken 0% (throw)
call   10 returned 100%
branch 11 taken 100% (fallthrough)
branch 12 taken 0% (throw)
call   13 never executed
      134:  104:      _curr_pool_size++;
        -:  105:    }
      400:  106:  cv_lock.unlock();
call    0 returned 100%
branch  1 taken 100% (fallthrough)
branch  2 taken 0% (throw)
call    3 returned 100%
branch  4 taken 100%
branch  5 taken 0%
call    6 returned 100%
branch  7 taken 100% (fallthrough)
branch  8 taken 0% (throw)
call    9 returned 100%
branch 10 taken 100%
branch 11 taken 0%
        -:  107:  } // cv_lock(_mtx)
        -:  108:
        -:  109:
      400:  110:  if (client) {
branch  0 taken 100%
branch  1 taken 0%
branch  2 taken 100%
branch  3 taken 0%
        -:  111:    try {
      400:  112:      client->Connect();
call    0 returned 100%
branch  1 taken 100% (fallthrough)
branch  2 taken 0% (throw)
call    3 returned 100%
branch  4 taken 100% (fallthrough)
branch  5 taken 0% (throw)
    =====:  113:    } catch (...) {
call    0 never executed
call    1 never executed
call    2 never executed
call    3 never executed
    =====:  114:      LOG(error) << "Failed to connect " + _client_type;
call    0 never executed
branch  1 never executed
branch  2 never executed
call    3 never executed
branch  4 never executed
branch  5 never executed
call    6 never executed
branch  7 never executed
branch  8 never executed
call    9 never executed
branch 10 never executed
branch 11 never executed
call   12 never executed
branch 13 never executed
branch 14 never executed
call   15 never executed
branch 16 never executed
branch 17 never executed
call   18 never executed
call   19 never executed
branch 20 never executed
branch 21 never executed
call   22 never executed
call   23 never executed
branch 24 never executed
branch 25 never executed
call   26 never executed
branch 27 never executed
branch 28 never executed
call   29 never executed
branch 30 never executed
branch 31 never executed
call   32 never executed
branch 33 never executed
branch 34 never executed
call   35 never executed
branch 36 never executed
branch 37 never executed
call   38 never executed
branch 39 never executed
branch 40 never executed
call   41 never executed
branch 42 never executed
branch 43 never executed
call   44 never executed
branch 45 never executed
branch 46 never executed
call   47 never executed
branch 48 never executed
branch 49 never executed
call   50 never executed
call   51 never executed
call   52 never executed
call   53 never executed
call   54 never executed
call   55 never executed
branch 56 never executed
branch 57 never executed
call   58 never executed
branch 59 never executed
branch 60 never executed
call   61 never executed
branch 62 never executed
branch 63 never executed
call   64 never executed
branch 65 never executed
branch 66 never executed
call   67 never executed
branch 68 never executed
branch 69 never executed
call   70 never executed
branch 71 never executed
branch 72 never executed
call   73 never executed
call   74 never executed
branch 75 never executed
branch 76 never executed
call   77 never executed
call   78 never executed
branch 79 never executed
branch 80 never executed
call   81 never executed
branch 82 never executed
branch 83 never executed
call   84 never executed
branch 85 never executed
branch 86 never executed
call   87 never executed
branch 88 never executed
branch 89 never executed
call   90 never executed
branch 91 never executed
branch 92 never executed
call   93 never executed
branch 94 never executed
branch 95 never executed
call   96 never executed
branch 97 never executed
branch 98 never executed
call   99 never executed
branch 100 never executed
branch 101 never executed
call   102 never executed
branch 103 never executed
branch 104 never executed
call   105 never executed
call   106 never executed
call   107 never executed
call   108 never executed
call   109 never executed
    =====:  115:      Remove(client);
call    0 never executed
branch  1 never executed
branch  2 never executed
call    3 never executed
branch  4 never executed
branch  5 never executed
    =====:  116:      throw;
call    0 never executed
call    1 never executed
        -:  117:    }
        -:  118:  }
      400:  119:  return client;
        -:  120:}
        -:  121:
        -:  122:template<class TClient>
function _ZN14social_network10ClientPoolINS_12ThriftClientINS_24UserMentionServiceClientEEEE4PushEPS3_ called 134 returned 100% blocks executed 78%
function _ZN14social_network10ClientPoolINS_12ThriftClientINS_23UrlShortenServiceClientEEEE4PushEPS3_ called 134 returned 100% blocks executed 78%
      268:  123:void ClientPool<TClient>::Push(TClient *client) {
      536:  124:  std::unique_lock<std::mutex> cv_lock(_mtx);
call    0 returned 100%
branch  1 taken 100% (fallthrough)
branch  2 taken 0% (throw)
call    3 returned 100%
call    4 never executed
call    5 returned 100%
branch  6 taken 100% (fallthrough)
branch  7 taken 0% (throw)
call    8 returned 100%
call    9 never executed
      268:  125:  _pool.push_back(client);
call    0 returned 100%
branch  1 taken 100% (fallthrough)
branch  2 taken 0% (throw)
call    3 returned 100%
branch  4 taken 100% (fallthrough)
branch  5 taken 0% (throw)
      268:  126:  cv_lock.unlock();
call    0 returned 100%
branch  1 taken 100% (fallthrough)
branch  2 taken 0% (throw)
call    3 returned 100%
branch  4 taken 100% (fallthrough)
branch  5 taken 0% (throw)
      268:  127:  _cv.notify_one();
call    0 returned 100%
call    1 returned 100%
      268:  128:}
        -:  129:
        -:  130:template<class TClient>
function _ZN14social_network10ClientPoolINS_12ThriftClientINS_24UserMentionServiceClientEEEE6RemoveEPS3_ called 66 returned 100% blocks executed 80%
function _ZN14social_network10ClientPoolINS_12ThriftClientINS_23UrlShortenServiceClientEEEE6RemoveEPS3_ called 66 returned 100% blocks executed 80%
      132:  131:void ClientPool<TClient>::Remove(TClient *client) {
        -:  132:  // No need to delete it from _pool because the *client has been poped out
      132:  133:  delete client;
branch  0 taken 100% (fallthrough)
branch  1 taken 0%
call    2 returned 100%
branch  3 taken 100% (fallthrough)
branch  4 taken 0%
call    5 returned 100%
      264:  134:  std::unique_lock<std::mutex> cv_lock(_mtx);
call    0 returned 100%
branch  1 taken 100% (fallthrough)
branch  2 taken 0% (throw)
call    3 returned 100%
call    4 never executed
call    5 returned 100%
branch  6 taken 100% (fallthrough)
branch  7 taken 0% (throw)
call    8 returned 100%
call    9 never executed
      132:  135:  _curr_pool_size--;
      132:  136:  cv_lock.unlock();
call    0 returned 100%
branch  1 taken 100% (fallthrough)
branch  2 taken 0% (throw)
call    3 returned 100%
branch  4 taken 100% (fallthrough)
branch  5 taken 0% (throw)
      132:  137:  _cv.notify_one();
call    0 returned 100%
call    1 returned 100%
      132:  138:}
        -:  139:
        -:  140:template<class TClient>
function _ZN14social_network10ClientPoolINS_12ThriftClientINS_24UserMentionServiceClientEEEE9KeepaliveEPS3_ called 200 returned 100% blocks executed 100%
function _ZN14social_network10ClientPoolINS_12ThriftClientINS_23UrlShortenServiceClientEEEE9KeepaliveEPS3_ called 200 returned 100% blocks executed 100%
      400:  141:void ClientPool<TClient>::Keepalive(TClient *client) {
      800:  142:  long curr_timestamp = std::chrono::duration_cast<std::chrono::milliseconds>(
call    0 returned 100%
call    1 returned 100%
     1200:  143:          std::chrono::system_clock::now().time_since_epoch()).count();
call    0 returned 100%
call    1 returned 100%
call    2 returned 100%
call    3 returned 100%
call    4 returned 100%
call    5 returned 100%
      400:  144:  if (curr_timestamp - client->_connect_timestamp > client->_keepalive_ms) {
branch  0 taken 33% (fallthrough)
branch  1 taken 67%
branch  2 taken 33% (fallthrough)
branch  3 taken 67%
      132:  145:    Remove(client);
call    0 returned 100%
call    1 returned 100%
        -:  146:  } else {
      268:  147:    Push(client);
call    0 returned 100%
call    1 returned 100%
        -:  148:  }
      400:  149:}
        -:  150:
        -:  151:} // namespace social_network
        -:  152:
        -:  153:
        -:  154:#endif //SOCIAL_NETWORK_MICROSERVICES_CLIENTPOOL_H
