        -:    0:Source:/social-network-microservices/src/UserTimelineService/UserTimelineHandler.h
        -:    0:Graph:/social-network-microservices/build/src/UserTimelineService/CMakeFiles/UserTimelineService.dir/UserTimelineService.cpp.gcno
        -:    0:Data:/social-network-microservices/build/src/UserTimelineService/CMakeFiles/UserTimelineService.dir/UserTimelineService.cpp.gcda
        -:    0:Runs:1
        -:    0:Programs:1
        -:    1:#ifndef SOCIAL_NETWORK_MICROSERVICES_SRC_USERTIMELINESERVICE_USERTIMELINEHANDLER_H_
        -:    2:#define SOCIAL_NETWORK_MICROSERVICES_SRC_USERTIMELINESERVICE_USERTIMELINEHANDLER_H_
        -:    3:
        -:    4:#include <bson/bson.h>
        -:    5:#include <mongoc.h>
        -:    6:#include <sw/redis++/redis++.h>
        -:    7:
        -:    8:#include <future>
        -:    9:#include <iostream>
        -:   10:#include <string>
        -:   11:
        -:   12:#include "../../gen-cpp/PostStorageService.h"
        -:   13:#include "../../gen-cpp/UserTimelineService.h"
        -:   14:#include "../ClientPool.h"
        -:   15:#include "../ThriftClient.h"
        -:   16:#include "../logger.h"
        -:   17:#include "../tracing.h"
        -:   18:
        -:   19:using namespace sw::redis;
        -:   20:
        -:   21:namespace social_network {
        -:   22:
        -:   23:class UserTimelineHandler : public UserTimelineServiceIf {
        -:   24: public:
        -:   25:  UserTimelineHandler(Redis *, mongoc_client_pool_t *,
        -:   26:                      ClientPool<ThriftClient<PostStorageServiceClient>> *);
        -:   27:
        -:   28:  UserTimelineHandler(Redis *, Redis *, mongoc_client_pool_t *,
        -:   29:      ClientPool<ThriftClient<PostStorageServiceClient>> *);
        -:   30:
        -:   31:  UserTimelineHandler(RedisCluster *, mongoc_client_pool_t *,
        -:   32:                      ClientPool<ThriftClient<PostStorageServiceClient>> *);
function _ZN14social_network19UserTimelineHandlerD0Ev called 0 returned 0% blocks executed 0%
function _ZN14social_network19UserTimelineHandlerD2Ev called 0 returned 0% blocks executed 0%
    #####:   33:  ~UserTimelineHandler() override = default;
call    0 never executed
call    1 never executed
call    2 never executed
branch  3 never executed
branch  4 never executed
call    5 never executed
        -:   34:
        -:   35:  bool IsRedisReplicationEnabled();
        -:   36:
        -:   37:  void WriteUserTimeline(
        -:   38:      int64_t req_id, int64_t post_id, int64_t user_id, int64_t timestamp,
        -:   39:      const std::map<std::string, std::string> &carrier) override;
        -:   40:
        -:   41:  void ReadUserTimeline(std::vector<Post> &, int64_t, int64_t, int, int,
        -:   42:                        const std::map<std::string, std::string> &) override;
        -:   43:
        -:   44: private:
        -:   45:  Redis *_redis_client_pool;
        -:   46:  Redis *_redis_replica_pool;
        -:   47:  Redis *_redis_primary_pool;
        -:   48:  RedisCluster *_redis_cluster_client_pool;
        -:   49:  mongoc_client_pool_t *_mongodb_client_pool;
        -:   50:  ClientPool<ThriftClient<PostStorageServiceClient>> *_post_client_pool;
        -:   51:};
        -:   52:
function _ZN14social_network19UserTimelineHandlerC2EPN2sw5redis5RedisEP21_mongoc_client_pool_tPNS_10ClientPoolINS_12ThriftClientINS_24PostStorageServiceClientEEEEE called 1 returned 100% blocks executed 100%
        1:   53:UserTimelineHandler::UserTimelineHandler(
        -:   54:    Redis *redis_pool, mongoc_client_pool_t *mongodb_pool,
        1:   55:    ClientPool<ThriftClient<PostStorageServiceClient>> *post_client_pool) {
call    0 returned 100%
        1:   56:  _redis_client_pool = redis_pool;
        1:   57:  _redis_replica_pool = nullptr;
        1:   58:  _redis_primary_pool = nullptr;
        1:   59:  _redis_cluster_client_pool = nullptr;
        1:   60:  _mongodb_client_pool = mongodb_pool;
        1:   61:  _post_client_pool = post_client_pool;
        1:   62:}
        -:   63:
function _ZN14social_network19UserTimelineHandlerC2EPN2sw5redis5RedisES4_P21_mongoc_client_pool_tPNS_10ClientPoolINS_12ThriftClientINS_24PostStorageServiceClientEEEEE called 0 returned 0% blocks executed 0%
    #####:   64:UserTimelineHandler::UserTimelineHandler(
        -:   65:    Redis* redis_replica_pool, Redis* redis_primary_pool, mongoc_client_pool_t* mongodb_pool,
    #####:   66:    ClientPool<ThriftClient<PostStorageServiceClient>>* post_client_pool) {
call    0 never executed
    #####:   67:    _redis_client_pool = nullptr;
    #####:   68:    _redis_replica_pool = redis_replica_pool;
    #####:   69:    _redis_primary_pool = redis_primary_pool;
    #####:   70:    _redis_cluster_client_pool = nullptr;
    #####:   71:    _mongodb_client_pool = mongodb_pool;
    #####:   72:    _post_client_pool = post_client_pool;
    #####:   73:}
        -:   74:
function _ZN14social_network19UserTimelineHandlerC2EPN2sw5redis12RedisClusterEP21_mongoc_client_pool_tPNS_10ClientPoolINS_12ThriftClientINS_24PostStorageServiceClientEEEEE called 0 returned 0% blocks executed 0%
    #####:   75:UserTimelineHandler::UserTimelineHandler(
        -:   76:    RedisCluster *redis_pool, mongoc_client_pool_t *mongodb_pool,
    #####:   77:    ClientPool<ThriftClient<PostStorageServiceClient>> *post_client_pool) {
call    0 never executed
    #####:   78:  _redis_cluster_client_pool = redis_pool;
    #####:   79:  _redis_replica_pool = nullptr;
    #####:   80:  _redis_primary_pool = nullptr;
    #####:   81:  _redis_client_pool = nullptr;
    #####:   82:  _mongodb_client_pool = mongodb_pool;
    #####:   83:  _post_client_pool = post_client_pool;
    #####:   84:}
        -:   85:
function _ZN14social_network19UserTimelineHandler25IsRedisReplicationEnabledEv called 0 returned 0% blocks executed 0%
    #####:   86:bool UserTimelineHandler::IsRedisReplicationEnabled() {
    #####:   87:    return (_redis_primary_pool || _redis_replica_pool);
branch  0 never executed
branch  1 never executed
branch  2 never executed
branch  3 never executed
        -:   88:}
        -:   89:
function _ZN14social_network19UserTimelineHandler17WriteUserTimelineEllllRKSt3mapINSt7__cxx1112basic_stringIcSt11char_traitsIcESaIcEEES7_St4lessIS7_ESaISt4pairIKS7_S7_EEE called 0 returned 0% blocks executed 0%
    #####:   90:void UserTimelineHandler::WriteUserTimeline(
        -:   91:    int64_t req_id, int64_t post_id, int64_t user_id, int64_t timestamp,
        -:   92:    const std::map<std::string, std::string> &carrier) {
        -:   93:  // 记录收到写入请求
    #####:   94:  LOG(info) << "Received WriteUserTimeline request [req_id=" << req_id << ", user_id=" << user_id << ", post_id=" << post_id << ", timestamp=" << timestamp << "]";
call    0 never executed
branch  1 never executed
branch  2 never executed
call    3 never executed
branch  4 never executed
branch  5 never executed
call    6 never executed
branch  7 never executed
branch  8 never executed
call    9 never executed
branch 10 never executed
branch 11 never executed
call   12 never executed
branch 13 never executed
branch 14 never executed
call   15 never executed
call   16 never executed
branch 17 never executed
branch 18 never executed
call   19 never executed
call   20 never executed
branch 21 never executed
branch 22 never executed
call   23 never executed
branch 24 never executed
branch 25 never executed
call   26 never executed
branch 27 never executed
branch 28 never executed
call   29 never executed
branch 30 never executed
branch 31 never executed
call   32 never executed
branch 33 never executed
branch 34 never executed
call   35 never executed
branch 36 never executed
branch 37 never executed
call   38 never executed
branch 39 never executed
branch 40 never executed
call   41 never executed
branch 42 never executed
branch 43 never executed
call   44 never executed
branch 45 never executed
branch 46 never executed
call   47 never executed
branch 48 never executed
branch 49 never executed
call   50 never executed
branch 51 never executed
branch 52 never executed
call   53 never executed
branch 54 never executed
branch 55 never executed
call   56 never executed
branch 57 never executed
branch 58 never executed
call   59 never executed
branch 60 never executed
branch 61 never executed
call   62 never executed
branch 63 never executed
branch 64 never executed
call   65 never executed
branch 66 never executed
branch 67 never executed
call   68 never executed
branch 69 never executed
branch 70 never executed
call   71 never executed
call   72 never executed
call   73 never executed
call   74 never executed
        -:   95:  // Initialize a span
    #####:   96:  TextMapReader reader(carrier);
call    0 never executed
call    1 never executed
call    2 never executed
    #####:   97:  std::map<std::string, std::string> writer_text_map;
call    0 never executed
call    1 never executed
call    2 never executed
    #####:   98:  TextMapWriter writer(writer_text_map);
call    0 never executed
call    1 never executed
call    2 never executed
    #####:   99:  auto parent_span = opentracing::Tracer::Global()->Extract(reader);
call    0 never executed
call    1 never executed
call    2 never executed
branch  3 never executed
branch  4 never executed
call    5 never executed
call    6 never executed
call    7 never executed
    #####:  100:  auto span = opentracing::Tracer::Global()->StartSpan(
call    0 never executed
    #####:  101:      "write_user_timeline_server", {opentracing::ChildOf(parent_span->get())});
call    0 never executed
branch  1 never executed
branch  2 never executed
call    3 never executed
call    4 never executed
call    5 never executed
call    6 never executed
call    7 never executed
call    8 never executed
call    9 never executed
call   10 never executed
call   11 never executed
call   12 never executed
    #####:  102:  opentracing::Tracer::Global()->Inject(span->context(), writer);
call    0 never executed
call    1 never executed
call    2 never executed
call    3 never executed
call    4 never executed
branch  5 never executed
branch  6 never executed
call    7 never executed
call    8 never executed
call    9 never executed
        -:  103:
        -:  104:  mongoc_client_t *mongodb_client =
    #####:  105:      mongoc_client_pool_pop(_mongodb_client_pool);
call    0 never executed
branch  1 never executed
branch  2 never executed
    #####:  106:  if (!mongodb_client) {
branch  0 never executed
branch  1 never executed
    #####:  107:    ServiceException se;
call    0 never executed
call    1 never executed
    #####:  108:    se.errorCode = ErrorCode::SE_MONGODB_ERROR;
    #####:  109:    se.message = "Failed to pop a client from MongoDB pool";
call    0 never executed
branch  1 never executed
branch  2 never executed
    #####:  110:    throw se;
call    0 never executed
call    1 never executed
branch  2 never executed
branch  3 never executed
call    4 never executed
call    5 never executed
        -:  111:  }
        -:  112:  auto collection = mongoc_client_get_collection(
    #####:  113:      mongodb_client, "user-timeline", "user-timeline");
call    0 never executed
branch  1 never executed
branch  2 never executed
    #####:  114:  if (!collection) {
branch  0 never executed
branch  1 never executed
    #####:  115:    ServiceException se;
call    0 never executed
call    1 never executed
    #####:  116:    se.errorCode = ErrorCode::SE_MONGODB_ERROR;
    #####:  117:    se.message = "Failed to create collection user-timeline from MongoDB";
call    0 never executed
branch  1 never executed
branch  2 never executed
    #####:  118:    mongoc_client_pool_push(_mongodb_client_pool, mongodb_client);
call    0 never executed
branch  1 never executed
branch  2 never executed
    #####:  119:    throw se;
call    0 never executed
call    1 never executed
branch  2 never executed
branch  3 never executed
call    4 never executed
call    5 never executed
        -:  120:  }
    #####:  121:  bson_t *query = bson_new();
call    0 never executed
branch  1 never executed
branch  2 never executed
        -:  122:
    #####:  123:  BSON_APPEND_INT64(query, "user_id", user_id);
call    0 never executed
branch  1 never executed
branch  2 never executed
        -:  124:  bson_t *update =
    #####:  125:      BCON_NEW("$push", "{", "posts", "{", "$each", "[", "{", "post_id",
call    0 never executed
call    1 never executed
branch  2 never executed
branch  3 never executed
call    4 never executed
call    5 never executed
branch  6 never executed
branch  7 never executed
call    8 never executed
call    9 never executed
branch 10 never executed
branch 11 never executed
call   12 never executed
branch 13 never executed
branch 14 never executed
        -:  126:               BCON_INT64(post_id), "timestamp", BCON_INT64(timestamp), "}",
        -:  127:               "]", "$position", BCON_INT32(0), "}", "}");
        -:  128:  bson_error_t error;
        -:  129:  bson_t reply;
    #####:  130:  auto update_span = opentracing::Tracer::Global()->StartSpan(
call    0 never executed
        -:  131:      "write_user_timeline_mongo_insert_client",
    #####:  132:      {opentracing::ChildOf(&span->context())});
call    0 never executed
call    1 never executed
call    2 never executed
call    3 never executed
call    4 never executed
call    5 never executed
call    6 never executed
call    7 never executed
call    8 never executed
call    9 never executed
call   10 never executed
        -:  133:  bool updated = mongoc_collection_find_and_modify(collection, query, nullptr,
        -:  134:                                                   update, nullptr, false, true,
    #####:  135:                                                   true, &reply, &error);
call    0 never executed
branch  1 never executed
branch  2 never executed
    #####:  136:  update_span->Finish();
call    0 never executed
call    1 never executed
        -:  137:
    #####:  138:  if (!updated) {
branch  0 never executed
branch  1 never executed
        -:  139:    // update the newly inserted document (upsert: false)
        -:  140:    updated = mongoc_collection_find_and_modify(collection, query, nullptr,
        -:  141:                                                update, nullptr, false, false,
    #####:  142:                                                true, &reply, &error);
call    0 never executed
branch  1 never executed
branch  2 never executed
    #####:  143:    if (!updated) {
branch  0 never executed
branch  1 never executed
    #####:  144:      LOG(error) << "Failed to update user-timeline for user " << user_id
call    0 never executed
branch  1 never executed
branch  2 never executed
call    3 never executed
branch  4 never executed
branch  5 never executed
call    6 never executed
branch  7 never executed
branch  8 never executed
call    9 never executed
branch 10 never executed
branch 11 never executed
call   12 never executed
branch 13 never executed
branch 14 never executed
call   15 never executed
call   16 never executed
branch 17 never executed
branch 18 never executed
call   19 never executed
call   20 never executed
branch 21 never executed
branch 22 never executed
call   23 never executed
branch 24 never executed
branch 25 never executed
call   26 never executed
branch 27 never executed
branch 28 never executed
call   29 never executed
branch 30 never executed
branch 31 never executed
call   32 never executed
branch 33 never executed
branch 34 never executed
call   35 never executed
branch 36 never executed
branch 37 never executed
call   38 never executed
branch 39 never executed
branch 40 never executed
call   41 never executed
branch 42 never executed
branch 43 never executed
call   44 never executed
branch 45 never executed
branch 46 never executed
call   47 never executed
branch 48 never executed
branch 49 never executed
call   50 never executed
call   51 never executed
call   52 never executed
    #####:  145:                 << " to MongoDB: " << error.message;
call    0 never executed
branch  1 never executed
branch  2 never executed
call    3 never executed
branch  4 never executed
branch  5 never executed
    #####:  146:      ServiceException se;
call    0 never executed
call    1 never executed
    #####:  147:      se.errorCode = ErrorCode::SE_MONGODB_ERROR;
    #####:  148:      se.message = error.message;
call    0 never executed
branch  1 never executed
branch  2 never executed
    #####:  149:      bson_destroy(update);
call    0 never executed
branch  1 never executed
branch  2 never executed
    #####:  150:      bson_destroy(query);
call    0 never executed
branch  1 never executed
branch  2 never executed
    #####:  151:      bson_destroy(&reply);
call    0 never executed
branch  1 never executed
branch  2 never executed
    #####:  152:      mongoc_collection_destroy(collection);
call    0 never executed
branch  1 never executed
branch  2 never executed
    #####:  153:      mongoc_client_pool_push(_mongodb_client_pool, mongodb_client);
call    0 never executed
branch  1 never executed
branch  2 never executed
    #####:  154:      throw se;
call    0 never executed
call    1 never executed
branch  2 never executed
branch  3 never executed
call    4 never executed
call    5 never executed
        -:  155:    }
        -:  156:  }
        -:  157:
    #####:  158:  bson_destroy(update);
call    0 never executed
branch  1 never executed
branch  2 never executed
    #####:  159:  bson_destroy(&reply);
call    0 never executed
branch  1 never executed
branch  2 never executed
    #####:  160:  bson_destroy(query);
call    0 never executed
branch  1 never executed
branch  2 never executed
    #####:  161:  mongoc_collection_destroy(collection);
call    0 never executed
branch  1 never executed
branch  2 never executed
    #####:  162:  mongoc_client_pool_push(_mongodb_client_pool, mongodb_client);
call    0 never executed
branch  1 never executed
branch  2 never executed
        -:  163:
        -:  164:  // Update user's timeline in redis
    #####:  165:  auto redis_span = opentracing::Tracer::Global()->StartSpan(
call    0 never executed
        -:  166:      "write_user_timeline_redis_update_client",
    #####:  167:      {opentracing::ChildOf(&span->context())});
call    0 never executed
call    1 never executed
call    2 never executed
call    3 never executed
call    4 never executed
call    5 never executed
call    6 never executed
call    7 never executed
call    8 never executed
call    9 never executed
call   10 never executed
        -:  168:  try {
    #####:  169:    if (_redis_client_pool)
branch  0 never executed
branch  1 never executed
    #####:  170:      _redis_client_pool->zadd(std::to_string(user_id), std::to_string(post_id),
call    0 never executed
branch  1 never executed
branch  2 never executed
call    3 never executed
call    4 never executed
branch  5 never executed
branch  6 never executed
call    7 never executed
call    8 never executed
call    9 never executed
call   10 never executed
call   11 never executed
    #####:  171:                              timestamp, UpdateType::NOT_EXIST);
call    0 never executed
branch  1 never executed
branch  2 never executed
    #####:  172:    else if (IsRedisReplicationEnabled()) {
call    0 never executed
branch  1 never executed
branch  2 never executed
    #####:  173:        _redis_primary_pool->zadd(std::to_string(user_id), std::to_string(post_id),
call    0 never executed
branch  1 never executed
branch  2 never executed
call    3 never executed
call    4 never executed
branch  5 never executed
branch  6 never executed
call    7 never executed
call    8 never executed
call    9 never executed
call   10 never executed
call   11 never executed
    #####:  174:                              timestamp, UpdateType::NOT_EXIST);
call    0 never executed
branch  1 never executed
branch  2 never executed
        -:  175:    }
        -:  176:    else
    #####:  177:      _redis_cluster_client_pool->zadd(std::to_string(user_id), std::to_string(post_id),
call    0 never executed
branch  1 never executed
branch  2 never executed
call    3 never executed
call    4 never executed
branch  5 never executed
branch  6 never executed
call    7 never executed
call    8 never executed
call    9 never executed
call   10 never executed
call   11 never executed
branch 12 never executed
branch 13 never executed
    #####:  178:                              timestamp, UpdateType::NOT_EXIST);
call    0 never executed
branch  1 never executed
branch  2 never executed
        -:  179:
    =====:  180:  } catch (const Error &err) {
call    0 never executed
call    1 never executed
    =====:  181:    LOG(error) << err.what();
call    0 never executed
branch  1 never executed
branch  2 never executed
call    3 never executed
branch  4 never executed
branch  5 never executed
call    6 never executed
branch  7 never executed
branch  8 never executed
call    9 never executed
branch 10 never executed
branch 11 never executed
call   12 never executed
call   13 never executed
branch 14 never executed
branch 15 never executed
call   16 never executed
call   17 never executed
branch 18 never executed
branch 19 never executed
call   20 never executed
call   21 never executed
branch 22 never executed
branch 23 never executed
call   24 never executed
branch 25 never executed
branch 26 never executed
call   27 never executed
branch 28 never executed
branch 29 never executed
call   30 never executed
branch 31 never executed
branch 32 never executed
call   33 never executed
branch 34 never executed
branch 35 never executed
call   36 never executed
branch 37 never executed
branch 38 never executed
call   39 never executed
branch 40 never executed
branch 41 never executed
call   42 never executed
branch 43 never executed
branch 44 never executed
call   45 never executed
branch 46 never executed
branch 47 never executed
call   48 never executed
call   49 never executed
call   50 never executed
    =====:  182:    throw err;
call    0 never executed
call    1 never executed
branch  2 never executed
branch  3 never executed
call    4 never executed
call    5 never executed
        -:  183:  }
    #####:  184:  redis_span->Finish();
call    0 never executed
call    1 never executed
    #####:  185:  span->Finish();
call    0 never executed
call    1 never executed
        -:  186:  // 写入完成日志
    #####:  187:  LOG(info) << "WriteUserTimeline completed [req_id=" << req_id << ", user_id=" << user_id << ", post_id=" << post_id << "]";
call    0 never executed
branch  1 never executed
branch  2 never executed
call    3 never executed
branch  4 never executed
branch  5 never executed
call    6 never executed
branch  7 never executed
branch  8 never executed
call    9 never executed
branch 10 never executed
branch 11 never executed
call   12 never executed
branch 13 never executed
branch 14 never executed
call   15 never executed
call   16 never executed
branch 17 never executed
branch 18 never executed
call   19 never executed
call   20 never executed
branch 21 never executed
branch 22 never executed
call   23 never executed
branch 24 never executed
branch 25 never executed
call   26 never executed
branch 27 never executed
branch 28 never executed
call   29 never executed
branch 30 never executed
branch 31 never executed
call   32 never executed
branch 33 never executed
branch 34 never executed
call   35 never executed
branch 36 never executed
branch 37 never executed
call   38 never executed
branch 39 never executed
branch 40 never executed
call   41 never executed
branch 42 never executed
branch 43 never executed
call   44 never executed
branch 45 never executed
branch 46 never executed
call   47 never executed
branch 48 never executed
branch 49 never executed
call   50 never executed
branch 51 never executed
branch 52 never executed
call   53 never executed
branch 54 never executed
branch 55 never executed
call   56 never executed
branch 57 never executed
branch 58 never executed
call   59 never executed
branch 60 never executed
branch 61 never executed
call   62 never executed
branch 63 never executed
branch 64 never executed
call   65 never executed
call   66 never executed
call   67 never executed
    #####:  188:}
        -:  189:
function _ZN14social_network19UserTimelineHandler16ReadUserTimelineERSt6vectorINS_4PostESaIS2_EElliiRKSt3mapINSt7__cxx1112basic_stringIcSt11char_traitsIcESaIcEEESC_St4lessISC_ESaISt4pairIKSC_SC_EEE called 800 returned 100% blocks executed 35%
      800:  190:void UserTimelineHandler::ReadUserTimeline(
        -:  191:    std::vector<Post> &_return, int64_t req_id, int64_t user_id, int start,
        -:  192:    int stop, const std::map<std::string, std::string> &carrier) {
        -:  193:  // 记录收到读取请求
     1600:  194:  LOG(info) << "Received ReadUserTimeline request [req_id=" << req_id << ", user_id=" << user_id << ", start=" << start << ", stop=" << stop << "]";
call    0 returned 100%
branch  1 taken 100% (fallthrough)
branch  2 taken 0% (throw)
call    3 returned 100%
branch  4 taken 100% (fallthrough)
branch  5 taken 0% (throw)
call    6 returned 100%
branch  7 taken 100% (fallthrough)
branch  8 taken 0% (throw)
call    9 returned 100%
branch 10 taken 50% (fallthrough)
branch 11 taken 50%
call   12 returned 100%
branch 13 taken 100% (fallthrough)
branch 14 taken 0%
call   15 returned 100%
call   16 returned 100%
branch 17 taken 100% (fallthrough)
branch 18 taken 0% (throw)
call   19 returned 100%
call   20 returned 100%
branch 21 taken 100% (fallthrough)
branch 22 taken 0% (throw)
call   23 returned 100%
branch 24 taken 100% (fallthrough)
branch 25 taken 0% (throw)
call   26 returned 100%
branch 27 taken 100% (fallthrough)
branch 28 taken 0% (throw)
call   29 returned 100%
branch 30 taken 100% (fallthrough)
branch 31 taken 0% (throw)
call   32 returned 100%
branch 33 taken 100% (fallthrough)
branch 34 taken 0% (throw)
call   35 returned 100%
branch 36 taken 100% (fallthrough)
branch 37 taken 0% (throw)
call   38 returned 100%
branch 39 taken 100% (fallthrough)
branch 40 taken 0% (throw)
call   41 returned 100%
branch 42 taken 100% (fallthrough)
branch 43 taken 0% (throw)
call   44 returned 100%
branch 45 taken 100% (fallthrough)
branch 46 taken 0% (throw)
call   47 returned 100%
branch 48 taken 100% (fallthrough)
branch 49 taken 0% (throw)
call   50 returned 100%
branch 51 taken 100% (fallthrough)
branch 52 taken 0% (throw)
call   53 returned 100%
branch 54 taken 100% (fallthrough)
branch 55 taken 0% (throw)
call   56 returned 100%
branch 57 taken 100% (fallthrough)
branch 58 taken 0% (throw)
call   59 returned 100%
branch 60 taken 100% (fallthrough)
branch 61 taken 0% (throw)
call   62 returned 100%
branch 63 taken 100% (fallthrough)
branch 64 taken 0% (throw)
call   65 returned 100%
branch 66 taken 100% (fallthrough)
branch 67 taken 0% (throw)
call   68 returned 100%
branch 69 taken 100% (fallthrough)
branch 70 taken 0% (throw)
call   71 returned 100%
call   72 never executed
call   73 never executed
call   74 never executed
        -:  195:  // Initialize a span
     1200:  196:  TextMapReader reader(carrier);
call    0 returned 100%
call    1 never executed
     1200:  197:  std::map<std::string, std::string> writer_text_map;
call    0 returned 100%
call    1 returned 100%
branch  2 taken 50%
branch  3 taken 50%
call    4 never executed
     1200:  198:  TextMapWriter writer(writer_text_map);
call    0 returned 100%
call    1 returned 100%
branch  2 taken 50%
branch  3 taken 50%
call    4 never executed
     1200:  199:  auto parent_span = opentracing::Tracer::Global()->Extract(reader);
call    0 returned 100%
call    1 returned 100%
call    2 returned 100%
branch  3 taken 100% (fallthrough)
branch  4 taken 0% (throw)
call    5 returned 100%
call    6 returned 100%
branch  7 taken 50%
branch  8 taken 50%
call    9 never executed
     1600:  200:  auto span = opentracing::Tracer::Global()->StartSpan(
call    0 returned 100%
     2800:  201:      "read_user_timeline_server", {opentracing::ChildOf(parent_span->get())});
call    0 returned 100%
branch  1 taken 100% (fallthrough)
branch  2 taken 0% (throw)
call    3 returned 100%
call    4 returned 100%
call    5 returned 100%
call    6 returned 100%
call    7 returned 100%
call    8 returned 100%
call    9 returned 100%
call   10 returned 100%
call   11 returned 100%
branch 12 taken 50%
branch 13 taken 50%
call   14 never executed
      800:  202:  opentracing::Tracer::Global()->Inject(span->context(), writer);
call    0 returned 100%
call    1 returned 100%
call    2 returned 100%
call    3 returned 100%
call    4 returned 100%
branch  5 taken 100% (fallthrough)
branch  6 taken 0% (throw)
call    7 returned 100%
call    8 returned 100%
call    9 never executed
        -:  203:
      800:  204:  if (stop <= start || start < 0) {
branch  0 taken 75% (fallthrough)
branch  1 taken 25%
branch  2 taken 33% (fallthrough)
branch  3 taken 67%
      400:  205:    return;
        -:  206:  }
        -:  207:
      800:  208:  auto redis_span = opentracing::Tracer::Global()->StartSpan(
call    0 returned 100%
        -:  209:      "read_user_timeline_redis_find_client",
     1600:  210:      {opentracing::ChildOf(&span->context())});
call    0 returned 100%
call    1 returned 100%
call    2 returned 100%
call    3 returned 100%
call    4 returned 100%
call    5 returned 100%
call    6 returned 100%
call    7 returned 100%
call    8 returned 100%
call    9 returned 100%
call   10 returned 100%
branch 11 taken 50%
branch 12 taken 50%
call   13 never executed
        -:  211:
      800:  212:  std::vector<std::string> post_ids_str;
call    0 returned 100%
call    1 returned 100%
call    2 never executed
        -:  213:  try {
      400:  214:    if (_redis_client_pool)
branch  0 taken 100% (fallthrough)
branch  1 taken 0%
      800:  215:      _redis_client_pool->zrevrange(std::to_string(user_id), start, stop - 1,
call    0 returned 100%
branch  1 taken 100% (fallthrough)
branch  2 taken 0% (throw)
call    3 returned 100%
branch  4 taken 100% (fallthrough)
branch  5 taken 0% (throw)
call    6 returned 100%
call    7 returned 100%
call    8 never executed
      400:  216:                                  std::back_inserter(post_ids_str));
call    0 returned 100%
branch  1 taken 100% (fallthrough)
branch  2 taken 0% (throw)
    #####:  217:    else if (IsRedisReplicationEnabled()) {
call    0 never executed
branch  1 never executed
branch  2 never executed
    #####:  218:        _redis_replica_pool->zrevrange(std::to_string(user_id), start, stop - 1,
call    0 never executed
branch  1 never executed
branch  2 never executed
call    3 never executed
branch  4 never executed
branch  5 never executed
call    6 never executed
call    7 never executed
call    8 never executed
    #####:  219:            std::back_inserter(post_ids_str));
call    0 never executed
branch  1 never executed
branch  2 never executed
        -:  220:    }
        -:  221:    else
    #####:  222:      _redis_cluster_client_pool->zrevrange(std::to_string(user_id), start, stop - 1,
call    0 never executed
branch  1 never executed
branch  2 never executed
call    3 never executed
branch  4 never executed
branch  5 never executed
call    6 never executed
call    7 never executed
call    8 never executed
branch  9 never executed
branch 10 never executed
    #####:  223:                                  std::back_inserter(post_ids_str));
call    0 never executed
branch  1 never executed
branch  2 never executed
    =====:  224:  } catch (const Error &err) {
call    0 never executed
call    1 never executed
    =====:  225:    LOG(error) << err.what();
call    0 never executed
branch  1 never executed
branch  2 never executed
call    3 never executed
branch  4 never executed
branch  5 never executed
call    6 never executed
branch  7 never executed
branch  8 never executed
call    9 never executed
branch 10 never executed
branch 11 never executed
call   12 never executed
call   13 never executed
branch 14 never executed
branch 15 never executed
call   16 never executed
call   17 never executed
branch 18 never executed
branch 19 never executed
call   20 never executed
call   21 never executed
branch 22 never executed
branch 23 never executed
call   24 never executed
branch 25 never executed
branch 26 never executed
call   27 never executed
branch 28 never executed
branch 29 never executed
call   30 never executed
branch 31 never executed
branch 32 never executed
call   33 never executed
branch 34 never executed
branch 35 never executed
call   36 never executed
branch 37 never executed
branch 38 never executed
call   39 never executed
branch 40 never executed
branch 41 never executed
call   42 never executed
branch 43 never executed
branch 44 never executed
call   45 never executed
branch 46 never executed
branch 47 never executed
call   48 never executed
call   49 never executed
call   50 never executed
    =====:  226:    throw err;
call    0 never executed
call    1 never executed
branch  2 never executed
branch  3 never executed
call    4 never executed
call    5 never executed
        -:  227:  }
      400:  228:  redis_span->Finish();
call    0 returned 100%
call    1 returned 100%
        -:  229:
      800:  230:  std::vector<int64_t> post_ids;
call    0 returned 100%
call    1 returned 100%
call    2 never executed
      400:  231:  for (auto &post_id_str : post_ids_str) {
call    0 returned 100%
call    1 returned 100%
call    2 returned 100%
branch  3 taken 0% (fallthrough)
branch  4 taken 100%
call    5 never executed
call    6 never executed
    #####:  232:    post_ids.emplace_back(std::stoul(post_id_str));
call    0 never executed
branch  1 never executed
branch  2 never executed
call    3 never executed
branch  4 never executed
branch  5 never executed
        -:  233:  }
        -:  234:
        -:  235:  // find in mongodb
      400:  236:  int mongo_start = start + post_ids.size();
call    0 returned 100%
      800:  237:  std::unordered_map<std::string, double> redis_update_map;
call    0 returned 100%
call    1 returned 100%
call    2 never executed
      400:  238:  if (mongo_start < stop) {
branch  0 taken 100% (fallthrough)
branch  1 taken 0%
        -:  239:    // Instead find post_ids from mongodb
        -:  240:    mongoc_client_t *mongodb_client =
      400:  241:        mongoc_client_pool_pop(_mongodb_client_pool);
call    0 returned 100%
branch  1 taken 100% (fallthrough)
branch  2 taken 0% (throw)
      400:  242:    if (!mongodb_client) {
branch  0 taken 0% (fallthrough)
branch  1 taken 100%
    #####:  243:      ServiceException se;
call    0 never executed
call    1 never executed
    #####:  244:      se.errorCode = ErrorCode::SE_MONGODB_ERROR;
    #####:  245:      se.message = "Failed to pop a client from MongoDB pool";
call    0 never executed
branch  1 never executed
branch  2 never executed
    #####:  246:      throw se;
call    0 never executed
call    1 never executed
branch  2 never executed
branch  3 never executed
call    4 never executed
call    5 never executed
        -:  247:    }
        -:  248:    auto collection = mongoc_client_get_collection(
      400:  249:        mongodb_client, "user-timeline", "user-timeline");
call    0 returned 100%
branch  1 taken 100% (fallthrough)
branch  2 taken 0% (throw)
      400:  250:    if (!collection) {
branch  0 taken 0% (fallthrough)
branch  1 taken 100%
    #####:  251:      ServiceException se;
call    0 never executed
call    1 never executed
    #####:  252:      se.errorCode = ErrorCode::SE_MONGODB_ERROR;
    #####:  253:      se.message = "Failed to create collection user-timeline from MongoDB";
call    0 never executed
branch  1 never executed
branch  2 never executed
    #####:  254:      throw se;
call    0 never executed
call    1 never executed
branch  2 never executed
branch  3 never executed
call    4 never executed
call    5 never executed
        -:  255:    }
        -:  256:
      400:  257:    bson_t *query = BCON_NEW("user_id", BCON_INT64(user_id));
call    0 returned 100%
call    1 returned 100%
branch  2 taken 100% (fallthrough)
branch  3 taken 0% (throw)
call    4 returned 100%
branch  5 taken 100% (fallthrough)
branch  6 taken 0% (throw)
      400:  258:    bson_t *opts = BCON_NEW("projection", "{", "posts", "{", "$slice", "[",
call    0 returned 100%
call    1 returned 100%
branch  2 taken 100% (fallthrough)
branch  3 taken 0% (throw)
call    4 returned 100%
call    5 returned 100%
branch  6 taken 100% (fallthrough)
branch  7 taken 0% (throw)
call    8 returned 100%
branch  9 taken 100% (fallthrough)
branch 10 taken 0% (throw)
        -:  259:                            BCON_INT32(0), BCON_INT32(stop), "]", "}", "}");
        -:  260:
      800:  261:    auto find_span = opentracing::Tracer::Global()->StartSpan(
call    0 returned 100%
        -:  262:        "user_timeline_mongo_find_client",
     1600:  263:        {opentracing::ChildOf(&span->context())});
call    0 returned 100%
call    1 returned 100%
call    2 returned 100%
call    3 returned 100%
call    4 returned 100%
call    5 returned 100%
call    6 returned 100%
call    7 returned 100%
call    8 returned 100%
call    9 returned 100%
call   10 never executed
        -:  264:    mongoc_cursor_t *cursor =
      400:  265:        mongoc_collection_find_with_opts(collection, query, opts, nullptr);
call    0 returned 100%
branch  1 taken 100% (fallthrough)
branch  2 taken 0% (throw)
      400:  266:    find_span->Finish();
call    0 returned 100%
call    1 returned 100%
        -:  267:    const bson_t *doc;
      400:  268:    bool found = mongoc_cursor_next(cursor, &doc);
call    0 returned 100%
branch  1 taken 100% (fallthrough)
branch  2 taken 0% (throw)
      400:  269:    if (found) {
branch  0 taken 0% (fallthrough)
branch  1 taken 100%
        -:  270:      bson_iter_t iter_0;
        -:  271:      bson_iter_t iter_1;
        -:  272:      bson_iter_t post_id_child;
        -:  273:      bson_iter_t timestamp_child;
    #####:  274:      int idx = 0;
    #####:  275:      bson_iter_init(&iter_0, doc);
call    0 never executed
branch  1 never executed
branch  2 never executed
    #####:  276:      bson_iter_init(&iter_1, doc);
call    0 never executed
branch  1 never executed
branch  2 never executed
    #####:  277:      while (bson_iter_find_descendant(
call    0 never executed
call    1 never executed
branch  2 never executed
branch  3 never executed
branch  4 never executed
branch  5 never executed
    #####:  278:                 &iter_0, ("posts." + std::to_string(idx) + ".post_id").c_str(),
call    0 never executed
branch  1 never executed
branch  2 never executed
call    3 never executed
branch  4 never executed
branch  5 never executed
call    6 never executed
branch  7 never executed
branch  8 never executed
branch  9 never executed
branch 10 never executed
call   11 never executed
branch 12 never executed
branch 13 never executed
call   14 never executed
branch 15 never executed
branch 16 never executed
call   17 never executed
branch 18 never executed
branch 19 never executed
call   20 never executed
branch 21 never executed
branch 22 never executed
call   23 never executed
branch 24 never executed
branch 25 never executed
call   26 never executed
    #####:  279:                 &post_id_child) &&
branch  0 never executed
branch  1 never executed
    #####:  280:             BSON_ITER_HOLDS_INT64(&post_id_child) &&
call    0 never executed
branch  1 never executed
branch  2 never executed
branch  3 never executed
branch  4 never executed
    #####:  281:             bson_iter_find_descendant(
call    0 never executed
call    1 never executed
branch  2 never executed
branch  3 never executed
        -:  282:                 &iter_1,
    #####:  283:                 ("posts." + std::to_string(idx) + ".timestamp").c_str(),
call    0 never executed
branch  1 never executed
branch  2 never executed
call    3 never executed
branch  4 never executed
branch  5 never executed
call    6 never executed
branch  7 never executed
branch  8 never executed
branch  9 never executed
branch 10 never executed
call   11 never executed
branch 12 never executed
branch 13 never executed
call   14 never executed
branch 15 never executed
branch 16 never executed
call   17 never executed
branch 18 never executed
branch 19 never executed
call   20 never executed
branch 21 never executed
branch 22 never executed
call   23 never executed
branch 24 never executed
branch 25 never executed
call   26 never executed
    #####:  284:                 &timestamp_child) &&
branch  0 never executed
branch  1 never executed
branch  2 never executed
branch  3 never executed
    #####:  285:             BSON_ITER_HOLDS_INT64(&timestamp_child)) {
call    0 never executed
branch  1 never executed
branch  2 never executed
    #####:  286:        auto curr_post_id = bson_iter_int64(&post_id_child);
call    0 never executed
branch  1 never executed
branch  2 never executed
    #####:  287:        auto curr_timestamp = bson_iter_int64(&timestamp_child);
call    0 never executed
branch  1 never executed
branch  2 never executed
    #####:  288:        if (idx >= mongo_start) {
branch  0 never executed
branch  1 never executed
        -:  289:          //In mixed workload condition, post may composed between redis and mongo read
        -:  290:          //mongodb index will shift and duplicate post_id occurs
    #####:  291:          if ( std::find(post_ids.begin(), post_ids.end(), curr_post_id) == post_ids.end() ) {
call    0 never executed
call    1 never executed
call    2 never executed
call    3 never executed
branch  4 never executed
branch  5 never executed
call    6 never executed
branch  7 never executed
branch  8 never executed
    #####:  292:            post_ids.emplace_back(curr_post_id);
call    0 never executed
branch  1 never executed
branch  2 never executed
        -:  293:          }
        -:  294:        }
    #####:  295:        redis_update_map.insert(std::make_pair(std::to_string(curr_post_id),
call    0 never executed
branch  1 never executed
branch  2 never executed
call    3 never executed
call    4 never executed
call    5 never executed
call    6 never executed
call    7 never executed
    #####:  296:                                               (double)curr_timestamp));
call    0 never executed
branch  1 never executed
branch  2 never executed
    #####:  297:        bson_iter_init(&iter_0, doc);
call    0 never executed
branch  1 never executed
branch  2 never executed
    #####:  298:        bson_iter_init(&iter_1, doc);
call    0 never executed
branch  1 never executed
branch  2 never executed
    #####:  299:        idx++;
        -:  300:      }
        -:  301:    }
      400:  302:    bson_destroy(opts);
call    0 returned 100%
branch  1 taken 100% (fallthrough)
branch  2 taken 0% (throw)
      400:  303:    bson_destroy(query);
call    0 returned 100%
branch  1 taken 100% (fallthrough)
branch  2 taken 0% (throw)
      400:  304:    mongoc_cursor_destroy(cursor);
call    0 returned 100%
branch  1 taken 100% (fallthrough)
branch  2 taken 0% (throw)
      400:  305:    mongoc_collection_destroy(collection);
call    0 returned 100%
branch  1 taken 100% (fallthrough)
branch  2 taken 0% (throw)
      400:  306:    mongoc_client_pool_push(_mongodb_client_pool, mongodb_client);
call    0 returned 100%
branch  1 taken 100% (fallthrough)
branch  2 taken 0% (throw)
        -:  307:  }
        -:  308:
        -:  309:  std::future<std::vector<Post>> post_future =
function _ZZN14social_network19UserTimelineHandler16ReadUserTimelineERSt6vectorINS_4PostESaIS2_EElliiRKSt3mapINSt7__cxx1112basic_stringIcSt11char_traitsIcESaIcEEESC_St4lessISC_ESaISt4pairIKSC_SC_EEEENKUlvE_clEv called 400 returned 100% blocks executed 16%
      400:  310:      std::async(std::launch::async, [&]() {
      800:  311:        auto post_client_wrapper = _post_client_pool->Pop();
call    0 returned 100%
      400:  312:        if (!post_client_wrapper) {
branch  0 taken 0% (fallthrough)
branch  1 taken 100%
    #####:  313:          ServiceException se;
call    0 never executed
call    1 never executed
call    2 never executed
    #####:  314:          se.errorCode = ErrorCode::SE_THRIFT_CONN_ERROR;
    #####:  315:          se.message = "Failed to connect to post-storage-service";
call    0 never executed
branch  1 never executed
branch  2 never executed
    #####:  316:          throw se;
call    0 never executed
call    1 never executed
branch  2 never executed
branch  3 never executed
call    4 never executed
call    5 never executed
        -:  317:        }
      400:  318:        std::vector<Post> _return_posts;
call    0 returned 100%
      400:  319:        auto post_client = post_client_wrapper->GetClient();
call    0 returned 100%
        -:  320:        try {
      400:  321:          post_client->ReadPosts(_return_posts, req_id, post_ids,
      800:  322:                                 writer_text_map);
call    0 returned 100%
branch  1 taken 100% (fallthrough)
branch  2 taken 0% (throw)
    =====:  323:        } catch (...) {
call    0 never executed
call    1 never executed
call    2 never executed
    =====:  324:          _post_client_pool->Remove(post_client_wrapper);
call    0 never executed
branch  1 never executed
branch  2 never executed
    =====:  325:          LOG(error) << "Failed to read posts from post-storage-service";
call    0 never executed
branch  1 never executed
branch  2 never executed
call    3 never executed
branch  4 never executed
branch  5 never executed
call    6 never executed
branch  7 never executed
branch  8 never executed
call    9 never executed
branch 10 never executed
branch 11 never executed
call   12 never executed
branch 13 never executed
branch 14 never executed
call   15 never executed
call   16 never executed
branch 17 never executed
branch 18 never executed
call   19 never executed
call   20 never executed
branch 21 never executed
branch 22 never executed
call   23 never executed
branch 24 never executed
branch 25 never executed
call   26 never executed
branch 27 never executed
branch 28 never executed
call   29 never executed
branch 30 never executed
branch 31 never executed
call   32 never executed
branch 33 never executed
branch 34 never executed
call   35 never executed
branch 36 never executed
branch 37 never executed
call   38 never executed
branch 39 never executed
branch 40 never executed
call   41 never executed
branch 42 never executed
branch 43 never executed
call   44 never executed
branch 45 never executed
branch 46 never executed
call   47 never executed
call   48 never executed
call   49 never executed
    =====:  326:          throw;
call    0 never executed
        -:  327:        }
      400:  328:        _post_client_pool->Keepalive(post_client_wrapper);
call    0 returned 100%
branch  1 taken 100% (fallthrough)
branch  2 taken 0% (throw)
      400:  329:        return _return_posts;
      800:  330:      });
call    0 returned 100%
branch  1 taken 100% (fallthrough)
branch  2 taken 0% (throw)
call    3 returned 100%
call    4 never executed
        -:  331:
      400:  332:  if (redis_update_map.size() > 0) {
call    0 returned 100%
branch  1 taken 0% (fallthrough)
branch  2 taken 100%
    #####:  333:    auto redis_update_span = opentracing::Tracer::Global()->StartSpan(
call    0 never executed
        -:  334:        "user_timeline_redis_update_client",
    #####:  335:        {opentracing::ChildOf(&span->context())});
call    0 never executed
call    1 never executed
call    2 never executed
call    3 never executed
call    4 never executed
call    5 never executed
call    6 never executed
call    7 never executed
call    8 never executed
call    9 never executed
call   10 never executed
        -:  336:    try {
    #####:  337:      if (_redis_client_pool)
branch  0 never executed
branch  1 never executed
    #####:  338:        _redis_client_pool->zadd(std::to_string(user_id),
call    0 never executed
call    1 never executed
call    2 never executed
branch  3 never executed
branch  4 never executed
call    5 never executed
call    6 never executed
call    7 never executed
        -:  339:                               redis_update_map.begin(),
    #####:  340:                               redis_update_map.end());
call    0 never executed
branch  1 never executed
branch  2 never executed
    #####:  341:      else if (IsRedisReplicationEnabled()) {
call    0 never executed
branch  1 never executed
branch  2 never executed
    #####:  342:          _redis_primary_pool->zadd(std::to_string(user_id),
call    0 never executed
call    1 never executed
call    2 never executed
branch  3 never executed
branch  4 never executed
call    5 never executed
call    6 never executed
call    7 never executed
        -:  343:              redis_update_map.begin(),
    #####:  344:              redis_update_map.end());
call    0 never executed
branch  1 never executed
branch  2 never executed
        -:  345:      }
        -:  346:      else
    #####:  347:        _redis_cluster_client_pool->zadd(std::to_string(user_id),
call    0 never executed
call    1 never executed
call    2 never executed
branch  3 never executed
branch  4 never executed
call    5 never executed
call    6 never executed
call    7 never executed
branch  8 never executed
branch  9 never executed
        -:  348:                               redis_update_map.begin(),
    #####:  349:                               redis_update_map.end());
call    0 never executed
branch  1 never executed
branch  2 never executed
        -:  350:
    =====:  351:    } catch (const Error &err) {
call    0 never executed
call    1 never executed
    =====:  352:      LOG(error) << err.what();
call    0 never executed
branch  1 never executed
branch  2 never executed
call    3 never executed
branch  4 never executed
branch  5 never executed
call    6 never executed
branch  7 never executed
branch  8 never executed
call    9 never executed
branch 10 never executed
branch 11 never executed
call   12 never executed
call   13 never executed
branch 14 never executed
branch 15 never executed
call   16 never executed
call   17 never executed
branch 18 never executed
branch 19 never executed
call   20 never executed
call   21 never executed
branch 22 never executed
branch 23 never executed
call   24 never executed
branch 25 never executed
branch 26 never executed
call   27 never executed
branch 28 never executed
branch 29 never executed
call   30 never executed
branch 31 never executed
branch 32 never executed
call   33 never executed
branch 34 never executed
branch 35 never executed
call   36 never executed
branch 37 never executed
branch 38 never executed
call   39 never executed
branch 40 never executed
branch 41 never executed
call   42 never executed
branch 43 never executed
branch 44 never executed
call   45 never executed
branch 46 never executed
branch 47 never executed
call   48 never executed
call   49 never executed
call   50 never executed
    =====:  353:      throw err;
call    0 never executed
call    1 never executed
branch  2 never executed
branch  3 never executed
call    4 never executed
call    5 never executed
        -:  354:    }
    #####:  355:    redis_update_span->Finish();
call    0 never executed
call    1 never executed
        -:  356:  }
        -:  357:
        -:  358:  try {
      400:  359:    _return = post_future.get();
call    0 returned 100%
branch  1 taken 100% (fallthrough)
branch  2 taken 0% (throw)
call    3 returned 100%
call    4 returned 100%
    =====:  360:  } catch (...) {
call    0 never executed
call    1 never executed
    =====:  361:    LOG(error) << "Failed to get post from post-storage-service";
call    0 never executed
branch  1 never executed
branch  2 never executed
call    3 never executed
branch  4 never executed
branch  5 never executed
call    6 never executed
branch  7 never executed
branch  8 never executed
call    9 never executed
branch 10 never executed
branch 11 never executed
call   12 never executed
branch 13 never executed
branch 14 never executed
call   15 never executed
call   16 never executed
branch 17 never executed
branch 18 never executed
call   19 never executed
call   20 never executed
branch 21 never executed
branch 22 never executed
call   23 never executed
branch 24 never executed
branch 25 never executed
call   26 never executed
branch 27 never executed
branch 28 never executed
call   29 never executed
branch 30 never executed
branch 31 never executed
call   32 never executed
branch 33 never executed
branch 34 never executed
call   35 never executed
branch 36 never executed
branch 37 never executed
call   38 never executed
branch 39 never executed
branch 40 never executed
call   41 never executed
branch 42 never executed
branch 43 never executed
call   44 never executed
branch 45 never executed
branch 46 never executed
call   47 never executed
call   48 never executed
call   49 never executed
    =====:  362:    throw;
call    0 never executed
        -:  363:  }
      400:  364:  span->Finish();
call    0 returned 100%
call    1 returned 100%
        -:  365:  // 读取完成日志
      800:  366:  LOG(info) << "ReadUserTimeline completed [req_id=" << req_id << ", user_id=" << user_id << ", return count=" << _return.size() << "]";
call    0 returned 100%
branch  1 taken 100% (fallthrough)
branch  2 taken 0% (throw)
call    3 returned 100%
branch  4 taken 100% (fallthrough)
branch  5 taken 0% (throw)
call    6 returned 100%
branch  7 taken 100% (fallthrough)
branch  8 taken 0% (throw)
call    9 returned 100%
branch 10 taken 50% (fallthrough)
branch 11 taken 50%
call   12 returned 100%
call   13 returned 100%
branch 14 taken 100% (fallthrough)
branch 15 taken 0%
call   16 returned 100%
call   17 returned 100%
branch 18 taken 100% (fallthrough)
branch 19 taken 0% (throw)
call   20 returned 100%
call   21 returned 100%
branch 22 taken 100% (fallthrough)
branch 23 taken 0% (throw)
call   24 returned 100%
branch 25 taken 100% (fallthrough)
branch 26 taken 0% (throw)
call   27 returned 100%
branch 28 taken 100% (fallthrough)
branch 29 taken 0% (throw)
call   30 returned 100%
branch 31 taken 100% (fallthrough)
branch 32 taken 0% (throw)
call   33 returned 100%
branch 34 taken 100% (fallthrough)
branch 35 taken 0% (throw)
call   36 returned 100%
branch 37 taken 100% (fallthrough)
branch 38 taken 0% (throw)
call   39 returned 100%
branch 40 taken 100% (fallthrough)
branch 41 taken 0% (throw)
call   42 returned 100%
branch 43 taken 100% (fallthrough)
branch 44 taken 0% (throw)
call   45 returned 100%
branch 46 taken 100% (fallthrough)
branch 47 taken 0% (throw)
call   48 returned 100%
branch 49 taken 100% (fallthrough)
branch 50 taken 0% (throw)
call   51 returned 100%
branch 52 taken 100% (fallthrough)
branch 53 taken 0% (throw)
call   54 returned 100%
branch 55 taken 100% (fallthrough)
branch 56 taken 0% (throw)
call   57 returned 100%
branch 58 taken 100% (fallthrough)
branch 59 taken 0% (throw)
call   60 returned 100%
branch 61 taken 100% (fallthrough)
branch 62 taken 0% (throw)
call   63 returned 100%
branch 64 taken 100% (fallthrough)
branch 65 taken 0% (throw)
call   66 returned 100%
call   67 never executed
call   68 never executed
        -:  367:}
        -:  368:
        -:  369:}  // namespace social_network
        -:  370:
        -:  371:#endif  // SOCIAL_NETWORK_MICROSERVICES_SRC_USERTIMELINESERVICE_USERTIMELINEHANDLER_H_
