------------------------------------------------------------------------------
                           GCC Code Coverage Report
Directory: /social-network-microservices/src
------------------------------------------------------------------------------
File                                       Lines    Exec  Cover   Missing
------------------------------------------------------------------------------
PostStorageService/PostStorageHandler.h      433      62    14%   24,65-68,74-78,101,103-107,115,117-122,130,132-136,149-156,169,173-183,187-192,197-198,200-213,215-241,245-250,254-265,267,269,271-273,275-284,286-292,294-295,298-329,333-340,342-344,347-361,382-390,393-398,403-411,414-422,430-433,436-451,453-496,498-503,506-514,518,521-529,531,534-573,575-592,595-607,609-616,618-619,624-632,636-637,644 [* 621-622,639-640]
PostStorageService/PostStorageService.cpp
                                              46      33    71%   24-31,36,46,62,67-68,74-75
logger.h                                       9       9   100%   
tracing.h                                     26      23    88%    [* 75-78]
utils.h                                        9       7    77%   23-24
utils_memcached.h                             12      12   100%   
utils_mongodb.h                               37      27    72%   29-33,36-40,76
utils_thrift.h                                14       4    28%   19-33
------------------------------------------------------------------------------
TOTAL                                        586     177    30%
------------------------------------------------------------------------------
