------------------------------------------------------------------------------
                           GCC Code Coverage Report
Directory: /social-network-microservices/src
------------------------------------------------------------------------------
File                                       Lines    Exec  Cover   Missing
------------------------------------------------------------------------------
UserMentionService/UserMentionHandler.h      142       5     3%   21,39,44-51,53-61,66-71,76-87,89-99,108,110-122,124-129,131-152,154-159,163-172,176,179-189,191,193,196,198-200,202-213,215-243
UserMentionService/UserMentionService.cpp
                                              34      25    73%   25-32,37,47,63
logger.h                                       9       9   100%   
tracing.h                                     26       9    34%   20,22-25,28-32,39,41-46 [* 75-78]
utils.h                                        9       7    77%   23-24
utils_memcached.h                             12      12   100%   
utils_mongodb.h                               37      13    35%   29-33,36-40,49,62-66,72,74-83
utils_thrift.h                                14       4    28%   19-33
------------------------------------------------------------------------------
TOTAL                                        283      84    29%
------------------------------------------------------------------------------
