------------------------------------------------------------------------------
                           GCC Code Coverage Report
Directory: /social-network-microservices/src
------------------------------------------------------------------------------
File                                       Lines    Exec  Cover   Missing
------------------------------------------------------------------------------
MediaService/MediaHandler.h                   28      19    67%   20,50-51,53-54,61-64
MediaService/MediaService.cpp                 20      17    85%   19,23,32
logger.h                                       9       9   100%   
tracing.h                                     26      23    88%    [* 75-78]
utils.h                                        9       7    77%   23-24
utils_thrift.h                                14       4    28%   19-33
------------------------------------------------------------------------------
TOTAL                                        106      79    74%
------------------------------------------------------------------------------
