------------------------------------------------------------------------------
                           GCC Code Coverage Report
Directory: /social-network-microservices/src
------------------------------------------------------------------------------
File                                       Lines    Exec  Cover   Missing
------------------------------------------------------------------------------
UrlShortenService/UrlShortenHandler.h         91       9     9%   25,57,59-68,75-82,84-109,112-121,123,131-162,164,171-180,187 [* 165-167]
UrlShortenService/UrlShortenService.cpp       47      34    72%   25-32,37,46,61,66-67,73-74
logger.h                                       9       9   100%   
tracing.h                                     26       9    34%   20,22-25,28-32,39,41-46 [* 75-78]
utils.h                                        9       7    77%   23-24
utils_memcached.h                             12      12   100%   
utils_mongodb.h                               37      27    72%   29-33,36-40,76
utils_thrift.h                                14       4    28%   19-33
------------------------------------------------------------------------------
TOTAL                                        245     111    45%
------------------------------------------------------------------------------
