TN:
TN:
TN:
SF:/social-network-microservices/src/MediaService/MediaHandler.h
FN:19,_ZN14social_network12MediaHandlerC2Ev
FN:20,_ZN14social_network12MediaHandlerD2Ev
FN:20,_ZN14social_network12MediaHandlerD0Ev
FN:30,_ZN14social_network12MediaHandler12ComposeMediaERSt6vectorINS_5MediaESaIS2_EElRKS1_INSt7__cxx1112basic_stringIcSt11char_traitsIcESaIcEEESaISB_EERKS1_IlSaIlEERKSt3mapISB_SB_St4lessISB_ESaISt4pairIKSB_SB_EEE
FNDA:1,_ZN14social_network12MediaHandlerC2Ev
FNDA:0,_ZN14social_network12MediaHandlerD0Ev
FNDA:0,_ZN14social_network12MediaHandlerD2Ev
FNDA:200,_ZN14social_network12MediaHandler12ComposeMediaERSt6vectorINS_5MediaESaIS2_EElRKS1_INSt7__cxx1112basic_stringIcSt11char_traitsIcESaIcEEESaISB_EERKS1_IlSaIlEERKSt3mapISB_SB_St4lessISB_ESaISt4pairIKSB_SB_EEE
FNF:4
FNH:2
DA:19,1
DA:20,0
DA:30,200
DA:36,800
DA:37,400
DA:38,400
DA:41,400
DA:42,400
DA:43,400
DA:44,400
DA:45,400
DA:46,800
DA:47,200
DA:49,200
DA:50,0
DA:51,0
DA:53,0
DA:54,0
DA:58,400
DA:60,200
DA:61,0
DA:62,0
DA:63,0
DA:64,0
DA:68,800
DA:69,400
DA:71,200
DA:72,200
LF:28
LH:19
end_of_record
SF:/social-network-microservices/src/MediaService/MediaService.cpp
FN:19,_Z13sigintHandleri
FN:21,_Z14handle_sigusr1i
FN:25,main
FN:46,_Z41__static_initialization_and_destruction_0ii
FN:46,_GLOBAL__sub_I__ZN14social_network11init_loggerEv
FNDA:0,_Z13sigintHandleri
FNDA:1,_Z14handle_sigusr1i
FNDA:1,main
FNDA:1,_GLOBAL__sub_I__ZN14social_network11init_loggerEv
FNDA:1,_Z41__static_initialization_and_destruction_0ii
FNF:5
FNH:4
DA:19,0
DA:21,1
DA:22,1
DA:23,0
DA:25,1
DA:26,1
DA:27,1
DA:28,1
DA:29,1
DA:30,1
DA:31,1
DA:32,0
DA:35,1
DA:36,1
DA:39,2
DA:41,2
DA:42,6
DA:44,2
DA:45,1
DA:46,3
LF:20
LH:17
end_of_record
SF:/social-network-microservices/src/logger.h
FN:17,_ZN14social_network11init_loggerEv
FNDA:1,_ZN14social_network11init_loggerEv
FNF:1
FNH:1
DA:17,1
DA:19,1
DA:20,1
DA:22,1
DA:23,1
DA:24,2
DA:25,2
DA:26,1
DA:27,1
LF:9
LH:9
end_of_record
SF:/social-network-microservices/src/tracing.h
FN:20,_ZN14social_network13TextMapReaderD2Ev
FN:20,_ZN14social_network13TextMapReaderD0Ev
FN:22,_ZN14social_network13TextMapReaderC2ERKSt3mapINSt7__cxx1112basic_stringIcSt11char_traitsIcESaIcEEES7_St4lessIS7_ESaISt4pairIKS7_S7_EEE
FN:25,_ZNK14social_network13TextMapReader10ForeachKeyESt8functionIFN11opentracing2v28expectedIvSt10error_codeEENS3_11string_viewES7_EE
FN:39,_ZN14social_network13TextMapWriterD0Ev
FN:39,_ZN14social_network13TextMapWriterD2Ev
FN:41,_ZN14social_network13TextMapWriterC2ERSt3mapINSt7__cxx1112basic_stringIcSt11char_traitsIcESaIcEEES7_St4lessIS7_ESaISt4pairIKS7_S7_EEE
FN:44,_ZNK14social_network13TextMapWriter3SetEN11opentracing2v211string_viewES3_
FN:53,_ZN14social_network11SetUpTracerERKNSt7__cxx1112basic_stringIcSt11char_traitsIcESaIcEEES7_
FNDA:0,_ZN14social_network13TextMapReaderD0Ev
FNDA:200,_ZN14social_network13TextMapReaderD2Ev
FNDA:200,_ZN14social_network13TextMapReaderC2ERKSt3mapINSt7__cxx1112basic_stringIcSt11char_traitsIcESaIcEEES7_St4lessIS7_ESaISt4pairIKS7_S7_EEE
FNDA:200,_ZNK14social_network13TextMapReader10ForeachKeyESt8functionIFN11opentracing2v28expectedIvSt10error_codeEENS3_11string_viewES7_EE
FNDA:0,_ZN14social_network13TextMapWriterD0Ev
FNDA:200,_ZN14social_network13TextMapWriterD2Ev
FNDA:200,_ZN14social_network13TextMapWriterC2ERSt3mapINSt7__cxx1112basic_stringIcSt11char_traitsIcESaIcEEES7_St4lessIS7_ESaISt4pairIKS7_S7_EEE
FNDA:200,_ZNK14social_network13TextMapWriter3SetEN11opentracing2v211string_viewES3_
FNDA:1,_ZN14social_network11SetUpTracerERKNSt7__cxx1112basic_stringIcSt11char_traitsIcESaIcEEES7_
FNF:9
FNH:7
DA:20,200
DA:22,200
DA:23,200
DA:25,200
DA:28,400
DA:29,400
DA:30,200
DA:32,200
DA:39,200
DA:41,200
DA:42,200
DA:44,200
DA:45,200
DA:46,200
DA:53,1
DA:56,2
DA:63,2
DA:65,1
DA:66,3
DA:70,2
DA:71,1
DA:73,1
DA:75,0
DA:77,0
DA:78,0
DA:83,1
LF:26
LH:23
end_of_record
SF:/social-network-microservices/src/utils.h
FN:14,_ZN14social_network16load_config_fileERKNSt7__cxx1112basic_stringIcSt11char_traitsIcESaIcEEEPN8nlohmann10basic_jsonISt3mapSt6vectorS5_blmdSaNS8_14adl_serializerEEE
FNDA:1,_ZN14social_network16load_config_fileERKNSt7__cxx1112basic_stringIcSt11char_traitsIcESaIcEEEPN8nlohmann10basic_jsonISt3mapSt6vectorS5_blmdSaNS8_14adl_serializerEEE
FNF:1
FNH:1
DA:14,1
DA:15,2
DA:16,1
DA:17,1
DA:18,1
DA:19,1
DA:20,1
DA:23,0
DA:24,0
LF:9
LH:7
end_of_record
SF:/social-network-microservices/src/utils_thrift.h
FN:16,_ZN14social_network17get_server_socketERKN8nlohmann10basic_jsonISt3mapSt6vectorNSt7__cxx1112basic_stringIcSt11char_traitsIcESaIcEEEblmdSaNS0_14adl_serializerEEERKS9_i
FNDA:1,_ZN14social_network17get_server_socketERKN8nlohmann10basic_jsonISt3mapSt6vectorNSt7__cxx1112basic_stringIcSt11char_traitsIcESaIcEEEblmdSaNS0_14adl_serializerEEERKS9_i
FNF:1
FNH:1
DA:16,1
DA:17,1
DA:18,1
DA:19,0
DA:20,0
DA:21,0
DA:22,0
DA:24,0
DA:25,0
DA:26,0
DA:27,0
DA:28,0
DA:33,0
DA:35,1
LF:14
LH:4
end_of_record
