        -:    0:Source:/social-network-microservices/gen-cpp/ComposePostService.cpp
        -:    0:Graph:/social-network-microservices/build/src/ComposePostService/CMakeFiles/ComposePostService.dir/__/__/gen-cpp/ComposePostService.cpp.gcno
        -:    0:Data:/social-network-microservices/build/src/ComposePostService/CMakeFiles/ComposePostService.dir/__/__/gen-cpp/ComposePostService.cpp.gcda
        -:    0:Runs:1
        -:    0:Programs:1
        -:    1:/*EOF*/
        -:    2:/*EOF*/
        -:    3:/*EOF*/
        -:    4:/*EOF*/
        -:    5:/*EOF*/
        -:    6:/*EOF*/
        -:    7:/*EOF*/
        -:    8:/*EOF*/
        -:    9:/*EOF*/
        -:   10:/*EOF*/
        -:   11:/*EOF*/
function _ZN14social_network35ComposePostService_ComposePost_argsD0Ev called 0 returned 0% blocks executed 0%
function _ZN14social_network35ComposePostService_ComposePost_argsD2Ev called 200 returned 100% blocks executed 88%
      200:   12:/*EOF*/
call    0 returned 100%
call    1 returned 100%
call    2 returned 100%
call    3 returned 100%
call    4 returned 100%
      200:   13:/*EOF*/
call    0 never executed
call    1 never executed
branch  2 taken 0% (fallthrough)
branch  3 taken 100%
call    4 never executed
        -:   14:/*EOF*/
        -:   15:/*EOF*/
function _ZN14social_network35ComposePostService_ComposePost_args4readEPN6apache6thrift8protocol9TProtocolE called 200 returned 100% blocks executed 66%
      200:   16:/*EOF*/
        -:   17:/*EOF*/
      400:   18:/*EOF*/
call    0 returned 100%
branch  1 taken 100% (fallthrough)
branch  2 taken 0% (throw)
call    3 returned 100%
call    4 never executed
      200:   19:/*EOF*/
      400:   20:/*EOF*/
call    0 returned 100%
call    1 returned 100%
call    2 never executed
        -:   21:/*EOF*/
        -:   22:/*EOF*/
        -:   23:/*EOF*/
      200:   24:/*EOF*/
call    0 returned 100%
branch  1 taken 100% (fallthrough)
branch  2 taken 0% (throw)
        -:   25:/*EOF*/
        -:   26:/*EOF*/
        -:   27:/*EOF*/
        -:   28:/*EOF*/
     1600:   29:/*EOF*/
        -:   30:/*EOF*/
     1800:   31:/*EOF*/
call    0 returned 100%
branch  1 taken 100% (fallthrough)
branch  2 taken 0% (throw)
     1800:   32:/*EOF*/
branch  0 taken 11% (fallthrough)
branch  1 taken 89%
      200:   33:/*EOF*/
        -:   34:/*EOF*/
     1600:   35:/*EOF*/
branch  0 taken 13%
branch  1 taken 13%
branch  2 taken 13%
branch  3 taken 13%
branch  4 taken 13%
branch  5 taken 13%
branch  6 taken 13%
branch  7 taken 13%
branch  8 taken 0%
        -:   36:/*EOF*/
        -:   37:/*EOF*/
      200:   38:/*EOF*/
branch  0 taken 100% (fallthrough)
branch  1 taken 0%
      200:   39:/*EOF*/
call    0 returned 100%
branch  1 taken 100% (fallthrough)
branch  2 taken 0% (throw)
      200:   40:/*EOF*/
        -:   41:/*EOF*/
    #####:   42:/*EOF*/
call    0 never executed
branch  1 never executed
branch  2 never executed
        -:   43:/*EOF*/
      200:   44:/*EOF*/
        -:   45:/*EOF*/
      200:   46:/*EOF*/
branch  0 taken 100% (fallthrough)
branch  1 taken 0%
      200:   47:/*EOF*/
call    0 returned 100%
branch  1 taken 100% (fallthrough)
branch  2 taken 0% (throw)
      200:   48:/*EOF*/
        -:   49:/*EOF*/
    #####:   50:/*EOF*/
call    0 never executed
branch  1 never executed
branch  2 never executed
        -:   51:/*EOF*/
      200:   52:/*EOF*/
        -:   53:/*EOF*/
      200:   54:/*EOF*/
branch  0 taken 100% (fallthrough)
branch  1 taken 0%
      200:   55:/*EOF*/
call    0 returned 100%
branch  1 taken 100% (fallthrough)
branch  2 taken 0% (throw)
      200:   56:/*EOF*/
        -:   57:/*EOF*/
    #####:   58:/*EOF*/
call    0 never executed
branch  1 never executed
branch  2 never executed
        -:   59:/*EOF*/
      200:   60:/*EOF*/
        -:   61:/*EOF*/
      200:   62:/*EOF*/
branch  0 taken 100% (fallthrough)
branch  1 taken 0%
      200:   63:/*EOF*/
call    0 returned 100%
branch  1 taken 100% (fallthrough)
branch  2 taken 0% (throw)
      200:   64:/*EOF*/
        -:   65:/*EOF*/
    #####:   66:/*EOF*/
call    0 never executed
branch  1 never executed
branch  2 never executed
        -:   67:/*EOF*/
      200:   68:/*EOF*/
        -:   69:/*EOF*/
      200:   70:/*EOF*/
branch  0 taken 100% (fallthrough)
branch  1 taken 0%
        -:   71:/*EOF*/
      200:   72:/*EOF*/
call    0 returned 100%
        -:   73:/*EOF*/
        -:   74:/*EOF*/
      200:   75:/*EOF*/
call    0 returned 100%
branch  1 taken 100% (fallthrough)
branch  2 taken 0% (throw)
      200:   76:/*EOF*/
call    0 returned 100%
branch  1 taken 100% (fallthrough)
branch  2 taken 0% (throw)
        -:   77:/*EOF*/
      200:   78:/*EOF*/
branch  0 taken 0% (fallthrough)
branch  1 taken 100%
        -:   79:/*EOF*/
    #####:   80:/*EOF*/
call    0 never executed
call    1 never executed
branch  2 never executed
branch  3 never executed
        -:   81:/*EOF*/
      200:   82:/*EOF*/
call    0 returned 100%
branch  1 taken 100% (fallthrough)
branch  2 taken 0% (throw)
        -:   83:/*EOF*/
      200:   84:/*EOF*/
        -:   85:/*EOF*/
    #####:   86:/*EOF*/
call    0 never executed
branch  1 never executed
branch  2 never executed
        -:   87:/*EOF*/
      200:   88:/*EOF*/
        -:   89:/*EOF*/
      200:   90:/*EOF*/
branch  0 taken 100% (fallthrough)
branch  1 taken 0%
        -:   91:/*EOF*/
      200:   92:/*EOF*/
call    0 returned 100%
        -:   93:/*EOF*/
        -:   94:/*EOF*/
      200:   95:/*EOF*/
call    0 returned 100%
branch  1 taken 100% (fallthrough)
branch  2 taken 0% (throw)
      200:   96:/*EOF*/
call    0 returned 100%
branch  1 taken 100% (fallthrough)
branch  2 taken 0% (throw)
        -:   97:/*EOF*/
      200:   98:/*EOF*/
branch  0 taken 0% (fallthrough)
branch  1 taken 100%
        -:   99:/*EOF*/
    #####:  100:/*EOF*/
call    0 never executed
call    1 never executed
branch  2 never executed
branch  3 never executed
        -:  101:/*EOF*/
      200:  102:/*EOF*/
call    0 returned 100%
branch  1 taken 100% (fallthrough)
branch  2 taken 0% (throw)
        -:  103:/*EOF*/
      200:  104:/*EOF*/
        -:  105:/*EOF*/
    #####:  106:/*EOF*/
call    0 never executed
branch  1 never executed
branch  2 never executed
        -:  107:/*EOF*/
      200:  108:/*EOF*/
        -:  109:/*EOF*/
      200:  110:/*EOF*/
branch  0 taken 100% (fallthrough)
branch  1 taken 0%
        -:  111:/*EOF*/
      200:  112:/*EOF*/
call    0 returned 100%
branch  1 taken 100% (fallthrough)
branch  2 taken 0% (throw)
      200:  113:/*EOF*/
      200:  114:/*EOF*/
        -:  115:/*EOF*/
    #####:  116:/*EOF*/
call    0 never executed
branch  1 never executed
branch  2 never executed
        -:  117:/*EOF*/
      200:  118:/*EOF*/
        -:  119:/*EOF*/
      200:  120:/*EOF*/
branch  0 taken 100% (fallthrough)
branch  1 taken 0%
        -:  121:/*EOF*/
      200:  122:/*EOF*/
call    0 returned 100%
        -:  123:/*EOF*/
        -:  124:/*EOF*/
        -:  125:/*EOF*/
      200:  126:/*EOF*/
call    0 returned 100%
branch  1 taken 100% (fallthrough)
branch  2 taken 0% (throw)
        -:  127:/*EOF*/
      400:  128:/*EOF*/
branch  0 taken 50% (fallthrough)
branch  1 taken 50%
        -:  129:/*EOF*/
      400:  130:/*EOF*/
call    0 returned 100%
call    1 returned 100%
call    2 never executed
      200:  131:/*EOF*/
call    0 returned 100%
branch  1 taken 100% (fallthrough)
branch  2 taken 0% (throw)
      200:  132:/*EOF*/
call    0 returned 100%
branch  1 taken 100% (fallthrough)
branch  2 taken 0% (throw)
      200:  133:/*EOF*/
call    0 returned 100%
branch  1 taken 100% (fallthrough)
branch  2 taken 0% (throw)
        -:  134:/*EOF*/
      200:  135:/*EOF*/
call    0 returned 100%
branch  1 taken 100% (fallthrough)
branch  2 taken 0% (throw)
        -:  136:/*EOF*/
      200:  137:/*EOF*/
        -:  138:/*EOF*/
    #####:  139:/*EOF*/
call    0 never executed
branch  1 never executed
branch  2 never executed
        -:  140:/*EOF*/
      200:  141:/*EOF*/
        -:  142:/*EOF*/
    #####:  143:/*EOF*/
call    0 never executed
branch  1 never executed
branch  2 never executed
    #####:  144:/*EOF*/
        -:  145:/*EOF*/
     1600:  146:/*EOF*/
call    0 returned 100%
branch  1 taken 100% (fallthrough)
branch  2 taken 0% (throw)
        -:  147:/*EOF*/
        -:  148:/*EOF*/
      200:  149:/*EOF*/
call    0 returned 100%
branch  1 taken 100% (fallthrough)
branch  2 taken 0% (throw)
        -:  150:/*EOF*/
      400:  151:/*EOF*/
        -:  152:/*EOF*/
        -:  153:/*EOF*/
function _ZNK14social_network35ComposePostService_ComposePost_args5writeEPN6apache6thrift8protocol9TProtocolE called 0 returned 0% blocks executed 0%
    #####:  154:/*EOF*/
    #####:  155:/*EOF*/
    #####:  156:/*EOF*/
call    0 never executed
branch  1 never executed
branch  2 never executed
call    3 never executed
call    4 never executed
    #####:  157:/*EOF*/
call    0 never executed
branch  1 never executed
branch  2 never executed
        -:  158:/*EOF*/
    #####:  159:/*EOF*/
call    0 never executed
branch  1 never executed
branch  2 never executed
    #####:  160:/*EOF*/
call    0 never executed
branch  1 never executed
branch  2 never executed
    #####:  161:/*EOF*/
call    0 never executed
branch  1 never executed
branch  2 never executed
        -:  162:/*EOF*/
    #####:  163:/*EOF*/
call    0 never executed
branch  1 never executed
branch  2 never executed
    #####:  164:/*EOF*/
call    0 never executed
branch  1 never executed
branch  2 never executed
    #####:  165:/*EOF*/
call    0 never executed
branch  1 never executed
branch  2 never executed
        -:  166:/*EOF*/
    #####:  167:/*EOF*/
call    0 never executed
branch  1 never executed
branch  2 never executed
    #####:  168:/*EOF*/
call    0 never executed
branch  1 never executed
branch  2 never executed
    #####:  169:/*EOF*/
call    0 never executed
branch  1 never executed
branch  2 never executed
        -:  170:/*EOF*/
    #####:  171:/*EOF*/
call    0 never executed
branch  1 never executed
branch  2 never executed
    #####:  172:/*EOF*/
call    0 never executed
branch  1 never executed
branch  2 never executed
    #####:  173:/*EOF*/
call    0 never executed
branch  1 never executed
branch  2 never executed
        -:  174:/*EOF*/
    #####:  175:/*EOF*/
call    0 never executed
branch  1 never executed
branch  2 never executed
        -:  176:/*EOF*/
    #####:  177:/*EOF*/
call    0 never executed
call    1 never executed
branch  2 never executed
branch  3 never executed
    #####:  178:/*EOF*/
    #####:  179:/*EOF*/
call    0 never executed
call    1 never executed
call    2 never executed
branch  3 never executed
branch  4 never executed
call    5 never executed
        -:  180:/*EOF*/
    #####:  181:/*EOF*/
call    0 never executed
call    1 never executed
branch  2 never executed
branch  3 never executed
        -:  182:/*EOF*/
    #####:  183:/*EOF*/
call    0 never executed
branch  1 never executed
branch  2 never executed
        -:  184:/*EOF*/
    #####:  185:/*EOF*/
call    0 never executed
branch  1 never executed
branch  2 never executed
        -:  186:/*EOF*/
    #####:  187:/*EOF*/
call    0 never executed
branch  1 never executed
branch  2 never executed
        -:  188:/*EOF*/
    #####:  189:/*EOF*/
call    0 never executed
call    1 never executed
branch  2 never executed
branch  3 never executed
    #####:  190:/*EOF*/
    #####:  191:/*EOF*/
call    0 never executed
call    1 never executed
call    2 never executed
branch  3 never executed
branch  4 never executed
call    5 never executed
        -:  192:/*EOF*/
    #####:  193:/*EOF*/
call    0 never executed
call    1 never executed
branch  2 never executed
branch  3 never executed
        -:  194:/*EOF*/
    #####:  195:/*EOF*/
call    0 never executed
branch  1 never executed
branch  2 never executed
        -:  196:/*EOF*/
    #####:  197:/*EOF*/
call    0 never executed
branch  1 never executed
branch  2 never executed
        -:  198:/*EOF*/
    #####:  199:/*EOF*/
call    0 never executed
branch  1 never executed
branch  2 never executed
    #####:  200:/*EOF*/
call    0 never executed
branch  1 never executed
branch  2 never executed
    #####:  201:/*EOF*/
call    0 never executed
branch  1 never executed
branch  2 never executed
        -:  202:/*EOF*/
    #####:  203:/*EOF*/
call    0 never executed
branch  1 never executed
branch  2 never executed
        -:  204:/*EOF*/
    #####:  205:/*EOF*/
call    0 never executed
call    1 never executed
branch  2 never executed
branch  3 never executed
    #####:  206:/*EOF*/
call    0 never executed
    #####:  207:/*EOF*/
call    0 never executed
call    1 never executed
call    2 never executed
branch  3 never executed
branch  4 never executed
call    5 never executed
        -:  208:/*EOF*/
    #####:  209:/*EOF*/
call    0 never executed
call    1 never executed
branch  2 never executed
branch  3 never executed
    #####:  210:/*EOF*/
call    0 never executed
call    1 never executed
branch  2 never executed
branch  3 never executed
        -:  211:/*EOF*/
    #####:  212:/*EOF*/
call    0 never executed
branch  1 never executed
branch  2 never executed
        -:  213:/*EOF*/
    #####:  214:/*EOF*/
call    0 never executed
branch  1 never executed
branch  2 never executed
        -:  215:/*EOF*/
    #####:  216:/*EOF*/
call    0 never executed
branch  1 never executed
branch  2 never executed
    #####:  217:/*EOF*/
call    0 never executed
branch  1 never executed
branch  2 never executed
    #####:  218:/*EOF*/
        -:  219:/*EOF*/
        -:  220:/*EOF*/
        -:  221:/*EOF*/
function _ZN14social_network36ComposePostService_ComposePost_pargsD0Ev called 0 returned 0% blocks executed 0%
function _ZN14social_network36ComposePostService_ComposePost_pargsD2Ev called 0 returned 0% blocks executed 0%
    #####:  222:/*EOF*/
    #####:  223:/*EOF*/
call    0 never executed
call    1 never executed
branch  2 never executed
branch  3 never executed
call    4 never executed
        -:  224:/*EOF*/
        -:  225:/*EOF*/
function _ZNK14social_network36ComposePostService_ComposePost_pargs5writeEPN6apache6thrift8protocol9TProtocolE called 0 returned 0% blocks executed 0%
    #####:  226:/*EOF*/
    #####:  227:/*EOF*/
    #####:  228:/*EOF*/
call    0 never executed
branch  1 never executed
branch  2 never executed
call    3 never executed
call    4 never executed
    #####:  229:/*EOF*/
call    0 never executed
branch  1 never executed
branch  2 never executed
        -:  230:/*EOF*/
    #####:  231:/*EOF*/
call    0 never executed
branch  1 never executed
branch  2 never executed
    #####:  232:/*EOF*/
call    0 never executed
branch  1 never executed
branch  2 never executed
    #####:  233:/*EOF*/
call    0 never executed
branch  1 never executed
branch  2 never executed
        -:  234:/*EOF*/
    #####:  235:/*EOF*/
call    0 never executed
branch  1 never executed
branch  2 never executed
    #####:  236:/*EOF*/
call    0 never executed
branch  1 never executed
branch  2 never executed
    #####:  237:/*EOF*/
call    0 never executed
branch  1 never executed
branch  2 never executed
        -:  238:/*EOF*/
    #####:  239:/*EOF*/
call    0 never executed
branch  1 never executed
branch  2 never executed
    #####:  240:/*EOF*/
call    0 never executed
branch  1 never executed
branch  2 never executed
    #####:  241:/*EOF*/
call    0 never executed
branch  1 never executed
branch  2 never executed
        -:  242:/*EOF*/
    #####:  243:/*EOF*/
call    0 never executed
branch  1 never executed
branch  2 never executed
    #####:  244:/*EOF*/
call    0 never executed
branch  1 never executed
branch  2 never executed
    #####:  245:/*EOF*/
call    0 never executed
branch  1 never executed
branch  2 never executed
        -:  246:/*EOF*/
    #####:  247:/*EOF*/
call    0 never executed
branch  1 never executed
branch  2 never executed
        -:  248:/*EOF*/
    #####:  249:/*EOF*/
call    0 never executed
call    1 never executed
branch  2 never executed
branch  3 never executed
    #####:  250:/*EOF*/
    #####:  251:/*EOF*/
call    0 never executed
call    1 never executed
call    2 never executed
branch  3 never executed
branch  4 never executed
call    5 never executed
        -:  252:/*EOF*/
    #####:  253:/*EOF*/
call    0 never executed
call    1 never executed
branch  2 never executed
branch  3 never executed
        -:  254:/*EOF*/
    #####:  255:/*EOF*/
call    0 never executed
branch  1 never executed
branch  2 never executed
        -:  256:/*EOF*/
    #####:  257:/*EOF*/
call    0 never executed
branch  1 never executed
branch  2 never executed
        -:  258:/*EOF*/
    #####:  259:/*EOF*/
call    0 never executed
branch  1 never executed
branch  2 never executed
        -:  260:/*EOF*/
    #####:  261:/*EOF*/
call    0 never executed
call    1 never executed
branch  2 never executed
branch  3 never executed
    #####:  262:/*EOF*/
    #####:  263:/*EOF*/
call    0 never executed
call    1 never executed
call    2 never executed
branch  3 never executed
branch  4 never executed
call    5 never executed
        -:  264:/*EOF*/
    #####:  265:/*EOF*/
call    0 never executed
call    1 never executed
branch  2 never executed
branch  3 never executed
        -:  266:/*EOF*/
    #####:  267:/*EOF*/
call    0 never executed
branch  1 never executed
branch  2 never executed
        -:  268:/*EOF*/
    #####:  269:/*EOF*/
call    0 never executed
branch  1 never executed
branch  2 never executed
        -:  270:/*EOF*/
    #####:  271:/*EOF*/
call    0 never executed
branch  1 never executed
branch  2 never executed
    #####:  272:/*EOF*/
call    0 never executed
branch  1 never executed
branch  2 never executed
    #####:  273:/*EOF*/
call    0 never executed
branch  1 never executed
branch  2 never executed
        -:  274:/*EOF*/
    #####:  275:/*EOF*/
call    0 never executed
branch  1 never executed
branch  2 never executed
        -:  276:/*EOF*/
    #####:  277:/*EOF*/
call    0 never executed
call    1 never executed
branch  2 never executed
branch  3 never executed
    #####:  278:/*EOF*/
call    0 never executed
    #####:  279:/*EOF*/
call    0 never executed
call    1 never executed
call    2 never executed
branch  3 never executed
branch  4 never executed
call    5 never executed
        -:  280:/*EOF*/
    #####:  281:/*EOF*/
call    0 never executed
call    1 never executed
branch  2 never executed
branch  3 never executed
    #####:  282:/*EOF*/
call    0 never executed
call    1 never executed
branch  2 never executed
branch  3 never executed
        -:  283:/*EOF*/
    #####:  284:/*EOF*/
call    0 never executed
branch  1 never executed
branch  2 never executed
        -:  285:/*EOF*/
    #####:  286:/*EOF*/
call    0 never executed
branch  1 never executed
branch  2 never executed
        -:  287:/*EOF*/
    #####:  288:/*EOF*/
call    0 never executed
branch  1 never executed
branch  2 never executed
    #####:  289:/*EOF*/
call    0 never executed
branch  1 never executed
branch  2 never executed
    #####:  290:/*EOF*/
        -:  291:/*EOF*/
        -:  292:/*EOF*/
        -:  293:/*EOF*/
function _ZN14social_network37ComposePostService_ComposePost_resultD0Ev called 0 returned 0% blocks executed 0%
function _ZN14social_network37ComposePostService_ComposePost_resultD2Ev called 200 returned 100% blocks executed 75%
      200:  294:/*EOF*/
call    0 returned 100%
      200:  295:/*EOF*/
call    0 never executed
call    1 never executed
branch  2 taken 0% (fallthrough)
branch  3 taken 100%
call    4 never executed
        -:  296:/*EOF*/
        -:  297:/*EOF*/
function _ZN14social_network37ComposePostService_ComposePost_result4readEPN6apache6thrift8protocol9TProtocolE called 0 returned 0% blocks executed 0%
    #####:  298:/*EOF*/
        -:  299:/*EOF*/
    #####:  300:/*EOF*/
call    0 never executed
branch  1 never executed
branch  2 never executed
call    3 never executed
call    4 never executed
    #####:  301:/*EOF*/
    #####:  302:/*EOF*/
call    0 never executed
call    1 never executed
call    2 never executed
        -:  303:/*EOF*/
        -:  304:/*EOF*/
        -:  305:/*EOF*/
    #####:  306:/*EOF*/
call    0 never executed
branch  1 never executed
branch  2 never executed
        -:  307:/*EOF*/
        -:  308:/*EOF*/
        -:  309:/*EOF*/
        -:  310:/*EOF*/
    #####:  311:/*EOF*/
        -:  312:/*EOF*/
    #####:  313:/*EOF*/
call    0 never executed
branch  1 never executed
branch  2 never executed
    #####:  314:/*EOF*/
branch  0 never executed
branch  1 never executed
    #####:  315:/*EOF*/
        -:  316:/*EOF*/
    #####:  317:/*EOF*/
branch  0 never executed
branch  1 never executed
        -:  318:/*EOF*/
        -:  319:/*EOF*/
    #####:  320:/*EOF*/
branch  0 never executed
branch  1 never executed
    #####:  321:/*EOF*/
call    0 never executed
branch  1 never executed
branch  2 never executed
    #####:  322:/*EOF*/
        -:  323:/*EOF*/
    #####:  324:/*EOF*/
call    0 never executed
branch  1 never executed
branch  2 never executed
        -:  325:/*EOF*/
    #####:  326:/*EOF*/
        -:  327:/*EOF*/
    #####:  328:/*EOF*/
call    0 never executed
branch  1 never executed
branch  2 never executed
    #####:  329:/*EOF*/
        -:  330:/*EOF*/
    #####:  331:/*EOF*/
call    0 never executed
branch  1 never executed
branch  2 never executed
        -:  332:/*EOF*/
        -:  333:/*EOF*/
    #####:  334:/*EOF*/
call    0 never executed
branch  1 never executed
branch  2 never executed
        -:  335:/*EOF*/
    #####:  336:/*EOF*/
        -:  337:/*EOF*/
        -:  338:/*EOF*/
function _ZNK14social_network37ComposePostService_ComposePost_result5writeEPN6apache6thrift8protocol9TProtocolE called 200 returned 100% blocks executed 60%
      200:  339:/*EOF*/
        -:  340:/*EOF*/
      200:  341:/*EOF*/
        -:  342:/*EOF*/
      200:  343:/*EOF*/
call    0 returned 100%
        -:  344:/*EOF*/
      200:  345:/*EOF*/
branch  0 taken 0% (fallthrough)
branch  1 taken 100%
    #####:  346:/*EOF*/
call    0 never executed
    #####:  347:/*EOF*/
call    0 never executed
    #####:  348:/*EOF*/
call    0 never executed
        -:  349:/*EOF*/
      200:  350:/*EOF*/
call    0 returned 100%
      200:  351:/*EOF*/
call    0 returned 100%
      200:  352:/*EOF*/
        -:  353:/*EOF*/
        -:  354:/*EOF*/
        -:  355:/*EOF*/
function _ZN14social_network38ComposePostService_ComposePost_presultD0Ev called 0 returned 0% blocks executed 0%
function _ZN14social_network38ComposePostService_ComposePost_presultD2Ev called 0 returned 0% blocks executed 0%
    #####:  356:/*EOF*/
call    0 never executed
    #####:  357:/*EOF*/
call    0 never executed
call    1 never executed
branch  2 never executed
branch  3 never executed
call    4 never executed
        -:  358:/*EOF*/
        -:  359:/*EOF*/
function _ZN14social_network38ComposePostService_ComposePost_presult4readEPN6apache6thrift8protocol9TProtocolE called 0 returned 0% blocks executed 0%
    #####:  360:/*EOF*/
        -:  361:/*EOF*/
    #####:  362:/*EOF*/
call    0 never executed
branch  1 never executed
branch  2 never executed
call    3 never executed
call    4 never executed
    #####:  363:/*EOF*/
    #####:  364:/*EOF*/
call    0 never executed
call    1 never executed
call    2 never executed
        -:  365:/*EOF*/
        -:  366:/*EOF*/
        -:  367:/*EOF*/
    #####:  368:/*EOF*/
call    0 never executed
branch  1 never executed
branch  2 never executed
        -:  369:/*EOF*/
        -:  370:/*EOF*/
        -:  371:/*EOF*/
        -:  372:/*EOF*/
    #####:  373:/*EOF*/
        -:  374:/*EOF*/
    #####:  375:/*EOF*/
call    0 never executed
branch  1 never executed
branch  2 never executed
    #####:  376:/*EOF*/
branch  0 never executed
branch  1 never executed
    #####:  377:/*EOF*/
        -:  378:/*EOF*/
    #####:  379:/*EOF*/
branch  0 never executed
branch  1 never executed
        -:  380:/*EOF*/
        -:  381:/*EOF*/
    #####:  382:/*EOF*/
branch  0 never executed
branch  1 never executed
    #####:  383:/*EOF*/
call    0 never executed
branch  1 never executed
branch  2 never executed
    #####:  384:/*EOF*/
        -:  385:/*EOF*/
    #####:  386:/*EOF*/
call    0 never executed
branch  1 never executed
branch  2 never executed
        -:  387:/*EOF*/
    #####:  388:/*EOF*/
        -:  389:/*EOF*/
    #####:  390:/*EOF*/
call    0 never executed
branch  1 never executed
branch  2 never executed
    #####:  391:/*EOF*/
        -:  392:/*EOF*/
    #####:  393:/*EOF*/
call    0 never executed
branch  1 never executed
branch  2 never executed
        -:  394:/*EOF*/
        -:  395:/*EOF*/
    #####:  396:/*EOF*/
call    0 never executed
branch  1 never executed
branch  2 never executed
        -:  397:/*EOF*/
    #####:  398:/*EOF*/
        -:  399:/*EOF*/
        -:  400:/*EOF*/
function _ZN14social_network24ComposePostServiceClient11ComposePostElRKNSt7__cxx1112basic_stringIcSt11char_traitsIcESaIcEEElS8_RKSt6vectorIlSaIlEERKS9_IS6_SaIS6_EENS_8PostType4typeERKSt3mapIS6_S6_St4lessIS6_ESaISt4pairIS7_S6_EEE called 0 returned 0% blocks executed 0%
    #####:  401:/*EOF*/
        -:  402:/*EOF*/
    #####:  403:/*EOF*/
call    0 never executed
    #####:  404:/*EOF*/
call    0 never executed
    #####:  405:/*EOF*/
        -:  406:/*EOF*/
function _ZN14social_network24ComposePostServiceClient16send_ComposePostElRKNSt7__cxx1112basic_stringIcSt11char_traitsIcESaIcEEElS8_RKSt6vectorIlSaIlEERKS9_IS6_SaIS6_EENS_8PostType4typeERKSt3mapIS6_S6_St4lessIS6_ESaISt4pairIS7_S6_EEE called 0 returned 0% blocks executed 0%
    #####:  407:/*EOF*/
        -:  408:/*EOF*/
    #####:  409:/*EOF*/
    #####:  410:/*EOF*/
call    0 never executed
call    1 never executed
branch  2 never executed
branch  3 never executed
call    4 never executed
branch  5 never executed
branch  6 never executed
call    7 never executed
call    8 never executed
call    9 never executed
call   10 never executed
        -:  411:/*EOF*/
    #####:  412:/*EOF*/
call    0 never executed
call    1 never executed
call    2 never executed
    #####:  413:/*EOF*/
    #####:  414:/*EOF*/
    #####:  415:/*EOF*/
    #####:  416:/*EOF*/
    #####:  417:/*EOF*/
    #####:  418:/*EOF*/
    #####:  419:/*EOF*/
    #####:  420:/*EOF*/
    #####:  421:/*EOF*/
call    0 never executed
branch  1 never executed
branch  2 never executed
        -:  422:/*EOF*/
    #####:  423:/*EOF*/
call    0 never executed
branch  1 never executed
branch  2 never executed
    #####:  424:/*EOF*/
call    0 never executed
call    1 never executed
call    2 never executed
branch  3 never executed
branch  4 never executed
call    5 never executed
call    6 never executed
    #####:  425:/*EOF*/
call    0 never executed
call    1 never executed
call    2 never executed
branch  3 never executed
branch  4 never executed
call    5 never executed
call    6 never executed
    #####:  426:/*EOF*/
        -:  427:/*EOF*/
function _ZN14social_network24ComposePostServiceClient16recv_ComposePostEv called 0 returned 0% blocks executed 0%
    #####:  428:/*EOF*/
        -:  429:/*EOF*/
        -:  430:/*EOF*/
    #####:  431:/*EOF*/
    #####:  432:/*EOF*/
call    0 never executed
call    1 never executed
call    2 never executed
        -:  433:/*EOF*/
        -:  434:/*EOF*/
    #####:  435:/*EOF*/
call    0 never executed
branch  1 never executed
branch  2 never executed
    #####:  436:/*EOF*/
branch  0 never executed
branch  1 never executed
    #####:  437:/*EOF*/
call    0 never executed
call    1 never executed
    #####:  438:/*EOF*/
call    0 never executed
branch  1 never executed
branch  2 never executed
    #####:  439:/*EOF*/
call    0 never executed
branch  1 never executed
branch  2 never executed
    #####:  440:/*EOF*/
call    0 never executed
call    1 never executed
call    2 never executed
branch  3 never executed
branch  4 never executed
call    5 never executed
call    6 never executed
    #####:  441:/*EOF*/
call    0 never executed
call    1 never executed
branch  2 never executed
branch  3 never executed
call    4 never executed
call    5 never executed
        -:  442:/*EOF*/
    #####:  443:/*EOF*/
branch  0 never executed
branch  1 never executed
    #####:  444:/*EOF*/
call    0 never executed
branch  1 never executed
branch  2 never executed
    #####:  445:/*EOF*/
call    0 never executed
branch  1 never executed
branch  2 never executed
    #####:  446:/*EOF*/
call    0 never executed
call    1 never executed
call    2 never executed
branch  3 never executed
branch  4 never executed
call    5 never executed
call    6 never executed
        -:  447:/*EOF*/
    #####:  448:/*EOF*/
call    0 never executed
branch  1 never executed
branch  2 never executed
branch  3 never executed
branch  4 never executed
    #####:  449:/*EOF*/
call    0 never executed
branch  1 never executed
branch  2 never executed
    #####:  450:/*EOF*/
call    0 never executed
branch  1 never executed
branch  2 never executed
    #####:  451:/*EOF*/
call    0 never executed
call    1 never executed
call    2 never executed
branch  3 never executed
branch  4 never executed
call    5 never executed
call    6 never executed
        -:  452:/*EOF*/
    #####:  453:/*EOF*/
call    0 never executed
call    1 never executed
call    2 never executed
    #####:  454:/*EOF*/
call    0 never executed
branch  1 never executed
branch  2 never executed
    #####:  455:/*EOF*/
call    0 never executed
branch  1 never executed
branch  2 never executed
    #####:  456:/*EOF*/
call    0 never executed
call    1 never executed
call    2 never executed
branch  3 never executed
branch  4 never executed
call    5 never executed
call    6 never executed
        -:  457:/*EOF*/
    #####:  458:/*EOF*/
branch  0 never executed
branch  1 never executed
    #####:  459:/*EOF*/
call    0 never executed
call    1 never executed
branch  2 never executed
branch  3 never executed
call    4 never executed
call    5 never executed
        -:  460:/*EOF*/
    #####:  461:/*EOF*/
        -:  462:/*EOF*/
        -:  463:/*EOF*/
function _ZN14social_network27ComposePostServiceProcessor12dispatchCallEPN6apache6thrift8protocol9TProtocolES5_RKNSt7__cxx1112basic_stringIcSt11char_traitsIcESaIcEEEiPv called 200 returned 100% blocks executed 25%
      200:  464:/*EOF*/
      200:  465:/*EOF*/
call    0 returned 100%
      200:  466:/*EOF*/
call    0 returned 100%
branch  1 taken 100% (fallthrough)
branch  2 taken 0% (throw)
      200:  467:/*EOF*/
call    0 returned 100%
call    1 returned 100%
branch  2 taken 0% (fallthrough)
branch  3 taken 100%
    #####:  468:/*EOF*/
call    0 never executed
branch  1 never executed
branch  2 never executed
    #####:  469:/*EOF*/
call    0 never executed
branch  1 never executed
branch  2 never executed
    #####:  470:/*EOF*/
call    0 never executed
call    1 never executed
call    2 never executed
branch  3 never executed
branch  4 never executed
call    5 never executed
call    6 never executed
call    7 never executed
    #####:  471:/*EOF*/
call    0 never executed
branch  1 never executed
branch  2 never executed
call    3 never executed
branch  4 never executed
branch  5 never executed
call    6 never executed
branch  7 never executed
branch  8 never executed
call    9 never executed
call   10 never executed
call   11 never executed
call   12 never executed
call   13 never executed
    #####:  472:/*EOF*/
call    0 never executed
branch  1 never executed
branch  2 never executed
    #####:  473:/*EOF*/
call    0 never executed
branch  1 never executed
branch  2 never executed
    #####:  474:/*EOF*/
call    0 never executed
branch  1 never executed
branch  2 never executed
    #####:  475:/*EOF*/
call    0 never executed
call    1 never executed
call    2 never executed
branch  3 never executed
branch  4 never executed
call    5 never executed
call    6 never executed
    #####:  476:/*EOF*/
call    0 never executed
call    1 never executed
call    2 never executed
branch  3 never executed
branch  4 never executed
call    5 never executed
call    6 never executed
    #####:  477:/*EOF*/
        -:  478:/*EOF*/
      200:  479:/*EOF*/
call    0 returned 100%
branch  1 taken 100% (fallthrough)
branch  2 taken 0%
call    3 returned 100%
branch  4 taken 100% (fallthrough)
branch  5 taken 0% (throw)
      200:  480:/*EOF*/
        -:  481:/*EOF*/
        -:  482:/*EOF*/
function _ZN14social_network27ComposePostServiceProcessor19process_ComposePostEiPN6apache6thrift8protocol9TProtocolES5_Pv called 200 returned 100% blocks executed 37%
      200:  483:/*EOF*/
        -:  484:/*EOF*/
      200:  485:/*EOF*/
      200:  486:/*EOF*/
call    0 returned 100%
branch  1 taken 0% (fallthrough)
branch  2 taken 100%
    #####:  487:/*EOF*/
call    0 never executed
call    1 never executed
branch  2 never executed
branch  3 never executed
        -:  488:/*EOF*/
      400:  489:/*EOF*/
call    0 returned 100%
call    1 returned 100%
call    2 never executed
        -:  490:/*EOF*/
      200:  491:/*EOF*/
call    0 returned 100%
branch  1 taken 0% (fallthrough)
branch  2 taken 100%
    #####:  492:/*EOF*/
call    0 never executed
call    1 never executed
branch  2 never executed
branch  3 never executed
        -:  493:/*EOF*/
        -:  494:/*EOF*/
      400:  495:/*EOF*/
call    0 returned 100%
call    1 returned 100%
branch  2 taken 100%
branch  3 taken 0%
call    4 never executed
      200:  496:/*EOF*/
call    0 returned 100%
branch  1 taken 100% (fallthrough)
branch  2 taken 0% (throw)
      200:  497:/*EOF*/
call    0 returned 100%
branch  1 taken 100% (fallthrough)
branch  2 taken 0% (throw)
      200:  498:/*EOF*/
call    0 returned 100%
call    1 returned 100%
call    2 returned 100%
branch  3 taken 100% (fallthrough)
branch  4 taken 0% (throw)
call    5 returned 100%
call    6 never executed
branch  7 never executed
branch  8 never executed
branch  9 never executed
        -:  499:/*EOF*/
      200:  500:/*EOF*/
call    0 returned 100%
branch  1 taken 0% (fallthrough)
branch  2 taken 100%
    #####:  501:/*EOF*/
call    0 never executed
call    1 never executed
branch  2 never executed
branch  3 never executed
        -:  502:/*EOF*/
        -:  503:/*EOF*/
      400:  504:/*EOF*/
call    0 returned 100%
call    1 returned 100%
branch  2 taken 100%
branch  3 taken 0%
call    4 never executed
        -:  505:/*EOF*/
      200:  506:/*EOF*/
call    0 returned 100%
call    1 returned 100%
branch  2 taken 100% (fallthrough)
branch  3 taken 0% (throw)
    =====:  507:/*EOF*/
call    0 never executed
call    1 never executed
call    2 never executed
call    3 never executed
    =====:  508:/*EOF*/
call    0 never executed
branch  1 never executed
branch  2 never executed
    =====:  509:/*EOF*/
    =====:  510:/*EOF*/
call    0 never executed
call    1 never executed
call    2 never executed
    =====:  511:/*EOF*/
call    0 never executed
branch  1 never executed
branch  2 never executed
    =====:  512:/*EOF*/
call    0 never executed
call    1 never executed
branch  2 never executed
branch  3 never executed
        -:  513:/*EOF*/
        -:  514:/*EOF*/
    =====:  515:/*EOF*/
call    0 never executed
call    1 never executed
call    2 never executed
branch  3 never executed
branch  4 never executed
call    5 never executed
branch  6 never executed
branch  7 never executed
call    8 never executed
call    9 never executed
call   10 never executed
call   11 never executed
call   12 never executed
    =====:  516:/*EOF*/
call    0 never executed
call    1 never executed
branch  2 never executed
branch  3 never executed
call    4 never executed
branch  5 never executed
branch  6 never executed
call    7 never executed
call    8 never executed
call    9 never executed
call   10 never executed
    =====:  517:/*EOF*/
call    0 never executed
branch  1 never executed
branch  2 never executed
    =====:  518:/*EOF*/
call    0 never executed
branch  1 never executed
branch  2 never executed
    =====:  519:/*EOF*/
call    0 never executed
call    1 never executed
call    2 never executed
branch  3 never executed
branch  4 never executed
call    5 never executed
call    6 never executed
    =====:  520:/*EOF*/
call    0 never executed
call    1 never executed
call    2 never executed
branch  3 never executed
branch  4 never executed
call    5 never executed
call    6 never executed
    =====:  521:/*EOF*/
        -:  522:/*EOF*/
        -:  523:/*EOF*/
      200:  524:/*EOF*/
call    0 returned 100%
branch  1 taken 0% (fallthrough)
branch  2 taken 100%
    #####:  525:/*EOF*/
call    0 never executed
call    1 never executed
branch  2 never executed
branch  3 never executed
        -:  526:/*EOF*/
        -:  527:/*EOF*/
      200:  528:/*EOF*/
call    0 returned 100%
call    1 returned 100%
branch  2 taken 100% (fallthrough)
branch  3 taken 0% (throw)
call    4 returned 100%
branch  5 taken 100% (fallthrough)
branch  6 taken 0% (throw)
call    7 returned 100%
call    8 returned 100%
call    9 never executed
call   10 never executed
      200:  529:/*EOF*/
call    0 returned 100%
branch  1 taken 100% (fallthrough)
branch  2 taken 0% (throw)
      200:  530:/*EOF*/
call    0 returned 100%
branch  1 taken 100% (fallthrough)
branch  2 taken 0% (throw)
      200:  531:/*EOF*/
call    0 returned 100%
call    1 returned 100%
call    2 returned 100%
branch  3 taken 100% (fallthrough)
branch  4 taken 0% (throw)
call    5 returned 100%
call    6 never executed
      200:  532:/*EOF*/
call    0 returned 100%
call    1 returned 100%
call    2 returned 100%
branch  3 taken 100% (fallthrough)
branch  4 taken 0% (throw)
call    5 returned 100%
call    6 never executed
        -:  533:/*EOF*/
      200:  534:/*EOF*/
call    0 returned 100%
branch  1 taken 0% (fallthrough)
branch  2 taken 100%
    #####:  535:/*EOF*/
call    0 never executed
call    1 never executed
branch  2 never executed
branch  3 never executed
call    4 returned 100%
branch  5 taken 100%
branch  6 taken 0%
        -:  536:/*EOF*/
        -:  537:/*EOF*/
        -:  538:/*EOF*/
function _ZN14social_network34ComposePostServiceProcessorFactory12getProcessorERKN6apache6thrift15TConnectionInfoE called 0 returned 0% blocks executed 0%
    #####:  539:/*EOF*/
    #####:  540:/*EOF*/
call    0 never executed
call    1 never executed
call    2 never executed
    #####:  541:/*EOF*/
call    0 never executed
call    1 never executed
call    2 never executed
branch  3 never executed
branch  4 never executed
call    5 never executed
branch  6 never executed
branch  7 never executed
call    8 never executed
call    9 never executed
call   10 never executed
    #####:  542:/*EOF*/
call    0 never executed
call    1 never executed
branch  2 never executed
branch  3 never executed
call    4 never executed
branch  5 never executed
branch  6 never executed
call    7 never executed
branch  8 never executed
branch  9 never executed
call   10 never executed
call   11 never executed
call   12 never executed
    #####:  543:/*EOF*/
call    0 never executed
        -:  544:/*EOF*/
        -:  545:/*EOF*/
function _ZN14social_network34ComposePostServiceConcurrentClient11ComposePostElRKNSt7__cxx1112basic_stringIcSt11char_traitsIcESaIcEEElS8_RKSt6vectorIlSaIlEERKS9_IS6_SaIS6_EENS_8PostType4typeERKSt3mapIS6_S6_St4lessIS6_ESaISt4pairIS7_S6_EEE called 0 returned 0% blocks executed 0%
    #####:  546:/*EOF*/
        -:  547:/*EOF*/
    #####:  548:/*EOF*/
call    0 never executed
    #####:  549:/*EOF*/
call    0 never executed
    #####:  550:/*EOF*/
        -:  551:/*EOF*/
function _ZN14social_network34ComposePostServiceConcurrentClient16send_ComposePostElRKNSt7__cxx1112basic_stringIcSt11char_traitsIcESaIcEEElS8_RKSt6vectorIlSaIlEERKS9_IS6_SaIS6_EENS_8PostType4typeERKSt3mapIS6_S6_St4lessIS6_ESaISt4pairIS7_S6_EEE called 0 returned 0% blocks executed 0%
    #####:  552:/*EOF*/
        -:  553:/*EOF*/
    #####:  554:/*EOF*/
call    0 never executed
branch  1 never executed
branch  2 never executed
    #####:  555:/*EOF*/
call    0 never executed
branch  1 never executed
branch  2 never executed
call    3 never executed
call    4 never executed
    #####:  556:/*EOF*/
call    0 never executed
call    1 never executed
branch  2 never executed
branch  3 never executed
call    4 never executed
branch  5 never executed
branch  6 never executed
call    7 never executed
call    8 never executed
call    9 never executed
call   10 never executed
        -:  557:/*EOF*/
    #####:  558:/*EOF*/
call    0 never executed
call    1 never executed
call    2 never executed
    #####:  559:/*EOF*/
    #####:  560:/*EOF*/
    #####:  561:/*EOF*/
    #####:  562:/*EOF*/
    #####:  563:/*EOF*/
    #####:  564:/*EOF*/
    #####:  565:/*EOF*/
    #####:  566:/*EOF*/
    #####:  567:/*EOF*/
call    0 never executed
branch  1 never executed
branch  2 never executed
        -:  568:/*EOF*/
    #####:  569:/*EOF*/
call    0 never executed
branch  1 never executed
branch  2 never executed
    #####:  570:/*EOF*/
call    0 never executed
call    1 never executed
call    2 never executed
branch  3 never executed
branch  4 never executed
call    5 never executed
call    6 never executed
    #####:  571:/*EOF*/
call    0 never executed
call    1 never executed
call    2 never executed
branch  3 never executed
branch  4 never executed
call    5 never executed
call    6 never executed
        -:  572:/*EOF*/
    #####:  573:/*EOF*/
call    0 never executed
branch  1 never executed
branch  2 never executed
    #####:  574:/*EOF*/
        -:  575:/*EOF*/
        -:  576:/*EOF*/
function _ZN14social_network34ComposePostServiceConcurrentClient16recv_ComposePostEi called 0 returned 0% blocks executed 0%
    #####:  577:/*EOF*/
        -:  578:/*EOF*/
        -:  579:/*EOF*/
    #####:  580:/*EOF*/
    #####:  581:/*EOF*/
call    0 never executed
call    1 never executed
call    2 never executed
        -:  582:/*EOF*/
        -:  583:/*EOF*/
        -:  584:/*EOF*/
        -:  585:/*EOF*/
    #####:  586:/*EOF*/
call    0 never executed
branch  1 never executed
branch  2 never executed
call    3 never executed
call    4 never executed
        -:  587:/*EOF*/
    #####:  588:/*EOF*/
    #####:  589:/*EOF*/
call    0 never executed
branch  1 never executed
branch  2 never executed
branch  3 never executed
branch  4 never executed
    #####:  590:/*EOF*/
call    0 never executed
branch  1 never executed
branch  2 never executed
        -:  591:/*EOF*/
    #####:  592:/*EOF*/
branch  0 never executed
branch  1 never executed
    #####:  593:/*EOF*/
branch  0 never executed
branch  1 never executed
    #####:  594:/*EOF*/
call    0 never executed
call    1 never executed
    #####:  595:/*EOF*/
call    0 never executed
branch  1 never executed
branch  2 never executed
    #####:  596:/*EOF*/
call    0 never executed
branch  1 never executed
branch  2 never executed
    #####:  597:/*EOF*/
call    0 never executed
call    1 never executed
call    2 never executed
branch  3 never executed
branch  4 never executed
call    5 never executed
call    6 never executed
    #####:  598:/*EOF*/
call    0 never executed
branch  1 never executed
branch  2 never executed
    #####:  599:/*EOF*/
call    0 never executed
call    1 never executed
branch  2 never executed
branch  3 never executed
call    4 never executed
call    5 never executed
        -:  600:/*EOF*/
    #####:  601:/*EOF*/
branch  0 never executed
branch  1 never executed
    #####:  602:/*EOF*/
call    0 never executed
branch  1 never executed
branch  2 never executed
    #####:  603:/*EOF*/
call    0 never executed
branch  1 never executed
branch  2 never executed
    #####:  604:/*EOF*/
call    0 never executed
call    1 never executed
call    2 never executed
branch  3 never executed
branch  4 never executed
call    5 never executed
call    6 never executed
        -:  605:/*EOF*/
    #####:  606:/*EOF*/
call    0 never executed
branch  1 never executed
branch  2 never executed
branch  3 never executed
branch  4 never executed
    #####:  607:/*EOF*/
call    0 never executed
branch  1 never executed
branch  2 never executed
    #####:  608:/*EOF*/
call    0 never executed
branch  1 never executed
branch  2 never executed
    #####:  609:/*EOF*/
call    0 never executed
call    1 never executed
call    2 never executed
branch  3 never executed
branch  4 never executed
call    5 never executed
call    6 never executed
        -:  610:/*EOF*/
        -:  611:/*EOF*/
        -:  612:/*EOF*/
    #####:  613:/*EOF*/
call    0 never executed
call    1 never executed
call    2 never executed
        -:  614:/*EOF*/
    #####:  615:/*EOF*/
call    0 never executed
call    1 never executed
call    2 never executed
    #####:  616:/*EOF*/
call    0 never executed
branch  1 never executed
branch  2 never executed
    #####:  617:/*EOF*/
call    0 never executed
branch  1 never executed
branch  2 never executed
    #####:  618:/*EOF*/
call    0 never executed
call    1 never executed
call    2 never executed
branch  3 never executed
branch  4 never executed
call    5 never executed
call    6 never executed
        -:  619:/*EOF*/
    #####:  620:/*EOF*/
branch  0 never executed
branch  1 never executed
    #####:  621:/*EOF*/
call    0 never executed
branch  1 never executed
branch  2 never executed
    #####:  622:/*EOF*/
call    0 never executed
call    1 never executed
branch  2 never executed
branch  3 never executed
call    4 never executed
call    5 never executed
        -:  623:/*EOF*/
    #####:  624:/*EOF*/
call    0 never executed
branch  1 never executed
branch  2 never executed
    #####:  625:/*EOF*/
        -:  626:/*EOF*/
        -:  627:/*EOF*/
    #####:  628:/*EOF*/
call    0 never executed
branch  1 never executed
branch  2 never executed
        -:  629:/*EOF*/
        -:  630:/*EOF*/
    #####:  631:/*EOF*/
call    0 never executed
branch  1 never executed
branch  2 never executed
