        -:    0:Source:/social-network-microservices/src/ThriftClient.h
        -:    0:Graph:/social-network-microservices/build/src/ComposePostService/CMakeFiles/ComposePostService.dir/ComposePostService.cpp.gcno
        -:    0:Data:/social-network-microservices/build/src/ComposePostService/CMakeFiles/ComposePostService.dir/ComposePostService.cpp.gcda
        -:    0:Runs:1
        -:    0:Programs:1
        -:    1:#ifndef SOCIAL_NETWORK_MICROSERVICES_THRIFTCLIENT_H
        -:    2:#define SOCIAL_NETWORK_MICROSERVICES_THRIFTCLIENT_H
        -:    3:
        -:    4:#include <string>
        -:    5:#include <thread>
        -:    6:#include <iostream>
        -:    7:#include <chrono>
        -:    8:#include <boost/log/trivial.hpp>
        -:    9:
        -:   10:#include <thrift/protocol/TBinaryProtocol.h>
        -:   11:#include <thrift/transport/TSocket.h>
        -:   12:#include <thrift/transport/TSSLSocket.h>
        -:   13:#include <thrift/transport/TTransportUtils.h>
        -:   14:#include <thrift/stdcxx.h>
        -:   15:#include <nlohmann/json.hpp>
        -:   16:#include "logger.h"
        -:   17:#include "GenericClient.h"
        -:   18:
        -:   19:
        -:   20:namespace social_network {
        -:   21:
        -:   22:using apache::thrift::protocol::TProtocol;
        -:   23:using apache::thrift::protocol::TBinaryProtocol;
        -:   24:using apache::thrift::transport::TFramedTransport;
        -:   25:using apache::thrift::transport::TSocket;
        -:   26:using apache::thrift::transport::TSSLSocketFactory;
        -:   27:using apache::thrift::transport::TTransport;
        -:   28:using apache::thrift::TException;
        -:   29:using json = nlohmann::json;
        -:   30:
        -:   31:template<class TThriftClient>
        -:   32:class ThriftClient : public GenericClient {
        -:   33: public:
        -:   34:  ThriftClient(const std::string &addr, int port);
        -:   35:  ThriftClient(const std::string &addr, int port, int keepalive_ms, const json &config_json);
        -:   36:
        -:   37:  ThriftClient(const ThriftClient &) = delete;
        -:   38:  ThriftClient &operator=(const ThriftClient &) = delete;
        -:   39:  ThriftClient(ThriftClient<TThriftClient> &&) = default;
        -:   40:  ThriftClient &operator=(ThriftClient &&) = default;
        -:   41:
        -:   42:  ~ThriftClient() override;
        -:   43:
        -:   44:  TThriftClient *GetClient() const;
        -:   45:
        -:   46:  void Connect() override;
        -:   47:  void Disconnect() override;
        -:   48:  bool IsConnected() override;
        -:   49:
        -:   50: private:
        -:   51:  TThriftClient *_client;
        -:   52:
        -:   53:  std::shared_ptr<TSocket> _socket;
        -:   54:  std::shared_ptr<TTransport> _transport;
        -:   55:  std::shared_ptr<TProtocol> _protocol;
        -:   56:};
        -:   57:
        -:   58:template<class TThriftClient>
        -:   59:ThriftClient<TThriftClient>::ThriftClient(
        -:   60:    const std::string &addr, int port) {
        -:   61:  _addr = addr;
        -:   62:  _port = port;
        -:   63:  _socket = std::shared_ptr<TSocket>(new TSocket(addr, port));
        -:   64:  _socket->setKeepAlive(true);
        -:   65:  _transport = std::shared_ptr<TTransport>(new TFramedTransport(_socket));
        -:   66:  _protocol = std::shared_ptr<TProtocol>(new TBinaryProtocol(_transport));
        -:   67:  _client = new TThriftClient(_protocol);
        -:   68:  _connect_timestamp = 0;
        -:   69:  _keepalive_ms = 0;
        -:   70:}
        -:   71:
        -:   72:template <class TThriftClient>
function _ZN14social_network12ThriftClientINS_25HomeTimelineServiceClientEEC2ERKNSt7__cxx1112basic_stringIcSt11char_traitsIcESaIcEEEiiRKN8nlohmann10basic_jsonISt3mapSt6vectorS8_blmdSaNSB_14adl_serializerEEE called 0 returned 0% blocks executed 0%
function _ZN14social_network12ThriftClientINS_25UserTimelineServiceClientEEC2ERKNSt7__cxx1112basic_stringIcSt11char_traitsIcESaIcEEEiiRKN8nlohmann10basic_jsonISt3mapSt6vectorS8_blmdSaNSB_14adl_serializerEEE called 0 returned 0% blocks executed 0%
function _ZN14social_network12ThriftClientINS_24PostStorageServiceClientEEC2ERKNSt7__cxx1112basic_stringIcSt11char_traitsIcESaIcEEEiiRKN8nlohmann10basic_jsonISt3mapSt6vectorS8_blmdSaNSB_14adl_serializerEEE called 0 returned 0% blocks executed 0%
function _ZN14social_network12ThriftClientINS_21UniqueIdServiceClientEEC2ERKNSt7__cxx1112basic_stringIcSt11char_traitsIcESaIcEEEiiRKN8nlohmann10basic_jsonISt3mapSt6vectorS8_blmdSaNSB_14adl_serializerEEE called 67 returned 100% blocks executed 44%
function _ZN14social_network12ThriftClientINS_18MediaServiceClientEEC2ERKNSt7__cxx1112basic_stringIcSt11char_traitsIcESaIcEEEiiRKN8nlohmann10basic_jsonISt3mapSt6vectorS8_blmdSaNSB_14adl_serializerEEE called 67 returned 100% blocks executed 44%
function _ZN14social_network12ThriftClientINS_17TextServiceClientEEC2ERKNSt7__cxx1112basic_stringIcSt11char_traitsIcESaIcEEEiiRKN8nlohmann10basic_jsonISt3mapSt6vectorS8_blmdSaNSB_14adl_serializerEEE called 200 returned 100% blocks executed 44%
function _ZN14social_network12ThriftClientINS_17UserServiceClientEEC2ERKNSt7__cxx1112basic_stringIcSt11char_traitsIcESaIcEEEiiRKN8nlohmann10basic_jsonISt3mapSt6vectorS8_blmdSaNSB_14adl_serializerEEE called 67 returned 100% blocks executed 44%
      401:   73:ThriftClient<TThriftClient>::ThriftClient(
      401:   74:    const std::string &addr, int port, int keepalive_ms, const json &config_json) {
call    0 never executed
call    1 never executed
call    2 never executed
call    3 never executed
call    4 never executed
call    5 never executed
call    6 never executed
call    7 never executed
call    8 never executed
call    9 never executed
call   10 never executed
call   11 never executed
call   12 never executed
call   13 never executed
call   14 never executed
call   15 never executed
call   16 never executed
call   17 never executed
call   18 never executed
call   19 never executed
call   20 never executed
call   21 never executed
call   22 never executed
call   23 never executed
call   24 returned 100%
call   25 returned 100%
call   26 returned 100%
call   27 returned 100%
call   28 never executed
call   29 never executed
call   30 never executed
call   31 never executed
call   32 returned 100%
call   33 returned 100%
call   34 returned 100%
call   35 returned 100%
call   36 never executed
call   37 never executed
call   38 never executed
call   39 never executed
call   40 returned 100%
call   41 returned 100%
call   42 returned 100%
call   43 returned 100%
call   44 never executed
call   45 never executed
call   46 never executed
call   47 never executed
call   48 returned 100%
call   49 returned 100%
call   50 returned 100%
call   51 returned 100%
call   52 never executed
call   53 never executed
call   54 never executed
call   55 never executed
      401:   75:  _addr = addr;
call    0 never executed
branch  1 never executed
branch  2 never executed
call    3 never executed
branch  4 never executed
branch  5 never executed
call    6 never executed
branch  7 never executed
branch  8 never executed
call    9 returned 100%
branch 10 taken 100% (fallthrough)
branch 11 taken 0% (throw)
call   12 returned 100%
branch 13 taken 100% (fallthrough)
branch 14 taken 0% (throw)
call   15 returned 100%
branch 16 taken 100% (fallthrough)
branch 17 taken 0% (throw)
call   18 returned 100%
branch 19 taken 100% (fallthrough)
branch 20 taken 0% (throw)
      401:   76:  _port = port;
      401:   77:  bool ssl_enabled = config_json["ssl"]["enabled"];
call    0 never executed
branch  1 never executed
branch  2 never executed
call    3 never executed
branch  4 never executed
branch  5 never executed
call    6 never executed
branch  7 never executed
branch  8 never executed
call    9 never executed
branch 10 never executed
branch 11 never executed
call   12 never executed
branch 13 never executed
branch 14 never executed
call   15 never executed
branch 16 never executed
branch 17 never executed
call   18 never executed
branch 19 never executed
branch 20 never executed
call   21 never executed
branch 22 never executed
branch 23 never executed
call   24 never executed
branch 25 never executed
branch 26 never executed
call   27 returned 100%
branch 28 taken 100% (fallthrough)
branch 29 taken 0% (throw)
call   30 returned 100%
branch 31 taken 100% (fallthrough)
branch 32 taken 0% (throw)
call   33 returned 100%
branch 34 taken 100% (fallthrough)
branch 35 taken 0% (throw)
call   36 returned 100%
branch 37 taken 100% (fallthrough)
branch 38 taken 0% (throw)
call   39 returned 100%
branch 40 taken 100% (fallthrough)
branch 41 taken 0% (throw)
call   42 returned 100%
branch 43 taken 100% (fallthrough)
branch 44 taken 0% (throw)
call   45 returned 100%
branch 46 taken 100% (fallthrough)
branch 47 taken 0% (throw)
call   48 returned 100%
branch 49 taken 100% (fallthrough)
branch 50 taken 0% (throw)
call   51 returned 100%
branch 52 taken 100% (fallthrough)
branch 53 taken 0% (throw)
call   54 returned 100%
branch 55 taken 100% (fallthrough)
branch 56 taken 0% (throw)
call   57 returned 100%
branch 58 taken 100% (fallthrough)
branch 59 taken 0% (throw)
call   60 returned 100%
branch 61 taken 100% (fallthrough)
branch 62 taken 0% (throw)
        -:   78:
      401:   79:  if (ssl_enabled) {
branch  0 never executed
branch  1 never executed
branch  2 never executed
branch  3 never executed
branch  4 never executed
branch  5 never executed
branch  6 taken 0% (fallthrough)
branch  7 taken 100%
branch  8 taken 0% (fallthrough)
branch  9 taken 100%
branch 10 taken 0% (fallthrough)
branch 11 taken 100%
branch 12 taken 0% (fallthrough)
branch 13 taken 100%
    #####:   80:    std::string ca_path = config_json["ssl"]["caPath"];
call    0 never executed
branch  1 never executed
branch  2 never executed
call    3 never executed
branch  4 never executed
branch  5 never executed
call    6 never executed
branch  7 never executed
branch  8 never executed
call    9 never executed
call   10 never executed
call   11 never executed
branch 12 never executed
branch 13 never executed
call   14 never executed
branch 15 never executed
branch 16 never executed
call   17 never executed
branch 18 never executed
branch 19 never executed
call   20 never executed
call   21 never executed
call   22 never executed
branch 23 never executed
branch 24 never executed
call   25 never executed
branch 26 never executed
branch 27 never executed
call   28 never executed
branch 29 never executed
branch 30 never executed
call   31 never executed
call   32 never executed
call   33 never executed
branch 34 never executed
branch 35 never executed
call   36 never executed
branch 37 never executed
branch 38 never executed
call   39 never executed
branch 40 never executed
branch 41 never executed
call   42 never executed
call   43 never executed
call   44 never executed
branch 45 never executed
branch 46 never executed
call   47 never executed
branch 48 never executed
branch 49 never executed
call   50 never executed
branch 51 never executed
branch 52 never executed
call   53 never executed
call   54 never executed
call   55 never executed
branch 56 never executed
branch 57 never executed
call   58 never executed
branch 59 never executed
branch 60 never executed
call   61 never executed
branch 62 never executed
branch 63 never executed
call   64 never executed
call   65 never executed
call   66 never executed
branch 67 never executed
branch 68 never executed
call   69 never executed
branch 70 never executed
branch 71 never executed
call   72 never executed
branch 73 never executed
branch 74 never executed
call   75 never executed
call   76 never executed
    #####:   81:    std::string ciphers = config_json["ssl"]["ciphers"];
call    0 never executed
branch  1 never executed
branch  2 never executed
call    3 never executed
branch  4 never executed
branch  5 never executed
call    6 never executed
branch  7 never executed
branch  8 never executed
call    9 never executed
call   10 never executed
call   11 never executed
branch 12 never executed
branch 13 never executed
call   14 never executed
branch 15 never executed
branch 16 never executed
call   17 never executed
branch 18 never executed
branch 19 never executed
call   20 never executed
call   21 never executed
call   22 never executed
branch 23 never executed
branch 24 never executed
call   25 never executed
branch 26 never executed
branch 27 never executed
call   28 never executed
branch 29 never executed
branch 30 never executed
call   31 never executed
call   32 never executed
call   33 never executed
branch 34 never executed
branch 35 never executed
call   36 never executed
branch 37 never executed
branch 38 never executed
call   39 never executed
branch 40 never executed
branch 41 never executed
call   42 never executed
call   43 never executed
call   44 never executed
branch 45 never executed
branch 46 never executed
call   47 never executed
branch 48 never executed
branch 49 never executed
call   50 never executed
branch 51 never executed
branch 52 never executed
call   53 never executed
call   54 never executed
call   55 never executed
branch 56 never executed
branch 57 never executed
call   58 never executed
branch 59 never executed
branch 60 never executed
call   61 never executed
branch 62 never executed
branch 63 never executed
call   64 never executed
call   65 never executed
call   66 never executed
branch 67 never executed
branch 68 never executed
call   69 never executed
branch 70 never executed
branch 71 never executed
call   72 never executed
branch 73 never executed
branch 74 never executed
call   75 never executed
call   76 never executed
        -:   82:
    #####:   83:    std::shared_ptr<TSSLSocketFactory> factory;
call    0 never executed
call    1 never executed
call    2 never executed
call    3 never executed
call    4 never executed
call    5 never executed
call    6 never executed
call    7 never executed
call    8 never executed
call    9 never executed
call   10 never executed
call   11 never executed
call   12 never executed
call   13 never executed
    #####:   84:    factory = std::make_shared<TSSLSocketFactory>();
call    0 never executed
branch  1 never executed
branch  2 never executed
call    3 never executed
call    4 never executed
call    5 never executed
branch  6 never executed
branch  7 never executed
call    8 never executed
call    9 never executed
call   10 never executed
branch 11 never executed
branch 12 never executed
call   13 never executed
call   14 never executed
call   15 never executed
branch 16 never executed
branch 17 never executed
call   18 never executed
call   19 never executed
call   20 never executed
branch 21 never executed
branch 22 never executed
call   23 never executed
call   24 never executed
call   25 never executed
branch 26 never executed
branch 27 never executed
call   28 never executed
call   29 never executed
call   30 never executed
branch 31 never executed
branch 32 never executed
call   33 never executed
call   34 never executed
    #####:   85:    factory->ciphers(ciphers);
call    0 never executed
call    1 never executed
branch  2 never executed
branch  3 never executed
call    4 never executed
call    5 never executed
branch  6 never executed
branch  7 never executed
call    8 never executed
call    9 never executed
branch 10 never executed
branch 11 never executed
call   12 never executed
call   13 never executed
branch 14 never executed
branch 15 never executed
call   16 never executed
call   17 never executed
branch 18 never executed
branch 19 never executed
call   20 never executed
call   21 never executed
branch 22 never executed
branch 23 never executed
call   24 never executed
call   25 never executed
branch 26 never executed
branch 27 never executed
    #####:   86:    factory->loadTrustedCertificates(ca_path.c_str());
call    0 never executed
call    1 never executed
call    2 never executed
branch  3 never executed
branch  4 never executed
call    5 never executed
call    6 never executed
call    7 never executed
branch  8 never executed
branch  9 never executed
call   10 never executed
call   11 never executed
call   12 never executed
branch 13 never executed
branch 14 never executed
call   15 never executed
call   16 never executed
call   17 never executed
branch 18 never executed
branch 19 never executed
call   20 never executed
call   21 never executed
call   22 never executed
branch 23 never executed
branch 24 never executed
call   25 never executed
call   26 never executed
call   27 never executed
branch 28 never executed
branch 29 never executed
call   30 never executed
call   31 never executed
call   32 never executed
branch 33 never executed
branch 34 never executed
        -:   87:
        -:   88:    // if (config_json["ssl"]["verifyClient"]) {
        -:   89:    //   std::string cert_path = config_json["ssl"]["clientCertPath"];
        -:   90:    //   std::string key_path = config_json["ssl"]["clientKeyPath"];
        -:   91:    //   factory->loadCertificate(cert_path.c_str());
        -:   92:    //   factory->loadPrivateKey(key_path.c_str());
        -:   93:    // }
        -:   94:    // Need verify server
    #####:   95:    factory->authenticate(true);
call    0 never executed
call    1 never executed
branch  2 never executed
branch  3 never executed
call    4 never executed
call    5 never executed
branch  6 never executed
branch  7 never executed
call    8 never executed
call    9 never executed
branch 10 never executed
branch 11 never executed
call   12 never executed
call   13 never executed
branch 14 never executed
branch 15 never executed
call   16 never executed
call   17 never executed
branch 18 never executed
branch 19 never executed
call   20 never executed
call   21 never executed
branch 22 never executed
branch 23 never executed
call   24 never executed
call   25 never executed
branch 26 never executed
branch 27 never executed
    #####:   96:    _socket = factory->createSocket(addr, port);
call    0 never executed
call    1 never executed
branch  2 never executed
branch  3 never executed
call    4 never executed
call    5 never executed
call    6 never executed
call    7 never executed
branch  8 never executed
branch  9 never executed
call   10 never executed
call   11 never executed
call   12 never executed
call   13 never executed
branch 14 never executed
branch 15 never executed
call   16 never executed
call   17 never executed
call   18 never executed
call   19 never executed
branch 20 never executed
branch 21 never executed
call   22 never executed
call   23 never executed
call   24 never executed
call   25 never executed
branch 26 never executed
branch 27 never executed
call   28 never executed
call   29 never executed
call   30 never executed
call   31 never executed
branch 32 never executed
branch 33 never executed
call   34 never executed
call   35 never executed
call   36 never executed
call   37 never executed
branch 38 never executed
branch 39 never executed
call   40 never executed
call   41 never executed
        -:   97:  } else {
      401:   98:    _socket = std::shared_ptr<TSocket>(new TSocket(addr, port));
call    0 never executed
branch  1 never executed
branch  2 never executed
call    3 never executed
branch  4 never executed
branch  5 never executed
call    6 never executed
branch  7 never executed
branch  8 never executed
call    9 never executed
call   10 never executed
call   11 never executed
call   12 never executed
branch 13 never executed
branch 14 never executed
call   15 never executed
branch 16 never executed
branch 17 never executed
call   18 never executed
branch 19 never executed
branch 20 never executed
call   21 never executed
call   22 never executed
call   23 never executed
call   24 never executed
branch 25 never executed
branch 26 never executed
call   27 never executed
branch 28 never executed
branch 29 never executed
call   30 never executed
branch 31 never executed
branch 32 never executed
call   33 never executed
call   34 never executed
call   35 never executed
call   36 returned 100%
branch 37 taken 100% (fallthrough)
branch 38 taken 0% (throw)
call   39 returned 100%
branch 40 taken 100% (fallthrough)
branch 41 taken 0% (throw)
call   42 returned 100%
branch 43 taken 100% (fallthrough)
branch 44 taken 0% (throw)
call   45 returned 100%
call   46 returned 100%
call   47 never executed
call   48 returned 100%
branch 49 taken 100% (fallthrough)
branch 50 taken 0% (throw)
call   51 returned 100%
branch 52 taken 100% (fallthrough)
branch 53 taken 0% (throw)
call   54 returned 100%
branch 55 taken 100% (fallthrough)
branch 56 taken 0% (throw)
call   57 returned 100%
call   58 returned 100%
call   59 never executed
call   60 returned 100%
branch 61 taken 100% (fallthrough)
branch 62 taken 0% (throw)
call   63 returned 100%
branch 64 taken 100% (fallthrough)
branch 65 taken 0% (throw)
call   66 returned 100%
branch 67 taken 100% (fallthrough)
branch 68 taken 0% (throw)
call   69 returned 100%
call   70 returned 100%
call   71 never executed
call   72 returned 100%
branch 73 taken 100% (fallthrough)
branch 74 taken 0% (throw)
call   75 returned 100%
branch 76 taken 100% (fallthrough)
branch 77 taken 0% (throw)
call   78 returned 100%
branch 79 taken 100% (fallthrough)
branch 80 taken 0% (throw)
call   81 returned 100%
call   82 returned 100%
call   83 never executed
        -:   99:  }
      401:  100:  _socket->setKeepAlive(true);
call    0 never executed
call    1 never executed
branch  2 never executed
branch  3 never executed
call    4 never executed
call    5 never executed
branch  6 never executed
branch  7 never executed
call    8 never executed
call    9 never executed
branch 10 never executed
branch 11 never executed
call   12 returned 100%
call   13 returned 100%
branch 14 taken 100% (fallthrough)
branch 15 taken 0% (throw)
call   16 returned 100%
call   17 returned 100%
branch 18 taken 100% (fallthrough)
branch 19 taken 0% (throw)
call   20 returned 100%
call   21 returned 100%
branch 22 taken 100% (fallthrough)
branch 23 taken 0% (throw)
call   24 returned 100%
call   25 returned 100%
branch 26 taken 100% (fallthrough)
branch 27 taken 0% (throw)
      401:  101:  _transport = std::shared_ptr<TTransport>(new TFramedTransport(_socket));
call    0 never executed
call    1 never executed
branch  2 never executed
branch  3 never executed
call    4 never executed
branch  5 never executed
branch  6 never executed
call    7 never executed
branch  8 never executed
branch  9 never executed
call   10 never executed
call   11 never executed
call   12 never executed
call   13 never executed
call   14 never executed
call   15 never executed
call   16 never executed
branch 17 never executed
branch 18 never executed
call   19 never executed
branch 20 never executed
branch 21 never executed
call   22 never executed
branch 23 never executed
branch 24 never executed
call   25 never executed
call   26 never executed
call   27 never executed
call   28 never executed
call   29 never executed
call   30 never executed
call   31 never executed
branch 32 never executed
branch 33 never executed
call   34 never executed
branch 35 never executed
branch 36 never executed
call   37 never executed
branch 38 never executed
branch 39 never executed
call   40 never executed
call   41 never executed
call   42 never executed
call   43 never executed
call   44 never executed
call   45 returned 100%
call   46 returned 100%
branch 47 taken 100% (fallthrough)
branch 48 taken 0% (throw)
call   49 returned 100%
branch 50 taken 100% (fallthrough)
branch 51 taken 0% (throw)
call   52 returned 100%
branch 53 taken 100% (fallthrough)
branch 54 taken 0% (throw)
call   55 returned 100%
call   56 returned 100%
call   57 returned 100%
call   58 never executed
call   59 never executed
call   60 returned 100%
call   61 returned 100%
branch 62 taken 100% (fallthrough)
branch 63 taken 0% (throw)
call   64 returned 100%
branch 65 taken 100% (fallthrough)
branch 66 taken 0% (throw)
call   67 returned 100%
branch 68 taken 100% (fallthrough)
branch 69 taken 0% (throw)
call   70 returned 100%
call   71 returned 100%
call   72 returned 100%
call   73 never executed
call   74 never executed
call   75 returned 100%
call   76 returned 100%
branch 77 taken 100% (fallthrough)
branch 78 taken 0% (throw)
call   79 returned 100%
branch 80 taken 100% (fallthrough)
branch 81 taken 0% (throw)
call   82 returned 100%
branch 83 taken 100% (fallthrough)
branch 84 taken 0% (throw)
call   85 returned 100%
call   86 returned 100%
call   87 returned 100%
call   88 never executed
call   89 never executed
call   90 returned 100%
call   91 returned 100%
branch 92 taken 100% (fallthrough)
branch 93 taken 0% (throw)
call   94 returned 100%
branch 95 taken 100% (fallthrough)
branch 96 taken 0% (throw)
call   97 returned 100%
branch 98 taken 100% (fallthrough)
branch 99 taken 0% (throw)
call   100 returned 100%
call   101 returned 100%
call   102 returned 100%
call   103 never executed
call   104 never executed
      401:  102:  _protocol = std::shared_ptr<TProtocol>(new TBinaryProtocol(_transport));
call    0 never executed
call    1 never executed
branch  2 never executed
branch  3 never executed
call    4 never executed
branch  5 never executed
branch  6 never executed
call    7 never executed
branch  8 never executed
branch  9 never executed
call   10 never executed
call   11 never executed
call   12 never executed
call   13 never executed
call   14 never executed
call   15 never executed
call   16 never executed
branch 17 never executed
branch 18 never executed
call   19 never executed
branch 20 never executed
branch 21 never executed
call   22 never executed
branch 23 never executed
branch 24 never executed
call   25 never executed
call   26 never executed
call   27 never executed
call   28 never executed
call   29 never executed
call   30 never executed
call   31 never executed
branch 32 never executed
branch 33 never executed
call   34 never executed
branch 35 never executed
branch 36 never executed
call   37 never executed
branch 38 never executed
branch 39 never executed
call   40 never executed
call   41 never executed
call   42 never executed
call   43 never executed
call   44 never executed
call   45 returned 100%
call   46 returned 100%
branch 47 taken 100% (fallthrough)
branch 48 taken 0% (throw)
call   49 returned 100%
branch 50 taken 100% (fallthrough)
branch 51 taken 0% (throw)
call   52 returned 100%
branch 53 taken 100% (fallthrough)
branch 54 taken 0% (throw)
call   55 returned 100%
call   56 returned 100%
call   57 returned 100%
call   58 never executed
call   59 never executed
call   60 returned 100%
call   61 returned 100%
branch 62 taken 100% (fallthrough)
branch 63 taken 0% (throw)
call   64 returned 100%
branch 65 taken 100% (fallthrough)
branch 66 taken 0% (throw)
call   67 returned 100%
branch 68 taken 100% (fallthrough)
branch 69 taken 0% (throw)
call   70 returned 100%
call   71 returned 100%
call   72 returned 100%
call   73 never executed
call   74 never executed
call   75 returned 100%
call   76 returned 100%
branch 77 taken 100% (fallthrough)
branch 78 taken 0% (throw)
call   79 returned 100%
branch 80 taken 100% (fallthrough)
branch 81 taken 0% (throw)
call   82 returned 100%
branch 83 taken 100% (fallthrough)
branch 84 taken 0% (throw)
call   85 returned 100%
call   86 returned 100%
call   87 returned 100%
call   88 never executed
call   89 never executed
call   90 returned 100%
call   91 returned 100%
branch 92 taken 100% (fallthrough)
branch 93 taken 0% (throw)
call   94 returned 100%
branch 95 taken 100% (fallthrough)
branch 96 taken 0% (throw)
call   97 returned 100%
branch 98 taken 100% (fallthrough)
branch 99 taken 0% (throw)
call   100 returned 100%
call   101 returned 100%
call   102 returned 100%
call   103 never executed
call   104 never executed
      401:  103:  _client = new TThriftClient(_protocol);
call    0 never executed
call    1 never executed
branch  2 never executed
branch  3 never executed
call    4 never executed
branch  5 never executed
branch  6 never executed
call    7 never executed
call    8 never executed
call    9 never executed
call   10 never executed
call   11 never executed
branch 12 never executed
branch 13 never executed
call   14 never executed
branch 15 never executed
branch 16 never executed
call   17 never executed
call   18 never executed
call   19 never executed
call   20 never executed
call   21 never executed
branch 22 never executed
branch 23 never executed
call   24 never executed
branch 25 never executed
branch 26 never executed
call   27 never executed
call   28 never executed
call   29 never executed
call   30 returned 100%
call   31 returned 100%
branch 32 taken 100% (fallthrough)
branch 33 taken 0% (throw)
call   34 returned 100%
branch 35 taken 100% (fallthrough)
branch 36 taken 0% (throw)
call   37 returned 100%
call   38 never executed
call   39 never executed
call   40 returned 100%
call   41 returned 100%
branch 42 taken 100% (fallthrough)
branch 43 taken 0% (throw)
call   44 returned 100%
branch 45 taken 100% (fallthrough)
branch 46 taken 0% (throw)
call   47 returned 100%
call   48 never executed
call   49 never executed
call   50 returned 100%
call   51 returned 100%
branch 52 taken 100% (fallthrough)
branch 53 taken 0% (throw)
call   54 returned 100%
branch 55 taken 100% (fallthrough)
branch 56 taken 0% (throw)
call   57 returned 100%
call   58 never executed
call   59 never executed
call   60 returned 100%
call   61 returned 100%
branch 62 taken 100% (fallthrough)
branch 63 taken 0% (throw)
call   64 returned 100%
branch 65 taken 100% (fallthrough)
branch 66 taken 0% (throw)
call   67 returned 100%
call   68 never executed
call   69 never executed
     1203:  104:  _connect_timestamp = std::chrono::duration_cast<std::chrono::milliseconds>(
call    0 never executed
call    1 never executed
call    2 never executed
call    3 returned 100%
call    4 returned 100%
call    5 returned 100%
call    6 returned 100%
      802:  105:                           std::chrono::system_clock::now().time_since_epoch())
call    0 never executed
call    1 never executed
call    2 never executed
call    3 returned 100%
call    4 returned 100%
call    5 returned 100%
call    6 returned 100%
      802:  106:                           .count();
call    0 never executed
call    1 never executed
call    2 never executed
call    3 never executed
call    4 never executed
call    5 never executed
call    6 returned 100%
call    7 returned 100%
call    8 returned 100%
call    9 returned 100%
call   10 returned 100%
call   11 returned 100%
call   12 returned 100%
call   13 returned 100%
      401:  107:  _keepalive_ms = keepalive_ms;
      401:  108:}
        -:  109:
        -:  110:template<class TThriftClient>
function _ZN14social_network12ThriftClientINS_25HomeTimelineServiceClientEED0Ev called 0 returned 0% blocks executed 0%
function _ZN14social_network12ThriftClientINS_25HomeTimelineServiceClientEED2Ev called 0 returned 0% blocks executed 0%
function _ZN14social_network12ThriftClientINS_25UserTimelineServiceClientEED0Ev called 0 returned 0% blocks executed 0%
function _ZN14social_network12ThriftClientINS_25UserTimelineServiceClientEED2Ev called 0 returned 0% blocks executed 0%
function _ZN14social_network12ThriftClientINS_24PostStorageServiceClientEED0Ev called 0 returned 0% blocks executed 0%
function _ZN14social_network12ThriftClientINS_24PostStorageServiceClientEED2Ev called 0 returned 0% blocks executed 0%
function _ZN14social_network12ThriftClientINS_21UniqueIdServiceClientEED0Ev called 66 returned 100% blocks executed 100%
function _ZN14social_network12ThriftClientINS_21UniqueIdServiceClientEED2Ev called 66 returned 100% blocks executed 90%
function _ZN14social_network12ThriftClientINS_18MediaServiceClientEED0Ev called 66 returned 100% blocks executed 100%
function _ZN14social_network12ThriftClientINS_18MediaServiceClientEED2Ev called 66 returned 100% blocks executed 90%
function _ZN14social_network12ThriftClientINS_17TextServiceClientEED0Ev called 200 returned 100% blocks executed 100%
function _ZN14social_network12ThriftClientINS_17TextServiceClientEED2Ev called 200 returned 100% blocks executed 90%
function _ZN14social_network12ThriftClientINS_17UserServiceClientEED0Ev called 66 returned 100% blocks executed 100%
function _ZN14social_network12ThriftClientINS_17UserServiceClientEED2Ev called 66 returned 100% blocks executed 90%
      796:  111:ThriftClient<TThriftClient>::~ThriftClient() {
      398:  112:  Disconnect();
call    0 never executed
call    1 never executed
call    2 never executed
call    3 returned 100%
call    4 returned 100%
call    5 returned 100%
call    6 returned 100%
      398:  113:  delete _client;
branch  0 never executed
branch  1 never executed
call    2 never executed
branch  3 never executed
branch  4 never executed
call    5 never executed
branch  6 never executed
branch  7 never executed
call    8 never executed
branch  9 taken 100% (fallthrough)
branch 10 taken 0%
call   11 returned 100%
branch 12 taken 100% (fallthrough)
branch 13 taken 0%
call   14 returned 100%
branch 15 taken 100% (fallthrough)
branch 16 taken 0%
call   17 returned 100%
branch 18 taken 100% (fallthrough)
branch 19 taken 0%
call   20 returned 100%
     1194:  114:}
call    0 never executed
call    1 never executed
call    2 never executed
call    3 never executed
call    4 never executed
call    5 never executed
branch  6 never executed
branch  7 never executed
call    8 never executed
call    9 never executed
call   10 never executed
call   11 never executed
call   12 never executed
call   13 never executed
call   14 never executed
branch 15 never executed
branch 16 never executed
call   17 never executed
call   18 never executed
call   19 never executed
call   20 never executed
call   21 never executed
call   22 never executed
call   23 never executed
branch 24 never executed
branch 25 never executed
call   26 never executed
call   27 returned 100%
call   28 returned 100%
call   29 returned 100%
call   30 returned 100%
call   31 returned 100%
call   32 returned 100%
branch 33 taken 0% (fallthrough)
branch 34 taken 100%
call   35 never executed
call   36 returned 100%
call   37 returned 100%
call   38 returned 100%
call   39 returned 100%
call   40 returned 100%
call   41 returned 100%
branch 42 taken 0% (fallthrough)
branch 43 taken 100%
call   44 never executed
call   45 returned 100%
call   46 returned 100%
call   47 returned 100%
call   48 returned 100%
call   49 returned 100%
call   50 returned 100%
branch 51 taken 0% (fallthrough)
branch 52 taken 100%
call   53 never executed
call   54 returned 100%
call   55 returned 100%
call   56 returned 100%
call   57 returned 100%
call   58 returned 100%
call   59 returned 100%
branch 60 taken 0% (fallthrough)
branch 61 taken 100%
call   62 never executed
        -:  115:
        -:  116:template<class TThriftClient>
function _ZNK14social_network12ThriftClientINS_25HomeTimelineServiceClientEE9GetClientEv called 0 returned 0% blocks executed 0%
function _ZNK14social_network12ThriftClientINS_25UserTimelineServiceClientEE9GetClientEv called 0 returned 0% blocks executed 0%
function _ZNK14social_network12ThriftClientINS_24PostStorageServiceClientEE9GetClientEv called 0 returned 0% blocks executed 0%
function _ZNK14social_network12ThriftClientINS_21UniqueIdServiceClientEE9GetClientEv called 200 returned 100% blocks executed 100%
function _ZNK14social_network12ThriftClientINS_18MediaServiceClientEE9GetClientEv called 200 returned 100% blocks executed 100%
function _ZNK14social_network12ThriftClientINS_17TextServiceClientEE9GetClientEv called 0 returned 0% blocks executed 0%
function _ZNK14social_network12ThriftClientINS_17UserServiceClientEE9GetClientEv called 200 returned 100% blocks executed 100%
      600:  117:TThriftClient *ThriftClient<TThriftClient>::GetClient() const {
      600:  118:  return _client;
        -:  119:}
        -:  120:
        -:  121:template<class TThriftClient>
function _ZN14social_network12ThriftClientINS_25HomeTimelineServiceClientEE11IsConnectedEv called 0 returned 0% blocks executed 0%
function _ZN14social_network12ThriftClientINS_25UserTimelineServiceClientEE11IsConnectedEv called 0 returned 0% blocks executed 0%
function _ZN14social_network12ThriftClientINS_24PostStorageServiceClientEE11IsConnectedEv called 0 returned 0% blocks executed 0%
function _ZN14social_network12ThriftClientINS_21UniqueIdServiceClientEE11IsConnectedEv called 266 returned 100% blocks executed 100%
function _ZN14social_network12ThriftClientINS_18MediaServiceClientEE11IsConnectedEv called 266 returned 100% blocks executed 100%
function _ZN14social_network12ThriftClientINS_17TextServiceClientEE11IsConnectedEv called 400 returned 100% blocks executed 100%
function _ZN14social_network12ThriftClientINS_17UserServiceClientEE11IsConnectedEv called 266 returned 100% blocks executed 100%
     1198:  122:bool ThriftClient<TThriftClient>::IsConnected() {
     1198:  123:  return _transport->isOpen();
call    0 never executed
call    1 never executed
call    2 never executed
call    3 never executed
call    4 never executed
call    5 never executed
call    6 returned 100%
call    7 returned 100%
call    8 returned 100%
call    9 returned 100%
call   10 returned 100%
call   11 returned 100%
call   12 returned 100%
call   13 returned 100%
        -:  124:}
        -:  125:
        -:  126:template<class TThriftClient>
function _ZN14social_network12ThriftClientINS_25HomeTimelineServiceClientEE7ConnectEv called 0 returned 0% blocks executed 0%
function _ZN14social_network12ThriftClientINS_25UserTimelineServiceClientEE7ConnectEv called 0 returned 0% blocks executed 0%
function _ZN14social_network12ThriftClientINS_24PostStorageServiceClientEE7ConnectEv called 0 returned 0% blocks executed 0%
function _ZN14social_network12ThriftClientINS_21UniqueIdServiceClientEE7ConnectEv called 200 returned 100% blocks executed 44%
function _ZN14social_network12ThriftClientINS_18MediaServiceClientEE7ConnectEv called 200 returned 100% blocks executed 44%
function _ZN14social_network12ThriftClientINS_17TextServiceClientEE7ConnectEv called 200 returned 0% blocks executed 69%
function _ZN14social_network12ThriftClientINS_17UserServiceClientEE7ConnectEv called 200 returned 100% blocks executed 44%
      800:  127:void ThriftClient<TThriftClient>::Connect() {
      800:  128:  if (!IsConnected()) {
call    0 never executed
branch  1 never executed
branch  2 never executed
call    3 never executed
branch  4 never executed
branch  5 never executed
call    6 never executed
branch  7 never executed
branch  8 never executed
call    9 returned 100%
branch 10 taken 34% (fallthrough)
branch 11 taken 67%
call   12 returned 100%
branch 13 taken 34% (fallthrough)
branch 14 taken 67%
call   15 returned 100%
branch 16 taken 100% (fallthrough)
branch 17 taken 0%
call   18 returned 100%
branch 19 taken 34% (fallthrough)
branch 20 taken 67%
        -:  129:    try {
      401:  130:      _transport->open();
call    0 never executed
call    1 never executed
branch  2 never executed
branch  3 never executed
call    4 never executed
call    5 never executed
branch  6 never executed
branch  7 never executed
call    8 never executed
call    9 never executed
branch 10 never executed
branch 11 never executed
call   12 returned 100%
call   13 returned 100%
branch 14 taken 100% (fallthrough)
branch 15 taken 0% (throw)
call   16 returned 100%
call   17 returned 100%
branch 18 taken 100% (fallthrough)
branch 19 taken 0% (throw)
call   20 returned 100%
call   21 returned 100%
branch 22 taken 0% (fallthrough)
branch 23 taken 100% (throw)
call   24 returned 100%
call   25 returned 100%
branch 26 taken 100% (fallthrough)
branch 27 taken 0% (throw)
      400:  131:    } catch (TException &tx) {
call    0 never executed
call    1 never executed
call    2 never executed
call    3 never executed
call    4 never executed
call    5 never executed
call    6 never executed
call    7 never executed
call    8 never executed
call    9 never executed
call   10 returned 100%
call   11 returned 100%
call   12 never executed
call   13 never executed
      200:  132:      throw tx;
call    0 never executed
call    1 never executed
branch  2 never executed
branch  3 never executed
call    4 never executed
call    5 never executed
call    6 never executed
call    7 never executed
branch  8 never executed
branch  9 never executed
call   10 never executed
call   11 never executed
call   12 never executed
call   13 never executed
branch 14 never executed
branch 15 never executed
call   16 never executed
call   17 never executed
call   18 never executed
call   19 never executed
branch 20 never executed
branch 21 never executed
call   22 never executed
call   23 never executed
call   24 never executed
call   25 never executed
branch 26 never executed
branch 27 never executed
call   28 never executed
call   29 never executed
call   30 returned 100%
call   31 returned 100%
branch 32 taken 100% (fallthrough)
branch 33 taken 0% (throw)
call   34 returned 100%
call   35 never executed
call   36 never executed
call   37 never executed
branch 38 never executed
branch 39 never executed
call   40 never executed
call   41 never executed
        -:  133:    }
        -:  134:  }
      600:  135:}
branch  0 never executed
branch  1 never executed
call    2 never executed
branch  3 never executed
branch  4 never executed
call    5 never executed
branch  6 never executed
branch  7 never executed
call    8 never executed
branch  9 never executed
branch 10 never executed
call   11 never executed
branch 12 never executed
branch 13 never executed
call   14 never executed
branch 15 taken 0% (fallthrough)
branch 16 taken 100%
call   17 never executed
branch 18 never executed
branch 19 never executed
call   20 never executed
        -:  136:
        -:  137:template<class TThriftClient>
function _ZN14social_network12ThriftClientINS_25HomeTimelineServiceClientEE10DisconnectEv called 0 returned 0% blocks executed 0%
function _ZN14social_network12ThriftClientINS_25UserTimelineServiceClientEE10DisconnectEv called 0 returned 0% blocks executed 0%
function _ZN14social_network12ThriftClientINS_24PostStorageServiceClientEE10DisconnectEv called 0 returned 0% blocks executed 0%
function _ZN14social_network12ThriftClientINS_21UniqueIdServiceClientEE10DisconnectEv called 66 returned 100% blocks executed 44%
function _ZN14social_network12ThriftClientINS_18MediaServiceClientEE10DisconnectEv called 66 returned 100% blocks executed 44%
function _ZN14social_network12ThriftClientINS_17TextServiceClientEE10DisconnectEv called 200 returned 100% blocks executed 25%
function _ZN14social_network12ThriftClientINS_17UserServiceClientEE10DisconnectEv called 66 returned 100% blocks executed 44%
      398:  138:void ThriftClient<TThriftClient>::Disconnect() {
      398:  139:  if (IsConnected()) {
call    0 never executed
branch  1 never executed
branch  2 never executed
call    3 never executed
branch  4 never executed
branch  5 never executed
call    6 never executed
branch  7 never executed
branch  8 never executed
call    9 returned 100%
branch 10 taken 100% (fallthrough)
branch 11 taken 0%
call   12 returned 100%
branch 13 taken 100% (fallthrough)
branch 14 taken 0%
call   15 returned 100%
branch 16 taken 0% (fallthrough)
branch 17 taken 100%
call   18 returned 100%
branch 19 taken 100% (fallthrough)
branch 20 taken 0%
        -:  140:    try {
      198:  141:      _transport->close();
call    0 never executed
call    1 never executed
branch  2 never executed
branch  3 never executed
call    4 never executed
call    5 never executed
branch  6 never executed
branch  7 never executed
call    8 never executed
call    9 never executed
branch 10 never executed
branch 11 never executed
call   12 returned 100%
call   13 returned 100%
branch 14 taken 100% (fallthrough)
branch 15 taken 0% (throw)
call   16 returned 100%
call   17 returned 100%
branch 18 taken 100% (fallthrough)
branch 19 taken 0% (throw)
call   20 never executed
call   21 never executed
branch 22 never executed
branch 23 never executed
call   24 returned 100%
call   25 returned 100%
branch 26 taken 100% (fallthrough)
branch 27 taken 0% (throw)
    =====:  142:    } catch (TException &tx) {
call    0 never executed
call    1 never executed
call    2 never executed
call    3 never executed
call    4 never executed
call    5 never executed
call    6 never executed
call    7 never executed
call    8 never executed
call    9 never executed
call   10 never executed
call   11 never executed
call   12 never executed
call   13 never executed
    =====:  143:      throw tx;
call    0 never executed
call    1 never executed
branch  2 never executed
branch  3 never executed
call    4 never executed
call    5 never executed
call    6 never executed
call    7 never executed
branch  8 never executed
branch  9 never executed
call   10 never executed
call   11 never executed
call   12 never executed
call   13 never executed
branch 14 never executed
branch 15 never executed
call   16 never executed
call   17 never executed
call   18 never executed
call   19 never executed
branch 20 never executed
branch 21 never executed
call   22 never executed
call   23 never executed
call   24 never executed
call   25 never executed
branch 26 never executed
branch 27 never executed
call   28 never executed
call   29 never executed
call   30 never executed
call   31 never executed
branch 32 never executed
branch 33 never executed
call   34 never executed
call   35 never executed
call   36 never executed
call   37 never executed
branch 38 never executed
branch 39 never executed
call   40 never executed
call   41 never executed
        -:  144:    }
        -:  145:  }
      398:  146:}
branch  0 never executed
branch  1 never executed
call    2 never executed
branch  3 never executed
branch  4 never executed
call    5 never executed
branch  6 never executed
branch  7 never executed
call    8 never executed
branch  9 never executed
branch 10 never executed
call   11 never executed
branch 12 never executed
branch 13 never executed
call   14 never executed
branch 15 never executed
branch 16 never executed
call   17 never executed
branch 18 never executed
branch 19 never executed
call   20 never executed
        -:  147:
        -:  148:} // namespace social_network
        -:  149:
        -:  150:
        -:  151:#endif //SOCIAL_NETWORK_MICROSERVICES_THRIFTCLIENT_H
