        -:    0:Source:/social-network-microservices/src/PostStorageService/PostStorageService.cpp
        -:    0:Graph:/social-network-microservices/build/src/PostStorageService/CMakeFiles/PostStorageService.dir/PostStorageService.cpp.gcno
        -:    0:Data:/social-network-microservices/build/src/PostStorageService/CMakeFiles/PostStorageService.dir/PostStorageService.cpp.gcda
        -:    0:Runs:1
        -:    0:Programs:1
        -:    1:#include <signal.h>
        -:    2:#include <thrift/protocol/TBinaryProtocol.h>
        -:    3:#include <thrift/server/TThreadedServer.h>
        -:    4:#include <thrift/transport/TBufferTransports.h>
        -:    5:#include <thrift/transport/TServerSocket.h>
        -:    6:
        -:    7:#include "../utils.h"
        -:    8:#include "../utils_memcached.h"
        -:    9:#include "../utils_mongodb.h"
        -:   10:#include "../utils_thrift.h"
        -:   11:#include "PostStorageHandler.h"
        -:   12:
        -:   13:extern "C" void __gcov_flush();
        -:   14:
        -:   15:using apache::thrift::protocol::TBinaryProtocolFactory;
        -:   16:using apache::thrift::server::TThreadedServer;
        -:   17:using apache::thrift::transport::TFramedTransportFactory;
        -:   18:using apache::thrift::transport::TServerSocket;
        -:   19:using namespace social_network;
        -:   20:
        -:   21:static memcached_pool_st* memcached_client_pool;
        -:   22:static mongoc_client_pool_t* mongodb_client_pool;
        -:   23:
function _Z13sigintHandleri called 0 returned 0% blocks executed 0%
    #####:   24:void sigintHandler(int sig) {
    #####:   25:  if (memcached_client_pool != nullptr) {
branch  0 never executed
branch  1 never executed
    #####:   26:    memcached_pool_destroy(memcached_client_pool);
call    0 never executed
        -:   27:  }
    #####:   28:  if (mongodb_client_pool != nullptr) {
branch  0 never executed
branch  1 never executed
    #####:   29:    mongoc_client_pool_destroy(mongodb_client_pool);
call    0 never executed
        -:   30:  }
    #####:   31:  exit(EXIT_SUCCESS);
        -:   32:}
        -:   33:
function _Z14handle_sigusr1i called 1 returned 0% blocks executed 100%
        1:   34:void handle_sigusr1(int signum) {
        1:   35:  __gcov_flush();
call    0 returned 0%
    #####:   36:}
        -:   37:  
function main called 1 returned 0% blocks executed 44%
        1:   38:int main(int argc, char* argv[]) {
        1:   39:  signal(SIGINT, sigintHandler);
call    0 returned 100%
        1:   40:  signal(SIGUSR1, handle_sigusr1);
call    0 returned 100%
        1:   41:  init_logger();
call    0 returned 100%
branch  1 taken 100% (fallthrough)
branch  2 taken 0% (throw)
        1:   42:  SetUpTracer("config/jaeger-config.yml", "post-storage-service");
call    0 returned 100%
call    1 returned 100%
branch  2 taken 100% (fallthrough)
branch  3 taken 0% (throw)
call    4 returned 100%
call    5 returned 100%
branch  6 taken 100% (fallthrough)
branch  7 taken 0% (throw)
call    8 returned 100%
branch  9 taken 100% (fallthrough)
branch 10 taken 0% (throw)
call   11 returned 100%
call   12 returned 100%
call   13 returned 100%
call   14 returned 100%
call   15 never executed
call   16 never executed
call   17 never executed
call   18 never executed
        -:   43:
        1:   44:  json config_json;
call    0 returned 100%
call    1 never executed
        1:   45:  if (load_config_file("config/service-config.json", &config_json) != 0) {
call    0 returned 100%
call    1 returned 100%
branch  2 taken 100% (fallthrough)
branch  3 taken 0% (throw)
call    4 returned 100%
branch  5 taken 100% (fallthrough)
branch  6 taken 0% (throw)
call    7 returned 100%
call    8 returned 100%
branch  9 taken 0% (fallthrough)
branch 10 taken 100%
call   11 never executed
call   12 never executed
    #####:   46:    exit(EXIT_FAILURE);
call    0 never executed
        -:   47:  }
        -:   48:
        1:   49:  int port = config_json["post-storage-service"]["port"];
call    0 returned 100%
branch  1 taken 100% (fallthrough)
branch  2 taken 0% (throw)
call    3 returned 100%
branch  4 taken 100% (fallthrough)
branch  5 taken 0% (throw)
call    6 returned 100%
branch  7 taken 100% (fallthrough)
branch  8 taken 0% (throw)
        -:   50:
        1:   51:  int mongodb_conns = config_json["post-storage-mongodb"]["connections"];
call    0 returned 100%
branch  1 taken 100% (fallthrough)
branch  2 taken 0% (throw)
call    3 returned 100%
branch  4 taken 100% (fallthrough)
branch  5 taken 0% (throw)
call    6 returned 100%
branch  7 taken 100% (fallthrough)
branch  8 taken 0% (throw)
        1:   52:  int mongodb_timeout = config_json["post-storage-mongodb"]["timeout_ms"];
call    0 returned 100%
branch  1 taken 100% (fallthrough)
branch  2 taken 0% (throw)
call    3 returned 100%
branch  4 taken 100% (fallthrough)
branch  5 taken 0% (throw)
call    6 returned 100%
branch  7 taken 100% (fallthrough)
branch  8 taken 0% (throw)
        -:   53:
        1:   54:  int memcached_conns = config_json["post-storage-memcached"]["connections"];
call    0 returned 100%
branch  1 taken 100% (fallthrough)
branch  2 taken 0% (throw)
call    3 returned 100%
branch  4 taken 100% (fallthrough)
branch  5 taken 0% (throw)
call    6 returned 100%
branch  7 taken 100% (fallthrough)
branch  8 taken 0% (throw)
        1:   55:  int memcached_timeout = config_json["post-storage-memcached"]["timeout_ms"];
call    0 returned 100%
branch  1 taken 100% (fallthrough)
branch  2 taken 0% (throw)
call    3 returned 100%
branch  4 taken 100% (fallthrough)
branch  5 taken 0% (throw)
call    6 returned 100%
branch  7 taken 100% (fallthrough)
branch  8 taken 0% (throw)
        -:   56:
        2:   57:  memcached_client_pool = init_memcached_client_pool(
call    0 returned 100%
call    1 returned 100%
branch  2 taken 100% (fallthrough)
branch  3 taken 0% (throw)
call    4 returned 100%
branch  5 taken 100% (fallthrough)
branch  6 taken 0% (throw)
call    7 returned 100%
call    8 returned 100%
call    9 never executed
call   10 never executed
        1:   58:      config_json, "post-storage", 32, memcached_conns);
        -:   59:  mongodb_client_pool =
        1:   60:      init_mongodb_client_pool(config_json, "post-storage", mongodb_conns);
call    0 returned 100%
call    1 returned 100%
branch  2 taken 100% (fallthrough)
branch  3 taken 0% (throw)
call    4 returned 100%
branch  5 taken 100% (fallthrough)
branch  6 taken 0% (throw)
call    7 returned 100%
call    8 returned 100%
call    9 never executed
call   10 never executed
        1:   61:  if (memcached_client_pool == nullptr || mongodb_client_pool == nullptr) {
branch  0 taken 100% (fallthrough)
branch  1 taken 0%
branch  2 taken 0% (fallthrough)
branch  3 taken 100%
    #####:   62:    return EXIT_FAILURE;
        -:   63:  }
        -:   64:
        1:   65:  mongoc_client_t* mongodb_client = mongoc_client_pool_pop(mongodb_client_pool);
call    0 returned 100%
branch  1 taken 100% (fallthrough)
branch  2 taken 0% (throw)
        1:   66:  if (!mongodb_client) {
branch  0 taken 0% (fallthrough)
branch  1 taken 100%
    #####:   67:    LOG(fatal) << "Failed to pop mongoc client";
call    0 never executed
branch  1 never executed
branch  2 never executed
call    3 never executed
branch  4 never executed
branch  5 never executed
call    6 never executed
branch  7 never executed
branch  8 never executed
call    9 never executed
branch 10 never executed
branch 11 never executed
call   12 never executed
branch 13 never executed
branch 14 never executed
call   15 never executed
call   16 never executed
branch 17 never executed
branch 18 never executed
call   19 never executed
call   20 never executed
branch 21 never executed
branch 22 never executed
call   23 never executed
branch 24 never executed
branch 25 never executed
call   26 never executed
branch 27 never executed
branch 28 never executed
call   29 never executed
branch 30 never executed
branch 31 never executed
call   32 never executed
branch 33 never executed
branch 34 never executed
call   35 never executed
branch 36 never executed
branch 37 never executed
call   38 never executed
branch 39 never executed
branch 40 never executed
call   41 never executed
branch 42 never executed
branch 43 never executed
call   44 never executed
branch 45 never executed
branch 46 never executed
call   47 never executed
call   48 never executed
call   49 never executed
    #####:   68:    return EXIT_FAILURE;
        -:   69:  }
        1:   70:  bool r = false;
        3:   71:  while (!r) {
branch  0 taken 50% (fallthrough)
branch  1 taken 50%
        1:   72:    r = CreateIndex(mongodb_client, "post", "post_id", true);
call    0 returned 100%
call    1 returned 100%
branch  2 taken 100% (fallthrough)
branch  3 taken 0% (throw)
call    4 returned 100%
call    5 returned 100%
branch  6 taken 100% (fallthrough)
branch  7 taken 0% (throw)
call    8 returned 100%
branch  9 taken 100% (fallthrough)
branch 10 taken 0% (throw)
call   11 returned 100%
call   12 returned 100%
call   13 returned 100%
call   14 returned 100%
call   15 never executed
call   16 never executed
call   17 never executed
call   18 never executed
        1:   73:    if (!r) {
branch  0 taken 0% (fallthrough)
branch  1 taken 100%
    #####:   74:      LOG(error) << "Failed to create mongodb index, try again";
call    0 never executed
branch  1 never executed
branch  2 never executed
call    3 never executed
branch  4 never executed
branch  5 never executed
call    6 never executed
branch  7 never executed
branch  8 never executed
call    9 never executed
branch 10 never executed
branch 11 never executed
call   12 never executed
branch 13 never executed
branch 14 never executed
call   15 never executed
call   16 never executed
branch 17 never executed
branch 18 never executed
call   19 never executed
call   20 never executed
branch 21 never executed
branch 22 never executed
call   23 never executed
branch 24 never executed
branch 25 never executed
call   26 never executed
branch 27 never executed
branch 28 never executed
call   29 never executed
branch 30 never executed
branch 31 never executed
call   32 never executed
branch 33 never executed
branch 34 never executed
call   35 never executed
branch 36 never executed
branch 37 never executed
call   38 never executed
branch 39 never executed
branch 40 never executed
call   41 never executed
branch 42 never executed
branch 43 never executed
call   44 never executed
branch 45 never executed
branch 46 never executed
call   47 never executed
call   48 never executed
call   49 never executed
call   50 never executed
    #####:   75:      sleep(1);
call    0 never executed
branch  1 never executed
branch  2 never executed
        -:   76:    }
        -:   77:  }
        1:   78:  mongoc_client_pool_push(mongodb_client_pool, mongodb_client);
call    0 returned 100%
branch  1 taken 100% (fallthrough)
branch  2 taken 0% (throw)
        1:   79:  std::shared_ptr<TServerSocket> server_socket = get_server_socket(config_json, "0.0.0.0", port);
call    0 returned 100%
call    1 returned 100%
branch  2 taken 100% (fallthrough)
branch  3 taken 0% (throw)
call    4 returned 100%
branch  5 taken 100% (fallthrough)
branch  6 taken 0% (throw)
call    7 returned 100%
call    8 returned 100%
call    9 never executed
call   10 never executed
branch 11 never executed
branch 12 never executed
call   13 never executed
call   14 never executed
        -:   80:
        2:   81:  TThreadedServer server(std::make_shared<PostStorageServiceProcessor>(
call    0 returned 100%
branch  1 taken 100% (fallthrough)
branch  2 taken 0% (throw)
call    3 returned 100%
call    4 never executed
        2:   82:                             std::make_shared<PostStorageHandler>(
call    0 returned 100%
branch  1 taken 100% (fallthrough)
branch  2 taken 0% (throw)
call    3 returned 100%
call    4 never executed
        -:   83:                                 memcached_client_pool, mongodb_client_pool)),
        -:   84:                         server_socket,
        2:   85:                         std::make_shared<TFramedTransportFactory>(),
call    0 returned 100%
branch  1 taken 100% (fallthrough)
branch  2 taken 0% (throw)
call    3 returned 100%
call    4 never executed
        6:   86:                         std::make_shared<TBinaryProtocolFactory>());
call    0 returned 100%
branch  1 taken 100% (fallthrough)
branch  2 taken 0% (throw)
call    3 returned 100%
branch  4 taken 100% (fallthrough)
branch  5 taken 0% (throw)
call    6 returned 100%
branch  7 taken 100% (fallthrough)
branch  8 taken 0% (throw)
call    9 returned 100%
call   10 returned 100%
call   11 returned 100%
call   12 returned 100%
call   13 returned 100%
branch 14 taken 100% (fallthrough)
branch 15 taken 0% (throw)
call   16 returned 100%
call   17 returned 100%
call   18 returned 100%
call   19 returned 100%
call   20 returned 100%
call   21 returned 100%
call   22 never executed
call   23 never executed
call   24 never executed
call   25 never executed
call   26 never executed
call   27 never executed
call   28 never executed
        -:   87:
        2:   88:  LOG(info) << "Starting the post-storage-service server...";
call    0 returned 100%
branch  1 taken 100% (fallthrough)
branch  2 taken 0% (throw)
call    3 returned 100%
branch  4 taken 100% (fallthrough)
branch  5 taken 0% (throw)
call    6 returned 100%
branch  7 taken 100% (fallthrough)
branch  8 taken 0% (throw)
call    9 returned 100%
branch 10 taken 50% (fallthrough)
branch 11 taken 50%
call   12 returned 100%
branch 13 taken 100% (fallthrough)
branch 14 taken 0%
call   15 returned 100%
call   16 returned 100%
branch 17 taken 100% (fallthrough)
branch 18 taken 0% (throw)
call   19 returned 100%
call   20 returned 100%
branch 21 taken 100% (fallthrough)
branch 22 taken 0% (throw)
call   23 returned 100%
branch 24 taken 100% (fallthrough)
branch 25 taken 0% (throw)
call   26 returned 100%
branch 27 taken 100% (fallthrough)
branch 28 taken 0% (throw)
call   29 returned 100%
branch 30 taken 100% (fallthrough)
branch 31 taken 0% (throw)
call   32 returned 100%
branch 33 taken 100% (fallthrough)
branch 34 taken 0% (throw)
call   35 returned 100%
branch 36 taken 100% (fallthrough)
branch 37 taken 0% (throw)
call   38 returned 100%
branch 39 taken 100% (fallthrough)
branch 40 taken 0% (throw)
call   41 returned 100%
branch 42 taken 100% (fallthrough)
branch 43 taken 0% (throw)
call   44 returned 100%
branch 45 taken 100% (fallthrough)
branch 46 taken 0% (throw)
call   47 returned 100%
call   48 never executed
call   49 never executed
        1:   89:  server.serve();
call    0 returned 0%
branch  1 taken 0% (fallthrough)
branch  2 taken 0% (throw)
function _GLOBAL__sub_I__ZN14social_network11init_loggerEv called 1 returned 100% blocks executed 100%
function _Z41__static_initialization_and_destruction_0ii called 1 returned 100% blocks executed 100%
        3:   90:}
call    0 returned 100%
branch  1 taken 100% (fallthrough)
branch  2 taken 0%
branch  3 taken 100% (fallthrough)
branch  4 taken 0%
