------------------------------------------------------------------------------
                           GCC Code Coverage Report
Directory: /social-network-microservices/src
------------------------------------------------------------------------------
File                                       Lines    Exec  Cover   Missing
------------------------------------------------------------------------------
ClientPool.h                                  65      46    70%   66-67,73-78,88-89,91-96 [* 113-116]
ComposePostService/ComposePostHandler.h      239     167    69%   40,123-128,160-163,165-166,198-201,203-204,236-241,276-279,281,311-314,316,345-348,350,423 [* 136-140,173-177,212-216,249-253,287-290,322-324,356-359]
ComposePostService/ComposePostService.cpp
                                              63      60    95%   19,23,33
GenericClient.h                                2       2   100%   
ThriftClient.h                                44      32    72%   80-96 [* 131-132,142-143]
logger.h                                       9       9   100%   
tracing.h                                     26      23    88%    [* 75-78]
utils.h                                        9       7    77%   23-24
utils_thrift.h                                14       4    28%   19-33
------------------------------------------------------------------------------
TOTAL                                        471     350    74%
------------------------------------------------------------------------------
