------------------------------------------------------------------------------
                           GCC Code Coverage Report
Directory: /social-network-microservices/src
------------------------------------------------------------------------------
File                                       Lines    Exec  Cover   Missing
------------------------------------------------------------------------------
UniqueIdService/UniqueIdHandler.h             80      67    83%   30-31,34,44,92,94,105,139-140,145-146,158-159
UniqueIdService/UniqueIdService.cpp           27      23    85%   32,36,46,54
logger.h                                       9       9   100%   
tracing.h                                     26      23    88%    [* 75-78]
utils.h                                        9       7    77%   23-24
utils_thrift.h                                14       4    28%   19-33
------------------------------------------------------------------------------
TOTAL                                        165     133    80%
------------------------------------------------------------------------------
