        -:    0:Source:/social-network-microservices/gen-cpp/HomeTimelineService.cpp
        -:    0:Graph:/social-network-microservices/build/src/HomeTimelineService/CMakeFiles/HomeTimelineService.dir/__/__/gen-cpp/HomeTimelineService.cpp.gcno
        -:    0:Data:/social-network-microservices/build/src/HomeTimelineService/CMakeFiles/HomeTimelineService.dir/__/__/gen-cpp/HomeTimelineService.cpp.gcda
        -:    0:Runs:1
        -:    0:Programs:1
        -:    1:/*EOF*/
        -:    2:/*EOF*/
        -:    3:/*EOF*/
        -:    4:/*EOF*/
        -:    5:/*EOF*/
        -:    6:/*EOF*/
        -:    7:/*EOF*/
        -:    8:/*EOF*/
        -:    9:/*EOF*/
        -:   10:/*EOF*/
        -:   11:/*EOF*/
function _ZN14social_network41HomeTimelineService_ReadHomeTimeline_argsD0Ev called 0 returned 0% blocks executed 0%
function _ZN14social_network41HomeTimelineService_ReadHomeTimeline_argsD2Ev called 1000 returned 100% blocks executed 75%
     1000:   12:/*EOF*/
call    0 returned 100%
     1000:   13:/*EOF*/
call    0 never executed
call    1 never executed
branch  2 taken 0% (fallthrough)
branch  3 taken 100%
call    4 never executed
        -:   14:/*EOF*/
        -:   15:/*EOF*/
function _ZN14social_network41HomeTimelineService_ReadHomeTimeline_args4readEPN6apache6thrift8protocol9TProtocolE called 1000 returned 100% blocks executed 70%
     1000:   16:/*EOF*/
        -:   17:/*EOF*/
     2000:   18:/*EOF*/
call    0 returned 100%
branch  1 taken 100% (fallthrough)
branch  2 taken 0% (throw)
call    3 returned 100%
call    4 never executed
     1000:   19:/*EOF*/
     2000:   20:/*EOF*/
call    0 returned 100%
call    1 returned 100%
call    2 never executed
        -:   21:/*EOF*/
        -:   22:/*EOF*/
        -:   23:/*EOF*/
     1000:   24:/*EOF*/
call    0 returned 100%
branch  1 taken 100% (fallthrough)
branch  2 taken 0% (throw)
        -:   25:/*EOF*/
        -:   26:/*EOF*/
        -:   27:/*EOF*/
        -:   28:/*EOF*/
     5000:   29:/*EOF*/
        -:   30:/*EOF*/
     6000:   31:/*EOF*/
call    0 returned 100%
branch  1 taken 100% (fallthrough)
branch  2 taken 0% (throw)
     6000:   32:/*EOF*/
branch  0 taken 17% (fallthrough)
branch  1 taken 83%
     1000:   33:/*EOF*/
        -:   34:/*EOF*/
     5000:   35:/*EOF*/
branch  0 taken 20%
branch  1 taken 20%
branch  2 taken 20%
branch  3 taken 20%
branch  4 taken 20%
branch  5 taken 0%
        -:   36:/*EOF*/
        -:   37:/*EOF*/
     1000:   38:/*EOF*/
branch  0 taken 100% (fallthrough)
branch  1 taken 0%
     1000:   39:/*EOF*/
call    0 returned 100%
branch  1 taken 100% (fallthrough)
branch  2 taken 0% (throw)
     1000:   40:/*EOF*/
        -:   41:/*EOF*/
    #####:   42:/*EOF*/
call    0 never executed
branch  1 never executed
branch  2 never executed
        -:   43:/*EOF*/
     1000:   44:/*EOF*/
        -:   45:/*EOF*/
     1000:   46:/*EOF*/
branch  0 taken 100% (fallthrough)
branch  1 taken 0%
     1000:   47:/*EOF*/
call    0 returned 100%
branch  1 taken 100% (fallthrough)
branch  2 taken 0% (throw)
     1000:   48:/*EOF*/
        -:   49:/*EOF*/
    #####:   50:/*EOF*/
call    0 never executed
branch  1 never executed
branch  2 never executed
        -:   51:/*EOF*/
     1000:   52:/*EOF*/
        -:   53:/*EOF*/
     1000:   54:/*EOF*/
branch  0 taken 100% (fallthrough)
branch  1 taken 0%
     1000:   55:/*EOF*/
call    0 returned 100%
branch  1 taken 100% (fallthrough)
branch  2 taken 0% (throw)
     1000:   56:/*EOF*/
        -:   57:/*EOF*/
    #####:   58:/*EOF*/
call    0 never executed
branch  1 never executed
branch  2 never executed
        -:   59:/*EOF*/
     1000:   60:/*EOF*/
        -:   61:/*EOF*/
     1000:   62:/*EOF*/
branch  0 taken 100% (fallthrough)
branch  1 taken 0%
     1000:   63:/*EOF*/
call    0 returned 100%
branch  1 taken 100% (fallthrough)
branch  2 taken 0% (throw)
     1000:   64:/*EOF*/
        -:   65:/*EOF*/
    #####:   66:/*EOF*/
call    0 never executed
branch  1 never executed
branch  2 never executed
        -:   67:/*EOF*/
     1000:   68:/*EOF*/
        -:   69:/*EOF*/
     1000:   70:/*EOF*/
branch  0 taken 100% (fallthrough)
branch  1 taken 0%
        -:   71:/*EOF*/
     1000:   72:/*EOF*/
call    0 returned 100%
        -:   73:/*EOF*/
        -:   74:/*EOF*/
        -:   75:/*EOF*/
     1000:   76:/*EOF*/
call    0 returned 100%
branch  1 taken 100% (fallthrough)
branch  2 taken 0% (throw)
        -:   77:/*EOF*/
     2000:   78:/*EOF*/
branch  0 taken 50% (fallthrough)
branch  1 taken 50%
        -:   79:/*EOF*/
     2000:   80:/*EOF*/
call    0 returned 100%
call    1 returned 100%
call    2 never executed
     1000:   81:/*EOF*/
call    0 returned 100%
branch  1 taken 100% (fallthrough)
branch  2 taken 0% (throw)
     1000:   82:/*EOF*/
call    0 returned 100%
branch  1 taken 100% (fallthrough)
branch  2 taken 0% (throw)
     1000:   83:/*EOF*/
call    0 returned 100%
branch  1 taken 100% (fallthrough)
branch  2 taken 0% (throw)
        -:   84:/*EOF*/
     1000:   85:/*EOF*/
call    0 returned 100%
branch  1 taken 100% (fallthrough)
branch  2 taken 0% (throw)
        -:   86:/*EOF*/
     1000:   87:/*EOF*/
        -:   88:/*EOF*/
    #####:   89:/*EOF*/
call    0 never executed
branch  1 never executed
branch  2 never executed
        -:   90:/*EOF*/
     1000:   91:/*EOF*/
        -:   92:/*EOF*/
    #####:   93:/*EOF*/
call    0 never executed
branch  1 never executed
branch  2 never executed
    #####:   94:/*EOF*/
        -:   95:/*EOF*/
     5000:   96:/*EOF*/
call    0 returned 100%
branch  1 taken 100% (fallthrough)
branch  2 taken 0% (throw)
        -:   97:/*EOF*/
        -:   98:/*EOF*/
     1000:   99:/*EOF*/
call    0 returned 100%
branch  1 taken 100% (fallthrough)
branch  2 taken 0% (throw)
        -:  100:/*EOF*/
     2000:  101:/*EOF*/
        -:  102:/*EOF*/
        -:  103:/*EOF*/
function _ZNK14social_network41HomeTimelineService_ReadHomeTimeline_args5writeEPN6apache6thrift8protocol9TProtocolE called 0 returned 0% blocks executed 0%
    #####:  104:/*EOF*/
    #####:  105:/*EOF*/
    #####:  106:/*EOF*/
call    0 never executed
branch  1 never executed
branch  2 never executed
call    3 never executed
call    4 never executed
    #####:  107:/*EOF*/
call    0 never executed
branch  1 never executed
branch  2 never executed
        -:  108:/*EOF*/
    #####:  109:/*EOF*/
call    0 never executed
branch  1 never executed
branch  2 never executed
    #####:  110:/*EOF*/
call    0 never executed
branch  1 never executed
branch  2 never executed
    #####:  111:/*EOF*/
call    0 never executed
branch  1 never executed
branch  2 never executed
        -:  112:/*EOF*/
    #####:  113:/*EOF*/
call    0 never executed
branch  1 never executed
branch  2 never executed
    #####:  114:/*EOF*/
call    0 never executed
branch  1 never executed
branch  2 never executed
    #####:  115:/*EOF*/
call    0 never executed
branch  1 never executed
branch  2 never executed
        -:  116:/*EOF*/
    #####:  117:/*EOF*/
call    0 never executed
branch  1 never executed
branch  2 never executed
    #####:  118:/*EOF*/
call    0 never executed
branch  1 never executed
branch  2 never executed
    #####:  119:/*EOF*/
call    0 never executed
branch  1 never executed
branch  2 never executed
        -:  120:/*EOF*/
    #####:  121:/*EOF*/
call    0 never executed
branch  1 never executed
branch  2 never executed
    #####:  122:/*EOF*/
call    0 never executed
branch  1 never executed
branch  2 never executed
    #####:  123:/*EOF*/
call    0 never executed
branch  1 never executed
branch  2 never executed
        -:  124:/*EOF*/
    #####:  125:/*EOF*/
call    0 never executed
branch  1 never executed
branch  2 never executed
        -:  126:/*EOF*/
    #####:  127:/*EOF*/
call    0 never executed
call    1 never executed
branch  2 never executed
branch  3 never executed
    #####:  128:/*EOF*/
call    0 never executed
    #####:  129:/*EOF*/
call    0 never executed
call    1 never executed
call    2 never executed
branch  3 never executed
branch  4 never executed
call    5 never executed
        -:  130:/*EOF*/
    #####:  131:/*EOF*/
call    0 never executed
call    1 never executed
branch  2 never executed
branch  3 never executed
    #####:  132:/*EOF*/
call    0 never executed
call    1 never executed
branch  2 never executed
branch  3 never executed
        -:  133:/*EOF*/
    #####:  134:/*EOF*/
call    0 never executed
branch  1 never executed
branch  2 never executed
        -:  135:/*EOF*/
    #####:  136:/*EOF*/
call    0 never executed
branch  1 never executed
branch  2 never executed
        -:  137:/*EOF*/
    #####:  138:/*EOF*/
call    0 never executed
branch  1 never executed
branch  2 never executed
    #####:  139:/*EOF*/
call    0 never executed
branch  1 never executed
branch  2 never executed
    #####:  140:/*EOF*/
        -:  141:/*EOF*/
        -:  142:/*EOF*/
        -:  143:/*EOF*/
function _ZN14social_network42HomeTimelineService_ReadHomeTimeline_pargsD0Ev called 0 returned 0% blocks executed 0%
function _ZN14social_network42HomeTimelineService_ReadHomeTimeline_pargsD2Ev called 0 returned 0% blocks executed 0%
    #####:  144:/*EOF*/
    #####:  145:/*EOF*/
call    0 never executed
call    1 never executed
branch  2 never executed
branch  3 never executed
call    4 never executed
        -:  146:/*EOF*/
        -:  147:/*EOF*/
function _ZNK14social_network42HomeTimelineService_ReadHomeTimeline_pargs5writeEPN6apache6thrift8protocol9TProtocolE called 0 returned 0% blocks executed 0%
    #####:  148:/*EOF*/
    #####:  149:/*EOF*/
    #####:  150:/*EOF*/
call    0 never executed
branch  1 never executed
branch  2 never executed
call    3 never executed
call    4 never executed
    #####:  151:/*EOF*/
call    0 never executed
branch  1 never executed
branch  2 never executed
        -:  152:/*EOF*/
    #####:  153:/*EOF*/
call    0 never executed
branch  1 never executed
branch  2 never executed
    #####:  154:/*EOF*/
call    0 never executed
branch  1 never executed
branch  2 never executed
    #####:  155:/*EOF*/
call    0 never executed
branch  1 never executed
branch  2 never executed
        -:  156:/*EOF*/
    #####:  157:/*EOF*/
call    0 never executed
branch  1 never executed
branch  2 never executed
    #####:  158:/*EOF*/
call    0 never executed
branch  1 never executed
branch  2 never executed
    #####:  159:/*EOF*/
call    0 never executed
branch  1 never executed
branch  2 never executed
        -:  160:/*EOF*/
    #####:  161:/*EOF*/
call    0 never executed
branch  1 never executed
branch  2 never executed
    #####:  162:/*EOF*/
call    0 never executed
branch  1 never executed
branch  2 never executed
    #####:  163:/*EOF*/
call    0 never executed
branch  1 never executed
branch  2 never executed
        -:  164:/*EOF*/
    #####:  165:/*EOF*/
call    0 never executed
branch  1 never executed
branch  2 never executed
    #####:  166:/*EOF*/
call    0 never executed
branch  1 never executed
branch  2 never executed
    #####:  167:/*EOF*/
call    0 never executed
branch  1 never executed
branch  2 never executed
        -:  168:/*EOF*/
    #####:  169:/*EOF*/
call    0 never executed
branch  1 never executed
branch  2 never executed
        -:  170:/*EOF*/
    #####:  171:/*EOF*/
call    0 never executed
call    1 never executed
branch  2 never executed
branch  3 never executed
    #####:  172:/*EOF*/
call    0 never executed
    #####:  173:/*EOF*/
call    0 never executed
call    1 never executed
call    2 never executed
branch  3 never executed
branch  4 never executed
call    5 never executed
        -:  174:/*EOF*/
    #####:  175:/*EOF*/
call    0 never executed
call    1 never executed
branch  2 never executed
branch  3 never executed
    #####:  176:/*EOF*/
call    0 never executed
call    1 never executed
branch  2 never executed
branch  3 never executed
        -:  177:/*EOF*/
    #####:  178:/*EOF*/
call    0 never executed
branch  1 never executed
branch  2 never executed
        -:  179:/*EOF*/
    #####:  180:/*EOF*/
call    0 never executed
branch  1 never executed
branch  2 never executed
        -:  181:/*EOF*/
    #####:  182:/*EOF*/
call    0 never executed
branch  1 never executed
branch  2 never executed
    #####:  183:/*EOF*/
call    0 never executed
branch  1 never executed
branch  2 never executed
    #####:  184:/*EOF*/
        -:  185:/*EOF*/
        -:  186:/*EOF*/
        -:  187:/*EOF*/
function _ZN14social_network43HomeTimelineService_ReadHomeTimeline_resultD0Ev called 0 returned 0% blocks executed 0%
function _ZN14social_network43HomeTimelineService_ReadHomeTimeline_resultD2Ev called 1000 returned 100% blocks executed 80%
     1000:  188:/*EOF*/
call    0 returned 100%
call    1 returned 100%
     1000:  189:/*EOF*/
call    0 never executed
call    1 never executed
branch  2 taken 0% (fallthrough)
branch  3 taken 100%
call    4 never executed
        -:  190:/*EOF*/
        -:  191:/*EOF*/
function _ZN14social_network43HomeTimelineService_ReadHomeTimeline_result4readEPN6apache6thrift8protocol9TProtocolE called 0 returned 0% blocks executed 0%
    #####:  192:/*EOF*/
        -:  193:/*EOF*/
    #####:  194:/*EOF*/
call    0 never executed
branch  1 never executed
branch  2 never executed
call    3 never executed
call    4 never executed
    #####:  195:/*EOF*/
    #####:  196:/*EOF*/
call    0 never executed
call    1 never executed
call    2 never executed
        -:  197:/*EOF*/
        -:  198:/*EOF*/
        -:  199:/*EOF*/
    #####:  200:/*EOF*/
call    0 never executed
branch  1 never executed
branch  2 never executed
        -:  201:/*EOF*/
        -:  202:/*EOF*/
        -:  203:/*EOF*/
        -:  204:/*EOF*/
    #####:  205:/*EOF*/
        -:  206:/*EOF*/
    #####:  207:/*EOF*/
call    0 never executed
branch  1 never executed
branch  2 never executed
    #####:  208:/*EOF*/
branch  0 never executed
branch  1 never executed
    #####:  209:/*EOF*/
        -:  210:/*EOF*/
    #####:  211:/*EOF*/
branch  0 never executed
branch  1 never executed
branch  2 never executed
        -:  212:/*EOF*/
        -:  213:/*EOF*/
    #####:  214:/*EOF*/
branch  0 never executed
branch  1 never executed
        -:  215:/*EOF*/
    #####:  216:/*EOF*/
call    0 never executed
        -:  217:/*EOF*/
        -:  218:/*EOF*/
    #####:  219:/*EOF*/
call    0 never executed
branch  1 never executed
branch  2 never executed
    #####:  220:/*EOF*/
call    0 never executed
branch  1 never executed
branch  2 never executed
        -:  221:/*EOF*/
    #####:  222:/*EOF*/
branch  0 never executed
branch  1 never executed
        -:  223:/*EOF*/
    #####:  224:/*EOF*/
call    0 never executed
call    1 never executed
branch  2 never executed
branch  3 never executed
        -:  225:/*EOF*/
    #####:  226:/*EOF*/
call    0 never executed
branch  1 never executed
branch  2 never executed
        -:  227:/*EOF*/
    #####:  228:/*EOF*/
        -:  229:/*EOF*/
    #####:  230:/*EOF*/
call    0 never executed
branch  1 never executed
branch  2 never executed
        -:  231:/*EOF*/
    #####:  232:/*EOF*/
        -:  233:/*EOF*/
    #####:  234:/*EOF*/
branch  0 never executed
branch  1 never executed
    #####:  235:/*EOF*/
call    0 never executed
branch  1 never executed
branch  2 never executed
    #####:  236:/*EOF*/
        -:  237:/*EOF*/
    #####:  238:/*EOF*/
call    0 never executed
branch  1 never executed
branch  2 never executed
        -:  239:/*EOF*/
    #####:  240:/*EOF*/
        -:  241:/*EOF*/
    #####:  242:/*EOF*/
call    0 never executed
branch  1 never executed
branch  2 never executed
    #####:  243:/*EOF*/
        -:  244:/*EOF*/
    #####:  245:/*EOF*/
call    0 never executed
branch  1 never executed
branch  2 never executed
        -:  246:/*EOF*/
        -:  247:/*EOF*/
    #####:  248:/*EOF*/
call    0 never executed
branch  1 never executed
branch  2 never executed
        -:  249:/*EOF*/
    #####:  250:/*EOF*/
        -:  251:/*EOF*/
        -:  252:/*EOF*/
function _ZNK14social_network43HomeTimelineService_ReadHomeTimeline_result5writeEPN6apache6thrift8protocol9TProtocolE called 1000 returned 100% blocks executed 68%
     1000:  253:/*EOF*/
        -:  254:/*EOF*/
     1000:  255:/*EOF*/
        -:  256:/*EOF*/
     1000:  257:/*EOF*/
call    0 returned 100%
        -:  258:/*EOF*/
     1000:  259:/*EOF*/
branch  0 taken 100% (fallthrough)
branch  1 taken 0%
     1000:  260:/*EOF*/
call    0 returned 100%
        -:  261:/*EOF*/
     1000:  262:/*EOF*/
call    0 returned 100%
call    1 returned 100%
branch  2 taken 100% (fallthrough)
branch  3 taken 0% (throw)
     1000:  263:/*EOF*/
     1000:  264:/*EOF*/
call    0 returned 100%
call    1 returned 100%
call    2 returned 100%
branch  3 taken 0% (fallthrough)
branch  4 taken 100%
call    5 never executed
        -:  265:/*EOF*/
    #####:  266:/*EOF*/
call    0 never executed
call    1 never executed
branch  2 never executed
branch  3 never executed
        -:  267:/*EOF*/
     1000:  268:/*EOF*/
call    0 returned 100%
branch  1 taken 100% (fallthrough)
branch  2 taken 0% (throw)
        -:  269:/*EOF*/
     1000:  270:/*EOF*/
call    0 returned 100%
    #####:  271:/*EOF*/
branch  0 never executed
branch  1 never executed
    #####:  272:/*EOF*/
call    0 never executed
    #####:  273:/*EOF*/
call    0 never executed
    #####:  274:/*EOF*/
call    0 never executed
        -:  275:/*EOF*/
     1000:  276:/*EOF*/
call    0 returned 100%
     1000:  277:/*EOF*/
call    0 returned 100%
     1000:  278:/*EOF*/
        -:  279:/*EOF*/
        -:  280:/*EOF*/
        -:  281:/*EOF*/
function _ZN14social_network44HomeTimelineService_ReadHomeTimeline_presultD0Ev called 0 returned 0% blocks executed 0%
function _ZN14social_network44HomeTimelineService_ReadHomeTimeline_presultD2Ev called 0 returned 0% blocks executed 0%
    #####:  282:/*EOF*/
call    0 never executed
    #####:  283:/*EOF*/
call    0 never executed
call    1 never executed
branch  2 never executed
branch  3 never executed
call    4 never executed
        -:  284:/*EOF*/
        -:  285:/*EOF*/
function _ZN14social_network44HomeTimelineService_ReadHomeTimeline_presult4readEPN6apache6thrift8protocol9TProtocolE called 0 returned 0% blocks executed 0%
    #####:  286:/*EOF*/
        -:  287:/*EOF*/
    #####:  288:/*EOF*/
call    0 never executed
branch  1 never executed
branch  2 never executed
call    3 never executed
call    4 never executed
    #####:  289:/*EOF*/
    #####:  290:/*EOF*/
call    0 never executed
call    1 never executed
call    2 never executed
        -:  291:/*EOF*/
        -:  292:/*EOF*/
        -:  293:/*EOF*/
    #####:  294:/*EOF*/
call    0 never executed
branch  1 never executed
branch  2 never executed
        -:  295:/*EOF*/
        -:  296:/*EOF*/
        -:  297:/*EOF*/
        -:  298:/*EOF*/
    #####:  299:/*EOF*/
        -:  300:/*EOF*/
    #####:  301:/*EOF*/
call    0 never executed
branch  1 never executed
branch  2 never executed
    #####:  302:/*EOF*/
branch  0 never executed
branch  1 never executed
    #####:  303:/*EOF*/
        -:  304:/*EOF*/
    #####:  305:/*EOF*/
branch  0 never executed
branch  1 never executed
branch  2 never executed
        -:  306:/*EOF*/
        -:  307:/*EOF*/
    #####:  308:/*EOF*/
branch  0 never executed
branch  1 never executed
        -:  309:/*EOF*/
    #####:  310:/*EOF*/
call    0 never executed
        -:  311:/*EOF*/
        -:  312:/*EOF*/
    #####:  313:/*EOF*/
call    0 never executed
branch  1 never executed
branch  2 never executed
    #####:  314:/*EOF*/
call    0 never executed
branch  1 never executed
branch  2 never executed
        -:  315:/*EOF*/
    #####:  316:/*EOF*/
branch  0 never executed
branch  1 never executed
        -:  317:/*EOF*/
    #####:  318:/*EOF*/
call    0 never executed
call    1 never executed
branch  2 never executed
branch  3 never executed
        -:  319:/*EOF*/
    #####:  320:/*EOF*/
call    0 never executed
branch  1 never executed
branch  2 never executed
        -:  321:/*EOF*/
    #####:  322:/*EOF*/
        -:  323:/*EOF*/
    #####:  324:/*EOF*/
call    0 never executed
branch  1 never executed
branch  2 never executed
        -:  325:/*EOF*/
    #####:  326:/*EOF*/
        -:  327:/*EOF*/
    #####:  328:/*EOF*/
branch  0 never executed
branch  1 never executed
    #####:  329:/*EOF*/
call    0 never executed
branch  1 never executed
branch  2 never executed
    #####:  330:/*EOF*/
        -:  331:/*EOF*/
    #####:  332:/*EOF*/
call    0 never executed
branch  1 never executed
branch  2 never executed
        -:  333:/*EOF*/
    #####:  334:/*EOF*/
        -:  335:/*EOF*/
    #####:  336:/*EOF*/
call    0 never executed
branch  1 never executed
branch  2 never executed
    #####:  337:/*EOF*/
        -:  338:/*EOF*/
    #####:  339:/*EOF*/
call    0 never executed
branch  1 never executed
branch  2 never executed
        -:  340:/*EOF*/
        -:  341:/*EOF*/
    #####:  342:/*EOF*/
call    0 never executed
branch  1 never executed
branch  2 never executed
        -:  343:/*EOF*/
    #####:  344:/*EOF*/
        -:  345:/*EOF*/
        -:  346:/*EOF*/
        -:  347:/*EOF*/
function _ZN14social_network42HomeTimelineService_WriteHomeTimeline_argsD0Ev called 0 returned 0% blocks executed 0%
function _ZN14social_network42HomeTimelineService_WriteHomeTimeline_argsD2Ev called 0 returned 0% blocks executed 0%
    #####:  348:/*EOF*/
call    0 never executed
call    1 never executed
    #####:  349:/*EOF*/
call    0 never executed
call    1 never executed
branch  2 never executed
branch  3 never executed
call    4 never executed
        -:  350:/*EOF*/
        -:  351:/*EOF*/
function _ZN14social_network42HomeTimelineService_WriteHomeTimeline_args4readEPN6apache6thrift8protocol9TProtocolE called 0 returned 0% blocks executed 0%
    #####:  352:/*EOF*/
        -:  353:/*EOF*/
    #####:  354:/*EOF*/
call    0 never executed
branch  1 never executed
branch  2 never executed
call    3 never executed
call    4 never executed
    #####:  355:/*EOF*/
    #####:  356:/*EOF*/
call    0 never executed
call    1 never executed
call    2 never executed
        -:  357:/*EOF*/
        -:  358:/*EOF*/
        -:  359:/*EOF*/
    #####:  360:/*EOF*/
call    0 never executed
branch  1 never executed
branch  2 never executed
        -:  361:/*EOF*/
        -:  362:/*EOF*/
        -:  363:/*EOF*/
        -:  364:/*EOF*/
    #####:  365:/*EOF*/
        -:  366:/*EOF*/
    #####:  367:/*EOF*/
call    0 never executed
branch  1 never executed
branch  2 never executed
    #####:  368:/*EOF*/
branch  0 never executed
branch  1 never executed
    #####:  369:/*EOF*/
        -:  370:/*EOF*/
    #####:  371:/*EOF*/
branch  0 never executed
branch  1 never executed
branch  2 never executed
branch  3 never executed
branch  4 never executed
branch  5 never executed
branch  6 never executed
        -:  372:/*EOF*/
        -:  373:/*EOF*/
    #####:  374:/*EOF*/
branch  0 never executed
branch  1 never executed
    #####:  375:/*EOF*/
call    0 never executed
branch  1 never executed
branch  2 never executed
    #####:  376:/*EOF*/
        -:  377:/*EOF*/
    #####:  378:/*EOF*/
call    0 never executed
branch  1 never executed
branch  2 never executed
        -:  379:/*EOF*/
    #####:  380:/*EOF*/
        -:  381:/*EOF*/
    #####:  382:/*EOF*/
branch  0 never executed
branch  1 never executed
    #####:  383:/*EOF*/
call    0 never executed
branch  1 never executed
branch  2 never executed
    #####:  384:/*EOF*/
        -:  385:/*EOF*/
    #####:  386:/*EOF*/
call    0 never executed
branch  1 never executed
branch  2 never executed
        -:  387:/*EOF*/
    #####:  388:/*EOF*/
        -:  389:/*EOF*/
    #####:  390:/*EOF*/
branch  0 never executed
branch  1 never executed
    #####:  391:/*EOF*/
call    0 never executed
branch  1 never executed
branch  2 never executed
    #####:  392:/*EOF*/
        -:  393:/*EOF*/
    #####:  394:/*EOF*/
call    0 never executed
branch  1 never executed
branch  2 never executed
        -:  395:/*EOF*/
    #####:  396:/*EOF*/
        -:  397:/*EOF*/
    #####:  398:/*EOF*/
branch  0 never executed
branch  1 never executed
    #####:  399:/*EOF*/
call    0 never executed
branch  1 never executed
branch  2 never executed
    #####:  400:/*EOF*/
        -:  401:/*EOF*/
    #####:  402:/*EOF*/
call    0 never executed
branch  1 never executed
branch  2 never executed
        -:  403:/*EOF*/
    #####:  404:/*EOF*/
        -:  405:/*EOF*/
    #####:  406:/*EOF*/
branch  0 never executed
branch  1 never executed
        -:  407:/*EOF*/
    #####:  408:/*EOF*/
call    0 never executed
        -:  409:/*EOF*/
        -:  410:/*EOF*/
    #####:  411:/*EOF*/
call    0 never executed
branch  1 never executed
branch  2 never executed
    #####:  412:/*EOF*/
call    0 never executed
branch  1 never executed
branch  2 never executed
        -:  413:/*EOF*/
    #####:  414:/*EOF*/
branch  0 never executed
branch  1 never executed
        -:  415:/*EOF*/
    #####:  416:/*EOF*/
call    0 never executed
call    1 never executed
branch  2 never executed
branch  3 never executed
        -:  417:/*EOF*/
    #####:  418:/*EOF*/
call    0 never executed
branch  1 never executed
branch  2 never executed
        -:  419:/*EOF*/
    #####:  420:/*EOF*/
        -:  421:/*EOF*/
    #####:  422:/*EOF*/
call    0 never executed
branch  1 never executed
branch  2 never executed
        -:  423:/*EOF*/
    #####:  424:/*EOF*/
        -:  425:/*EOF*/
    #####:  426:/*EOF*/
branch  0 never executed
branch  1 never executed
        -:  427:/*EOF*/
    #####:  428:/*EOF*/
call    0 never executed
        -:  429:/*EOF*/
        -:  430:/*EOF*/
        -:  431:/*EOF*/
    #####:  432:/*EOF*/
call    0 never executed
branch  1 never executed
branch  2 never executed
        -:  433:/*EOF*/
    #####:  434:/*EOF*/
branch  0 never executed
branch  1 never executed
        -:  435:/*EOF*/
    #####:  436:/*EOF*/
call    0 never executed
call    1 never executed
call    2 never executed
    #####:  437:/*EOF*/
call    0 never executed
branch  1 never executed
branch  2 never executed
    #####:  438:/*EOF*/
call    0 never executed
branch  1 never executed
branch  2 never executed
    #####:  439:/*EOF*/
call    0 never executed
branch  1 never executed
branch  2 never executed
        -:  440:/*EOF*/
    #####:  441:/*EOF*/
call    0 never executed
branch  1 never executed
branch  2 never executed
        -:  442:/*EOF*/
    #####:  443:/*EOF*/
        -:  444:/*EOF*/
    #####:  445:/*EOF*/
call    0 never executed
branch  1 never executed
branch  2 never executed
        -:  446:/*EOF*/
    #####:  447:/*EOF*/
        -:  448:/*EOF*/
    #####:  449:/*EOF*/
call    0 never executed
branch  1 never executed
branch  2 never executed
    #####:  450:/*EOF*/
        -:  451:/*EOF*/
    #####:  452:/*EOF*/
call    0 never executed
branch  1 never executed
branch  2 never executed
        -:  453:/*EOF*/
        -:  454:/*EOF*/
    #####:  455:/*EOF*/
call    0 never executed
branch  1 never executed
branch  2 never executed
        -:  456:/*EOF*/
    #####:  457:/*EOF*/
        -:  458:/*EOF*/
        -:  459:/*EOF*/
function _ZNK14social_network42HomeTimelineService_WriteHomeTimeline_args5writeEPN6apache6thrift8protocol9TProtocolE called 0 returned 0% blocks executed 0%
    #####:  460:/*EOF*/
    #####:  461:/*EOF*/
    #####:  462:/*EOF*/
call    0 never executed
branch  1 never executed
branch  2 never executed
call    3 never executed
call    4 never executed
    #####:  463:/*EOF*/
call    0 never executed
branch  1 never executed
branch  2 never executed
        -:  464:/*EOF*/
    #####:  465:/*EOF*/
call    0 never executed
branch  1 never executed
branch  2 never executed
    #####:  466:/*EOF*/
call    0 never executed
branch  1 never executed
branch  2 never executed
    #####:  467:/*EOF*/
call    0 never executed
branch  1 never executed
branch  2 never executed
        -:  468:/*EOF*/
    #####:  469:/*EOF*/
call    0 never executed
branch  1 never executed
branch  2 never executed
    #####:  470:/*EOF*/
call    0 never executed
branch  1 never executed
branch  2 never executed
    #####:  471:/*EOF*/
call    0 never executed
branch  1 never executed
branch  2 never executed
        -:  472:/*EOF*/
    #####:  473:/*EOF*/
call    0 never executed
branch  1 never executed
branch  2 never executed
    #####:  474:/*EOF*/
call    0 never executed
branch  1 never executed
branch  2 never executed
    #####:  475:/*EOF*/
call    0 never executed
branch  1 never executed
branch  2 never executed
        -:  476:/*EOF*/
    #####:  477:/*EOF*/
call    0 never executed
branch  1 never executed
branch  2 never executed
    #####:  478:/*EOF*/
call    0 never executed
branch  1 never executed
branch  2 never executed
    #####:  479:/*EOF*/
call    0 never executed
branch  1 never executed
branch  2 never executed
        -:  480:/*EOF*/
    #####:  481:/*EOF*/
call    0 never executed
branch  1 never executed
branch  2 never executed
        -:  482:/*EOF*/
    #####:  483:/*EOF*/
call    0 never executed
call    1 never executed
branch  2 never executed
branch  3 never executed
    #####:  484:/*EOF*/
    #####:  485:/*EOF*/
call    0 never executed
call    1 never executed
call    2 never executed
branch  3 never executed
branch  4 never executed
call    5 never executed
        -:  486:/*EOF*/
    #####:  487:/*EOF*/
call    0 never executed
call    1 never executed
branch  2 never executed
branch  3 never executed
        -:  488:/*EOF*/
    #####:  489:/*EOF*/
call    0 never executed
branch  1 never executed
branch  2 never executed
        -:  490:/*EOF*/
    #####:  491:/*EOF*/
call    0 never executed
branch  1 never executed
branch  2 never executed
        -:  492:/*EOF*/
    #####:  493:/*EOF*/
call    0 never executed
branch  1 never executed
branch  2 never executed
        -:  494:/*EOF*/
    #####:  495:/*EOF*/
call    0 never executed
call    1 never executed
branch  2 never executed
branch  3 never executed
    #####:  496:/*EOF*/
call    0 never executed
    #####:  497:/*EOF*/
call    0 never executed
call    1 never executed
call    2 never executed
branch  3 never executed
branch  4 never executed
call    5 never executed
        -:  498:/*EOF*/
    #####:  499:/*EOF*/
call    0 never executed
call    1 never executed
branch  2 never executed
branch  3 never executed
    #####:  500:/*EOF*/
call    0 never executed
call    1 never executed
branch  2 never executed
branch  3 never executed
        -:  501:/*EOF*/
    #####:  502:/*EOF*/
call    0 never executed
branch  1 never executed
branch  2 never executed
        -:  503:/*EOF*/
    #####:  504:/*EOF*/
call    0 never executed
branch  1 never executed
branch  2 never executed
        -:  505:/*EOF*/
    #####:  506:/*EOF*/
call    0 never executed
branch  1 never executed
branch  2 never executed
    #####:  507:/*EOF*/
call    0 never executed
branch  1 never executed
branch  2 never executed
    #####:  508:/*EOF*/
        -:  509:/*EOF*/
        -:  510:/*EOF*/
        -:  511:/*EOF*/
function _ZN14social_network43HomeTimelineService_WriteHomeTimeline_pargsD0Ev called 0 returned 0% blocks executed 0%
function _ZN14social_network43HomeTimelineService_WriteHomeTimeline_pargsD2Ev called 0 returned 0% blocks executed 0%
    #####:  512:/*EOF*/
    #####:  513:/*EOF*/
call    0 never executed
call    1 never executed
branch  2 never executed
branch  3 never executed
call    4 never executed
        -:  514:/*EOF*/
        -:  515:/*EOF*/
function _ZNK14social_network43HomeTimelineService_WriteHomeTimeline_pargs5writeEPN6apache6thrift8protocol9TProtocolE called 0 returned 0% blocks executed 0%
    #####:  516:/*EOF*/
    #####:  517:/*EOF*/
    #####:  518:/*EOF*/
call    0 never executed
branch  1 never executed
branch  2 never executed
call    3 never executed
call    4 never executed
    #####:  519:/*EOF*/
call    0 never executed
branch  1 never executed
branch  2 never executed
        -:  520:/*EOF*/
    #####:  521:/*EOF*/
call    0 never executed
branch  1 never executed
branch  2 never executed
    #####:  522:/*EOF*/
call    0 never executed
branch  1 never executed
branch  2 never executed
    #####:  523:/*EOF*/
call    0 never executed
branch  1 never executed
branch  2 never executed
        -:  524:/*EOF*/
    #####:  525:/*EOF*/
call    0 never executed
branch  1 never executed
branch  2 never executed
    #####:  526:/*EOF*/
call    0 never executed
branch  1 never executed
branch  2 never executed
    #####:  527:/*EOF*/
call    0 never executed
branch  1 never executed
branch  2 never executed
        -:  528:/*EOF*/
    #####:  529:/*EOF*/
call    0 never executed
branch  1 never executed
branch  2 never executed
    #####:  530:/*EOF*/
call    0 never executed
branch  1 never executed
branch  2 never executed
    #####:  531:/*EOF*/
call    0 never executed
branch  1 never executed
branch  2 never executed
        -:  532:/*EOF*/
    #####:  533:/*EOF*/
call    0 never executed
branch  1 never executed
branch  2 never executed
    #####:  534:/*EOF*/
call    0 never executed
branch  1 never executed
branch  2 never executed
    #####:  535:/*EOF*/
call    0 never executed
branch  1 never executed
branch  2 never executed
        -:  536:/*EOF*/
    #####:  537:/*EOF*/
call    0 never executed
branch  1 never executed
branch  2 never executed
        -:  538:/*EOF*/
    #####:  539:/*EOF*/
call    0 never executed
call    1 never executed
branch  2 never executed
branch  3 never executed
    #####:  540:/*EOF*/
    #####:  541:/*EOF*/
call    0 never executed
call    1 never executed
call    2 never executed
branch  3 never executed
branch  4 never executed
call    5 never executed
        -:  542:/*EOF*/
    #####:  543:/*EOF*/
call    0 never executed
call    1 never executed
branch  2 never executed
branch  3 never executed
        -:  544:/*EOF*/
    #####:  545:/*EOF*/
call    0 never executed
branch  1 never executed
branch  2 never executed
        -:  546:/*EOF*/
    #####:  547:/*EOF*/
call    0 never executed
branch  1 never executed
branch  2 never executed
        -:  548:/*EOF*/
    #####:  549:/*EOF*/
call    0 never executed
branch  1 never executed
branch  2 never executed
        -:  550:/*EOF*/
    #####:  551:/*EOF*/
call    0 never executed
call    1 never executed
branch  2 never executed
branch  3 never executed
    #####:  552:/*EOF*/
call    0 never executed
    #####:  553:/*EOF*/
call    0 never executed
call    1 never executed
call    2 never executed
branch  3 never executed
branch  4 never executed
call    5 never executed
        -:  554:/*EOF*/
    #####:  555:/*EOF*/
call    0 never executed
call    1 never executed
branch  2 never executed
branch  3 never executed
    #####:  556:/*EOF*/
call    0 never executed
call    1 never executed
branch  2 never executed
branch  3 never executed
        -:  557:/*EOF*/
    #####:  558:/*EOF*/
call    0 never executed
branch  1 never executed
branch  2 never executed
        -:  559:/*EOF*/
    #####:  560:/*EOF*/
call    0 never executed
branch  1 never executed
branch  2 never executed
        -:  561:/*EOF*/
    #####:  562:/*EOF*/
call    0 never executed
branch  1 never executed
branch  2 never executed
    #####:  563:/*EOF*/
call    0 never executed
branch  1 never executed
branch  2 never executed
    #####:  564:/*EOF*/
        -:  565:/*EOF*/
        -:  566:/*EOF*/
        -:  567:/*EOF*/
function _ZN14social_network44HomeTimelineService_WriteHomeTimeline_resultD0Ev called 0 returned 0% blocks executed 0%
function _ZN14social_network44HomeTimelineService_WriteHomeTimeline_resultD2Ev called 0 returned 0% blocks executed 0%
    #####:  568:/*EOF*/
call    0 never executed
    #####:  569:/*EOF*/
call    0 never executed
call    1 never executed
branch  2 never executed
branch  3 never executed
call    4 never executed
        -:  570:/*EOF*/
        -:  571:/*EOF*/
function _ZN14social_network44HomeTimelineService_WriteHomeTimeline_result4readEPN6apache6thrift8protocol9TProtocolE called 0 returned 0% blocks executed 0%
    #####:  572:/*EOF*/
        -:  573:/*EOF*/
    #####:  574:/*EOF*/
call    0 never executed
branch  1 never executed
branch  2 never executed
call    3 never executed
call    4 never executed
    #####:  575:/*EOF*/
    #####:  576:/*EOF*/
call    0 never executed
call    1 never executed
call    2 never executed
        -:  577:/*EOF*/
        -:  578:/*EOF*/
        -:  579:/*EOF*/
    #####:  580:/*EOF*/
call    0 never executed
branch  1 never executed
branch  2 never executed
        -:  581:/*EOF*/
        -:  582:/*EOF*/
        -:  583:/*EOF*/
        -:  584:/*EOF*/
    #####:  585:/*EOF*/
        -:  586:/*EOF*/
    #####:  587:/*EOF*/
call    0 never executed
branch  1 never executed
branch  2 never executed
    #####:  588:/*EOF*/
branch  0 never executed
branch  1 never executed
    #####:  589:/*EOF*/
        -:  590:/*EOF*/
    #####:  591:/*EOF*/
branch  0 never executed
branch  1 never executed
        -:  592:/*EOF*/
        -:  593:/*EOF*/
    #####:  594:/*EOF*/
branch  0 never executed
branch  1 never executed
    #####:  595:/*EOF*/
call    0 never executed
branch  1 never executed
branch  2 never executed
    #####:  596:/*EOF*/
        -:  597:/*EOF*/
    #####:  598:/*EOF*/
call    0 never executed
branch  1 never executed
branch  2 never executed
        -:  599:/*EOF*/
    #####:  600:/*EOF*/
        -:  601:/*EOF*/
    #####:  602:/*EOF*/
call    0 never executed
branch  1 never executed
branch  2 never executed
    #####:  603:/*EOF*/
        -:  604:/*EOF*/
    #####:  605:/*EOF*/
call    0 never executed
branch  1 never executed
branch  2 never executed
        -:  606:/*EOF*/
        -:  607:/*EOF*/
    #####:  608:/*EOF*/
call    0 never executed
branch  1 never executed
branch  2 never executed
        -:  609:/*EOF*/
    #####:  610:/*EOF*/
        -:  611:/*EOF*/
        -:  612:/*EOF*/
function _ZNK14social_network44HomeTimelineService_WriteHomeTimeline_result5writeEPN6apache6thrift8protocol9TProtocolE called 0 returned 0% blocks executed 0%
    #####:  613:/*EOF*/
        -:  614:/*EOF*/
    #####:  615:/*EOF*/
        -:  616:/*EOF*/
    #####:  617:/*EOF*/
call    0 never executed
        -:  618:/*EOF*/
    #####:  619:/*EOF*/
branch  0 never executed
branch  1 never executed
    #####:  620:/*EOF*/
call    0 never executed
    #####:  621:/*EOF*/
call    0 never executed
    #####:  622:/*EOF*/
call    0 never executed
        -:  623:/*EOF*/
    #####:  624:/*EOF*/
call    0 never executed
    #####:  625:/*EOF*/
call    0 never executed
    #####:  626:/*EOF*/
        -:  627:/*EOF*/
        -:  628:/*EOF*/
        -:  629:/*EOF*/
function _ZN14social_network45HomeTimelineService_WriteHomeTimeline_presultD0Ev called 0 returned 0% blocks executed 0%
function _ZN14social_network45HomeTimelineService_WriteHomeTimeline_presultD2Ev called 0 returned 0% blocks executed 0%
    #####:  630:/*EOF*/
call    0 never executed
    #####:  631:/*EOF*/
call    0 never executed
call    1 never executed
branch  2 never executed
branch  3 never executed
call    4 never executed
        -:  632:/*EOF*/
        -:  633:/*EOF*/
function _ZN14social_network45HomeTimelineService_WriteHomeTimeline_presult4readEPN6apache6thrift8protocol9TProtocolE called 0 returned 0% blocks executed 0%
    #####:  634:/*EOF*/
        -:  635:/*EOF*/
    #####:  636:/*EOF*/
call    0 never executed
branch  1 never executed
branch  2 never executed
call    3 never executed
call    4 never executed
    #####:  637:/*EOF*/
    #####:  638:/*EOF*/
call    0 never executed
call    1 never executed
call    2 never executed
        -:  639:/*EOF*/
        -:  640:/*EOF*/
        -:  641:/*EOF*/
    #####:  642:/*EOF*/
call    0 never executed
branch  1 never executed
branch  2 never executed
        -:  643:/*EOF*/
        -:  644:/*EOF*/
        -:  645:/*EOF*/
        -:  646:/*EOF*/
    #####:  647:/*EOF*/
        -:  648:/*EOF*/
    #####:  649:/*EOF*/
call    0 never executed
branch  1 never executed
branch  2 never executed
    #####:  650:/*EOF*/
branch  0 never executed
branch  1 never executed
    #####:  651:/*EOF*/
        -:  652:/*EOF*/
    #####:  653:/*EOF*/
branch  0 never executed
branch  1 never executed
        -:  654:/*EOF*/
        -:  655:/*EOF*/
    #####:  656:/*EOF*/
branch  0 never executed
branch  1 never executed
    #####:  657:/*EOF*/
call    0 never executed
branch  1 never executed
branch  2 never executed
    #####:  658:/*EOF*/
        -:  659:/*EOF*/
    #####:  660:/*EOF*/
call    0 never executed
branch  1 never executed
branch  2 never executed
        -:  661:/*EOF*/
    #####:  662:/*EOF*/
        -:  663:/*EOF*/
    #####:  664:/*EOF*/
call    0 never executed
branch  1 never executed
branch  2 never executed
    #####:  665:/*EOF*/
        -:  666:/*EOF*/
    #####:  667:/*EOF*/
call    0 never executed
branch  1 never executed
branch  2 never executed
        -:  668:/*EOF*/
        -:  669:/*EOF*/
    #####:  670:/*EOF*/
call    0 never executed
branch  1 never executed
branch  2 never executed
        -:  671:/*EOF*/
    #####:  672:/*EOF*/
        -:  673:/*EOF*/
        -:  674:/*EOF*/
function _ZN14social_network25HomeTimelineServiceClient16ReadHomeTimelineERSt6vectorINS_4PostESaIS2_EElliiRKSt3mapINSt7__cxx1112basic_stringIcSt11char_traitsIcESaIcEEESC_St4lessISC_ESaISt4pairIKSC_SC_EEE called 0 returned 0% blocks executed 0%
    #####:  675:/*EOF*/
        -:  676:/*EOF*/
    #####:  677:/*EOF*/
call    0 never executed
    #####:  678:/*EOF*/
call    0 never executed
    #####:  679:/*EOF*/
        -:  680:/*EOF*/
function _ZN14social_network25HomeTimelineServiceClient21send_ReadHomeTimelineElliiRKSt3mapINSt7__cxx1112basic_stringIcSt11char_traitsIcESaIcEEES7_St4lessIS7_ESaISt4pairIKS7_S7_EEE called 0 returned 0% blocks executed 0%
    #####:  681:/*EOF*/
        -:  682:/*EOF*/
    #####:  683:/*EOF*/
    #####:  684:/*EOF*/
call    0 never executed
call    1 never executed
branch  2 never executed
branch  3 never executed
call    4 never executed
branch  5 never executed
branch  6 never executed
call    7 never executed
call    8 never executed
call    9 never executed
call   10 never executed
        -:  685:/*EOF*/
    #####:  686:/*EOF*/
call    0 never executed
call    1 never executed
call    2 never executed
    #####:  687:/*EOF*/
    #####:  688:/*EOF*/
    #####:  689:/*EOF*/
    #####:  690:/*EOF*/
    #####:  691:/*EOF*/
    #####:  692:/*EOF*/
call    0 never executed
branch  1 never executed
branch  2 never executed
        -:  693:/*EOF*/
    #####:  694:/*EOF*/
call    0 never executed
branch  1 never executed
branch  2 never executed
    #####:  695:/*EOF*/
call    0 never executed
call    1 never executed
call    2 never executed
branch  3 never executed
branch  4 never executed
call    5 never executed
call    6 never executed
    #####:  696:/*EOF*/
call    0 never executed
call    1 never executed
call    2 never executed
branch  3 never executed
branch  4 never executed
call    5 never executed
call    6 never executed
    #####:  697:/*EOF*/
        -:  698:/*EOF*/
function _ZN14social_network25HomeTimelineServiceClient21recv_ReadHomeTimelineERSt6vectorINS_4PostESaIS2_EE called 0 returned 0% blocks executed 0%
    #####:  699:/*EOF*/
        -:  700:/*EOF*/
        -:  701:/*EOF*/
    #####:  702:/*EOF*/
    #####:  703:/*EOF*/
call    0 never executed
call    1 never executed
call    2 never executed
        -:  704:/*EOF*/
        -:  705:/*EOF*/
    #####:  706:/*EOF*/
call    0 never executed
branch  1 never executed
branch  2 never executed
    #####:  707:/*EOF*/
branch  0 never executed
branch  1 never executed
    #####:  708:/*EOF*/
call    0 never executed
call    1 never executed
    #####:  709:/*EOF*/
call    0 never executed
branch  1 never executed
branch  2 never executed
    #####:  710:/*EOF*/
call    0 never executed
branch  1 never executed
branch  2 never executed
    #####:  711:/*EOF*/
call    0 never executed
call    1 never executed
call    2 never executed
branch  3 never executed
branch  4 never executed
call    5 never executed
call    6 never executed
    #####:  712:/*EOF*/
call    0 never executed
call    1 never executed
branch  2 never executed
branch  3 never executed
call    4 never executed
call    5 never executed
        -:  713:/*EOF*/
    #####:  714:/*EOF*/
branch  0 never executed
branch  1 never executed
    #####:  715:/*EOF*/
call    0 never executed
branch  1 never executed
branch  2 never executed
    #####:  716:/*EOF*/
call    0 never executed
branch  1 never executed
branch  2 never executed
    #####:  717:/*EOF*/
call    0 never executed
call    1 never executed
call    2 never executed
branch  3 never executed
branch  4 never executed
call    5 never executed
call    6 never executed
        -:  718:/*EOF*/
    #####:  719:/*EOF*/
call    0 never executed
branch  1 never executed
branch  2 never executed
branch  3 never executed
branch  4 never executed
    #####:  720:/*EOF*/
call    0 never executed
branch  1 never executed
branch  2 never executed
    #####:  721:/*EOF*/
call    0 never executed
branch  1 never executed
branch  2 never executed
    #####:  722:/*EOF*/
call    0 never executed
call    1 never executed
call    2 never executed
branch  3 never executed
branch  4 never executed
call    5 never executed
call    6 never executed
        -:  723:/*EOF*/
    #####:  724:/*EOF*/
call    0 never executed
call    1 never executed
call    2 never executed
    #####:  725:/*EOF*/
    #####:  726:/*EOF*/
call    0 never executed
branch  1 never executed
branch  2 never executed
    #####:  727:/*EOF*/
call    0 never executed
branch  1 never executed
branch  2 never executed
    #####:  728:/*EOF*/
call    0 never executed
call    1 never executed
call    2 never executed
branch  3 never executed
branch  4 never executed
call    5 never executed
call    6 never executed
        -:  729:/*EOF*/
    #####:  730:/*EOF*/
branch  0 never executed
branch  1 never executed
        -:  731:/*EOF*/
    #####:  732:/*EOF*/
        -:  733:/*EOF*/
    #####:  734:/*EOF*/
branch  0 never executed
branch  1 never executed
    #####:  735:/*EOF*/
call    0 never executed
call    1 never executed
branch  2 never executed
branch  3 never executed
call    4 never executed
call    5 never executed
        -:  736:/*EOF*/
    #####:  737:/*EOF*/
call    0 never executed
call    1 never executed
call    2 never executed
branch  3 never executed
branch  4 never executed
call    5 never executed
branch  6 never executed
branch  7 never executed
call    8 never executed
call    9 never executed
call   10 never executed
call   11 never executed
call   12 never executed
call   13 never executed
        -:  738:/*EOF*/
        -:  739:/*EOF*/
function _ZN14social_network25HomeTimelineServiceClient17WriteHomeTimelineEllllRKSt6vectorIlSaIlEERKSt3mapINSt7__cxx1112basic_stringIcSt11char_traitsIcESaIcEEESC_St4lessISC_ESaISt4pairIKSC_SC_EEE called 0 returned 0% blocks executed 0%
    #####:  740:/*EOF*/
        -:  741:/*EOF*/
    #####:  742:/*EOF*/
call    0 never executed
    #####:  743:/*EOF*/
call    0 never executed
    #####:  744:/*EOF*/
        -:  745:/*EOF*/
function _ZN14social_network25HomeTimelineServiceClient22send_WriteHomeTimelineEllllRKSt6vectorIlSaIlEERKSt3mapINSt7__cxx1112basic_stringIcSt11char_traitsIcESaIcEEESC_St4lessISC_ESaISt4pairIKSC_SC_EEE called 0 returned 0% blocks executed 0%
    #####:  746:/*EOF*/
        -:  747:/*EOF*/
    #####:  748:/*EOF*/
    #####:  749:/*EOF*/
call    0 never executed
call    1 never executed
branch  2 never executed
branch  3 never executed
call    4 never executed
branch  5 never executed
branch  6 never executed
call    7 never executed
call    8 never executed
call    9 never executed
call   10 never executed
        -:  750:/*EOF*/
    #####:  751:/*EOF*/
call    0 never executed
call    1 never executed
call    2 never executed
    #####:  752:/*EOF*/
    #####:  753:/*EOF*/
    #####:  754:/*EOF*/
    #####:  755:/*EOF*/
    #####:  756:/*EOF*/
    #####:  757:/*EOF*/
    #####:  758:/*EOF*/
call    0 never executed
branch  1 never executed
branch  2 never executed
        -:  759:/*EOF*/
    #####:  760:/*EOF*/
call    0 never executed
branch  1 never executed
branch  2 never executed
    #####:  761:/*EOF*/
call    0 never executed
call    1 never executed
call    2 never executed
branch  3 never executed
branch  4 never executed
call    5 never executed
call    6 never executed
    #####:  762:/*EOF*/
call    0 never executed
call    1 never executed
call    2 never executed
branch  3 never executed
branch  4 never executed
call    5 never executed
call    6 never executed
    #####:  763:/*EOF*/
        -:  764:/*EOF*/
function _ZN14social_network25HomeTimelineServiceClient22recv_WriteHomeTimelineEv called 0 returned 0% blocks executed 0%
    #####:  765:/*EOF*/
        -:  766:/*EOF*/
        -:  767:/*EOF*/
    #####:  768:/*EOF*/
    #####:  769:/*EOF*/
call    0 never executed
call    1 never executed
call    2 never executed
        -:  770:/*EOF*/
        -:  771:/*EOF*/
    #####:  772:/*EOF*/
call    0 never executed
branch  1 never executed
branch  2 never executed
    #####:  773:/*EOF*/
branch  0 never executed
branch  1 never executed
    #####:  774:/*EOF*/
call    0 never executed
call    1 never executed
    #####:  775:/*EOF*/
call    0 never executed
branch  1 never executed
branch  2 never executed
    #####:  776:/*EOF*/
call    0 never executed
branch  1 never executed
branch  2 never executed
    #####:  777:/*EOF*/
call    0 never executed
call    1 never executed
call    2 never executed
branch  3 never executed
branch  4 never executed
call    5 never executed
call    6 never executed
    #####:  778:/*EOF*/
call    0 never executed
call    1 never executed
branch  2 never executed
branch  3 never executed
call    4 never executed
call    5 never executed
        -:  779:/*EOF*/
    #####:  780:/*EOF*/
branch  0 never executed
branch  1 never executed
    #####:  781:/*EOF*/
call    0 never executed
branch  1 never executed
branch  2 never executed
    #####:  782:/*EOF*/
call    0 never executed
branch  1 never executed
branch  2 never executed
    #####:  783:/*EOF*/
call    0 never executed
call    1 never executed
call    2 never executed
branch  3 never executed
branch  4 never executed
call    5 never executed
call    6 never executed
        -:  784:/*EOF*/
    #####:  785:/*EOF*/
call    0 never executed
branch  1 never executed
branch  2 never executed
branch  3 never executed
branch  4 never executed
    #####:  786:/*EOF*/
call    0 never executed
branch  1 never executed
branch  2 never executed
    #####:  787:/*EOF*/
call    0 never executed
branch  1 never executed
branch  2 never executed
    #####:  788:/*EOF*/
call    0 never executed
call    1 never executed
call    2 never executed
branch  3 never executed
branch  4 never executed
call    5 never executed
call    6 never executed
        -:  789:/*EOF*/
    #####:  790:/*EOF*/
call    0 never executed
call    1 never executed
call    2 never executed
    #####:  791:/*EOF*/
call    0 never executed
branch  1 never executed
branch  2 never executed
    #####:  792:/*EOF*/
call    0 never executed
branch  1 never executed
branch  2 never executed
    #####:  793:/*EOF*/
call    0 never executed
call    1 never executed
call    2 never executed
branch  3 never executed
branch  4 never executed
call    5 never executed
call    6 never executed
        -:  794:/*EOF*/
    #####:  795:/*EOF*/
branch  0 never executed
branch  1 never executed
    #####:  796:/*EOF*/
call    0 never executed
call    1 never executed
branch  2 never executed
branch  3 never executed
call    4 never executed
call    5 never executed
        -:  797:/*EOF*/
    #####:  798:/*EOF*/
        -:  799:/*EOF*/
        -:  800:/*EOF*/
function _ZN14social_network28HomeTimelineServiceProcessor12dispatchCallEPN6apache6thrift8protocol9TProtocolES5_RKNSt7__cxx1112basic_stringIcSt11char_traitsIcESaIcEEEiPv called 1000 returned 100% blocks executed 25%
     1000:  801:/*EOF*/
     1000:  802:/*EOF*/
call    0 returned 100%
     1000:  803:/*EOF*/
call    0 returned 100%
branch  1 taken 100% (fallthrough)
branch  2 taken 0% (throw)
     1000:  804:/*EOF*/
call    0 returned 100%
call    1 returned 100%
branch  2 taken 0% (fallthrough)
branch  3 taken 100%
    #####:  805:/*EOF*/
call    0 never executed
branch  1 never executed
branch  2 never executed
    #####:  806:/*EOF*/
call    0 never executed
branch  1 never executed
branch  2 never executed
    #####:  807:/*EOF*/
call    0 never executed
call    1 never executed
call    2 never executed
branch  3 never executed
branch  4 never executed
call    5 never executed
call    6 never executed
call    7 never executed
    #####:  808:/*EOF*/
call    0 never executed
branch  1 never executed
branch  2 never executed
call    3 never executed
branch  4 never executed
branch  5 never executed
call    6 never executed
branch  7 never executed
branch  8 never executed
call    9 never executed
call   10 never executed
call   11 never executed
call   12 never executed
call   13 never executed
    #####:  809:/*EOF*/
call    0 never executed
branch  1 never executed
branch  2 never executed
    #####:  810:/*EOF*/
call    0 never executed
branch  1 never executed
branch  2 never executed
    #####:  811:/*EOF*/
call    0 never executed
branch  1 never executed
branch  2 never executed
    #####:  812:/*EOF*/
call    0 never executed
call    1 never executed
call    2 never executed
branch  3 never executed
branch  4 never executed
call    5 never executed
call    6 never executed
    #####:  813:/*EOF*/
call    0 never executed
call    1 never executed
call    2 never executed
branch  3 never executed
branch  4 never executed
call    5 never executed
call    6 never executed
    #####:  814:/*EOF*/
        -:  815:/*EOF*/
     1000:  816:/*EOF*/
call    0 returned 100%
branch  1 taken 100% (fallthrough)
branch  2 taken 0%
call    3 returned 100%
branch  4 taken 100% (fallthrough)
branch  5 taken 0% (throw)
     1000:  817:/*EOF*/
        -:  818:/*EOF*/
        -:  819:/*EOF*/
function _ZN14social_network28HomeTimelineServiceProcessor24process_ReadHomeTimelineEiPN6apache6thrift8protocol9TProtocolES5_Pv called 1000 returned 100% blocks executed 37%
     1000:  820:/*EOF*/
        -:  821:/*EOF*/
     1000:  822:/*EOF*/
     1000:  823:/*EOF*/
call    0 returned 100%
branch  1 taken 0% (fallthrough)
branch  2 taken 100%
    #####:  824:/*EOF*/
call    0 never executed
call    1 never executed
branch  2 never executed
branch  3 never executed
        -:  825:/*EOF*/
     2000:  826:/*EOF*/
call    0 returned 100%
call    1 returned 100%
call    2 never executed
        -:  827:/*EOF*/
     1000:  828:/*EOF*/
call    0 returned 100%
branch  1 taken 0% (fallthrough)
branch  2 taken 100%
    #####:  829:/*EOF*/
call    0 never executed
call    1 never executed
branch  2 never executed
branch  3 never executed
        -:  830:/*EOF*/
        -:  831:/*EOF*/
     2000:  832:/*EOF*/
call    0 returned 100%
call    1 returned 100%
branch  2 taken 100%
branch  3 taken 0%
call    4 never executed
     1000:  833:/*EOF*/
call    0 returned 100%
branch  1 taken 100% (fallthrough)
branch  2 taken 0% (throw)
     1000:  834:/*EOF*/
call    0 returned 100%
branch  1 taken 100% (fallthrough)
branch  2 taken 0% (throw)
     1000:  835:/*EOF*/
call    0 returned 100%
call    1 returned 100%
call    2 returned 100%
branch  3 taken 100% (fallthrough)
branch  4 taken 0% (throw)
call    5 returned 100%
call    6 never executed
branch  7 never executed
branch  8 never executed
branch  9 never executed
        -:  836:/*EOF*/
     1000:  837:/*EOF*/
call    0 returned 100%
branch  1 taken 0% (fallthrough)
branch  2 taken 100%
    #####:  838:/*EOF*/
call    0 never executed
call    1 never executed
branch  2 never executed
branch  3 never executed
        -:  839:/*EOF*/
        -:  840:/*EOF*/
     2000:  841:/*EOF*/
call    0 returned 100%
call    1 returned 100%
branch  2 taken 100%
branch  3 taken 0%
call    4 never executed
        -:  842:/*EOF*/
     1000:  843:/*EOF*/
call    0 returned 100%
call    1 returned 100%
branch  2 taken 100% (fallthrough)
branch  3 taken 0% (throw)
     1000:  844:/*EOF*/
    =====:  845:/*EOF*/
call    0 never executed
call    1 never executed
call    2 never executed
call    3 never executed
    =====:  846:/*EOF*/
call    0 never executed
branch  1 never executed
branch  2 never executed
    =====:  847:/*EOF*/
    =====:  848:/*EOF*/
call    0 never executed
call    1 never executed
call    2 never executed
    =====:  849:/*EOF*/
call    0 never executed
branch  1 never executed
branch  2 never executed
    =====:  850:/*EOF*/
call    0 never executed
call    1 never executed
branch  2 never executed
branch  3 never executed
        -:  851:/*EOF*/
        -:  852:/*EOF*/
    =====:  853:/*EOF*/
call    0 never executed
call    1 never executed
call    2 never executed
branch  3 never executed
branch  4 never executed
call    5 never executed
branch  6 never executed
branch  7 never executed
call    8 never executed
call    9 never executed
call   10 never executed
call   11 never executed
call   12 never executed
    =====:  854:/*EOF*/
call    0 never executed
call    1 never executed
branch  2 never executed
branch  3 never executed
call    4 never executed
branch  5 never executed
branch  6 never executed
call    7 never executed
call    8 never executed
call    9 never executed
call   10 never executed
    =====:  855:/*EOF*/
call    0 never executed
branch  1 never executed
branch  2 never executed
    =====:  856:/*EOF*/
call    0 never executed
branch  1 never executed
branch  2 never executed
    =====:  857:/*EOF*/
call    0 never executed
call    1 never executed
call    2 never executed
branch  3 never executed
branch  4 never executed
call    5 never executed
call    6 never executed
    =====:  858:/*EOF*/
call    0 never executed
call    1 never executed
call    2 never executed
branch  3 never executed
branch  4 never executed
call    5 never executed
call    6 never executed
    =====:  859:/*EOF*/
        -:  860:/*EOF*/
        -:  861:/*EOF*/
     1000:  862:/*EOF*/
call    0 returned 100%
branch  1 taken 0% (fallthrough)
branch  2 taken 100%
    #####:  863:/*EOF*/
call    0 never executed
call    1 never executed
branch  2 never executed
branch  3 never executed
        -:  864:/*EOF*/
        -:  865:/*EOF*/
     1000:  866:/*EOF*/
call    0 returned 100%
call    1 returned 100%
branch  2 taken 100% (fallthrough)
branch  3 taken 0% (throw)
call    4 returned 100%
branch  5 taken 100% (fallthrough)
branch  6 taken 0% (throw)
call    7 returned 100%
call    8 returned 100%
call    9 never executed
call   10 never executed
     1000:  867:/*EOF*/
call    0 returned 100%
branch  1 taken 100% (fallthrough)
branch  2 taken 0% (throw)
     1000:  868:/*EOF*/
call    0 returned 100%
branch  1 taken 100% (fallthrough)
branch  2 taken 0% (throw)
     1000:  869:/*EOF*/
call    0 returned 100%
call    1 returned 100%
call    2 returned 100%
branch  3 taken 100% (fallthrough)
branch  4 taken 0% (throw)
call    5 returned 100%
call    6 never executed
     1000:  870:/*EOF*/
call    0 returned 100%
call    1 returned 100%
call    2 returned 100%
branch  3 taken 100% (fallthrough)
branch  4 taken 0% (throw)
call    5 returned 100%
call    6 never executed
        -:  871:/*EOF*/
     1000:  872:/*EOF*/
call    0 returned 100%
branch  1 taken 0% (fallthrough)
branch  2 taken 100%
    #####:  873:/*EOF*/
call    0 never executed
call    1 never executed
branch  2 never executed
branch  3 never executed
call    4 returned 100%
branch  5 taken 100%
branch  6 taken 0%
        -:  874:/*EOF*/
        -:  875:/*EOF*/
        -:  876:/*EOF*/
function _ZN14social_network28HomeTimelineServiceProcessor25process_WriteHomeTimelineEiPN6apache6thrift8protocol9TProtocolES5_Pv called 0 returned 0% blocks executed 0%
    #####:  877:/*EOF*/
        -:  878:/*EOF*/
    #####:  879:/*EOF*/
    #####:  880:/*EOF*/
call    0 never executed
branch  1 never executed
branch  2 never executed
    #####:  881:/*EOF*/
call    0 never executed
call    1 never executed
branch  2 never executed
branch  3 never executed
        -:  882:/*EOF*/
    #####:  883:/*EOF*/
call    0 never executed
call    1 never executed
call    2 never executed
        -:  884:/*EOF*/
    #####:  885:/*EOF*/
call    0 never executed
branch  1 never executed
branch  2 never executed
    #####:  886:/*EOF*/
call    0 never executed
call    1 never executed
branch  2 never executed
branch  3 never executed
        -:  887:/*EOF*/
        -:  888:/*EOF*/
    #####:  889:/*EOF*/
call    0 never executed
call    1 never executed
branch  2 never executed
branch  3 never executed
call    4 never executed
    #####:  890:/*EOF*/
call    0 never executed
branch  1 never executed
branch  2 never executed
    #####:  891:/*EOF*/
call    0 never executed
branch  1 never executed
branch  2 never executed
    #####:  892:/*EOF*/
call    0 never executed
call    1 never executed
call    2 never executed
branch  3 never executed
branch  4 never executed
call    5 never executed
call    6 never executed
branch  7 never executed
branch  8 never executed
branch  9 never executed
        -:  893:/*EOF*/
    #####:  894:/*EOF*/
call    0 never executed
branch  1 never executed
branch  2 never executed
    #####:  895:/*EOF*/
call    0 never executed
call    1 never executed
branch  2 never executed
branch  3 never executed
        -:  896:/*EOF*/
        -:  897:/*EOF*/
    #####:  898:/*EOF*/
call    0 never executed
call    1 never executed
branch  2 never executed
branch  3 never executed
call    4 never executed
        -:  899:/*EOF*/
    #####:  900:/*EOF*/
call    0 never executed
call    1 never executed
branch  2 never executed
branch  3 never executed
    =====:  901:/*EOF*/
call    0 never executed
call    1 never executed
call    2 never executed
call    3 never executed
    =====:  902:/*EOF*/
call    0 never executed
branch  1 never executed
branch  2 never executed
    =====:  903:/*EOF*/
    =====:  904:/*EOF*/
call    0 never executed
call    1 never executed
call    2 never executed
    =====:  905:/*EOF*/
call    0 never executed
branch  1 never executed
branch  2 never executed
    =====:  906:/*EOF*/
call    0 never executed
call    1 never executed
branch  2 never executed
branch  3 never executed
        -:  907:/*EOF*/
        -:  908:/*EOF*/
    =====:  909:/*EOF*/
call    0 never executed
call    1 never executed
call    2 never executed
branch  3 never executed
branch  4 never executed
call    5 never executed
branch  6 never executed
branch  7 never executed
call    8 never executed
call    9 never executed
call   10 never executed
call   11 never executed
call   12 never executed
    =====:  910:/*EOF*/
call    0 never executed
call    1 never executed
branch  2 never executed
branch  3 never executed
call    4 never executed
branch  5 never executed
branch  6 never executed
call    7 never executed
call    8 never executed
call    9 never executed
call   10 never executed
    =====:  911:/*EOF*/
call    0 never executed
branch  1 never executed
branch  2 never executed
    =====:  912:/*EOF*/
call    0 never executed
branch  1 never executed
branch  2 never executed
    =====:  913:/*EOF*/
call    0 never executed
call    1 never executed
call    2 never executed
branch  3 never executed
branch  4 never executed
call    5 never executed
call    6 never executed
    =====:  914:/*EOF*/
call    0 never executed
call    1 never executed
call    2 never executed
branch  3 never executed
branch  4 never executed
call    5 never executed
call    6 never executed
    =====:  915:/*EOF*/
        -:  916:/*EOF*/
        -:  917:/*EOF*/
    #####:  918:/*EOF*/
call    0 never executed
branch  1 never executed
branch  2 never executed
    #####:  919:/*EOF*/
call    0 never executed
call    1 never executed
branch  2 never executed
branch  3 never executed
        -:  920:/*EOF*/
        -:  921:/*EOF*/
    #####:  922:/*EOF*/
call    0 never executed
call    1 never executed
branch  2 never executed
branch  3 never executed
call    4 never executed
branch  5 never executed
branch  6 never executed
call    7 never executed
call    8 never executed
call    9 never executed
call   10 never executed
    #####:  923:/*EOF*/
call    0 never executed
branch  1 never executed
branch  2 never executed
    #####:  924:/*EOF*/
call    0 never executed
branch  1 never executed
branch  2 never executed
    #####:  925:/*EOF*/
call    0 never executed
call    1 never executed
call    2 never executed
branch  3 never executed
branch  4 never executed
call    5 never executed
call    6 never executed
    #####:  926:/*EOF*/
call    0 never executed
call    1 never executed
call    2 never executed
branch  3 never executed
branch  4 never executed
call    5 never executed
call    6 never executed
        -:  927:/*EOF*/
    #####:  928:/*EOF*/
call    0 never executed
branch  1 never executed
branch  2 never executed
    #####:  929:/*EOF*/
call    0 never executed
call    1 never executed
branch  2 never executed
branch  3 never executed
call    4 never executed
branch  5 never executed
branch  6 never executed
        -:  930:/*EOF*/
        -:  931:/*EOF*/
        -:  932:/*EOF*/
function _ZN14social_network35HomeTimelineServiceProcessorFactory12getProcessorERKN6apache6thrift15TConnectionInfoE called 0 returned 0% blocks executed 0%
    #####:  933:/*EOF*/
    #####:  934:/*EOF*/
call    0 never executed
call    1 never executed
call    2 never executed
    #####:  935:/*EOF*/
call    0 never executed
call    1 never executed
call    2 never executed
branch  3 never executed
branch  4 never executed
call    5 never executed
branch  6 never executed
branch  7 never executed
call    8 never executed
call    9 never executed
call   10 never executed
    #####:  936:/*EOF*/
call    0 never executed
call    1 never executed
branch  2 never executed
branch  3 never executed
call    4 never executed
branch  5 never executed
branch  6 never executed
call    7 never executed
branch  8 never executed
branch  9 never executed
call   10 never executed
call   11 never executed
call   12 never executed
    #####:  937:/*EOF*/
call    0 never executed
        -:  938:/*EOF*/
        -:  939:/*EOF*/
function _ZN14social_network35HomeTimelineServiceConcurrentClient16ReadHomeTimelineERSt6vectorINS_4PostESaIS2_EElliiRKSt3mapINSt7__cxx1112basic_stringIcSt11char_traitsIcESaIcEEESC_St4lessISC_ESaISt4pairIKSC_SC_EEE called 0 returned 0% blocks executed 0%
    #####:  940:/*EOF*/
        -:  941:/*EOF*/
    #####:  942:/*EOF*/
call    0 never executed
    #####:  943:/*EOF*/
call    0 never executed
    #####:  944:/*EOF*/
        -:  945:/*EOF*/
function _ZN14social_network35HomeTimelineServiceConcurrentClient21send_ReadHomeTimelineElliiRKSt3mapINSt7__cxx1112basic_stringIcSt11char_traitsIcESaIcEEES7_St4lessIS7_ESaISt4pairIKS7_S7_EEE called 0 returned 0% blocks executed 0%
    #####:  946:/*EOF*/
        -:  947:/*EOF*/
    #####:  948:/*EOF*/
call    0 never executed
branch  1 never executed
branch  2 never executed
    #####:  949:/*EOF*/
call    0 never executed
branch  1 never executed
branch  2 never executed
call    3 never executed
call    4 never executed
    #####:  950:/*EOF*/
call    0 never executed
call    1 never executed
branch  2 never executed
branch  3 never executed
call    4 never executed
branch  5 never executed
branch  6 never executed
call    7 never executed
call    8 never executed
call    9 never executed
call   10 never executed
        -:  951:/*EOF*/
    #####:  952:/*EOF*/
call    0 never executed
call    1 never executed
call    2 never executed
    #####:  953:/*EOF*/
    #####:  954:/*EOF*/
    #####:  955:/*EOF*/
    #####:  956:/*EOF*/
    #####:  957:/*EOF*/
    #####:  958:/*EOF*/
call    0 never executed
branch  1 never executed
branch  2 never executed
        -:  959:/*EOF*/
    #####:  960:/*EOF*/
call    0 never executed
branch  1 never executed
branch  2 never executed
    #####:  961:/*EOF*/
call    0 never executed
call    1 never executed
call    2 never executed
branch  3 never executed
branch  4 never executed
call    5 never executed
call    6 never executed
    #####:  962:/*EOF*/
call    0 never executed
call    1 never executed
call    2 never executed
branch  3 never executed
branch  4 never executed
call    5 never executed
call    6 never executed
        -:  963:/*EOF*/
    #####:  964:/*EOF*/
call    0 never executed
branch  1 never executed
branch  2 never executed
    #####:  965:/*EOF*/
        -:  966:/*EOF*/
        -:  967:/*EOF*/
function _ZN14social_network35HomeTimelineServiceConcurrentClient21recv_ReadHomeTimelineERSt6vectorINS_4PostESaIS2_EEi called 0 returned 0% blocks executed 0%
    #####:  968:/*EOF*/
        -:  969:/*EOF*/
        -:  970:/*EOF*/
    #####:  971:/*EOF*/
    #####:  972:/*EOF*/
call    0 never executed
call    1 never executed
call    2 never executed
        -:  973:/*EOF*/
        -:  974:/*EOF*/
        -:  975:/*EOF*/
        -:  976:/*EOF*/
    #####:  977:/*EOF*/
call    0 never executed
branch  1 never executed
branch  2 never executed
call    3 never executed
call    4 never executed
        -:  978:/*EOF*/
    #####:  979:/*EOF*/
    #####:  980:/*EOF*/
call    0 never executed
branch  1 never executed
branch  2 never executed
branch  3 never executed
branch  4 never executed
    #####:  981:/*EOF*/
call    0 never executed
branch  1 never executed
branch  2 never executed
        -:  982:/*EOF*/
    #####:  983:/*EOF*/
branch  0 never executed
branch  1 never executed
    #####:  984:/*EOF*/
branch  0 never executed
branch  1 never executed
    #####:  985:/*EOF*/
call    0 never executed
call    1 never executed
    #####:  986:/*EOF*/
call    0 never executed
branch  1 never executed
branch  2 never executed
    #####:  987:/*EOF*/
call    0 never executed
branch  1 never executed
branch  2 never executed
    #####:  988:/*EOF*/
call    0 never executed
call    1 never executed
call    2 never executed
branch  3 never executed
branch  4 never executed
call    5 never executed
call    6 never executed
    #####:  989:/*EOF*/
call    0 never executed
branch  1 never executed
branch  2 never executed
    #####:  990:/*EOF*/
call    0 never executed
call    1 never executed
branch  2 never executed
branch  3 never executed
call    4 never executed
call    5 never executed
        -:  991:/*EOF*/
    #####:  992:/*EOF*/
branch  0 never executed
branch  1 never executed
    #####:  993:/*EOF*/
call    0 never executed
branch  1 never executed
branch  2 never executed
    #####:  994:/*EOF*/
call    0 never executed
branch  1 never executed
branch  2 never executed
    #####:  995:/*EOF*/
call    0 never executed
call    1 never executed
call    2 never executed
branch  3 never executed
branch  4 never executed
call    5 never executed
call    6 never executed
        -:  996:/*EOF*/
    #####:  997:/*EOF*/
call    0 never executed
branch  1 never executed
branch  2 never executed
branch  3 never executed
branch  4 never executed
    #####:  998:/*EOF*/
call    0 never executed
branch  1 never executed
branch  2 never executed
    #####:  999:/*EOF*/
call    0 never executed
branch  1 never executed
branch  2 never executed
    #####: 1000:/*EOF*/
call    0 never executed
call    1 never executed
call    2 never executed
branch  3 never executed
branch  4 never executed
call    5 never executed
call    6 never executed
        -: 1001:/*EOF*/
        -: 1002:/*EOF*/
        -: 1003:/*EOF*/
    #####: 1004:/*EOF*/
call    0 never executed
call    1 never executed
call    2 never executed
        -: 1005:/*EOF*/
    #####: 1006:/*EOF*/
call    0 never executed
call    1 never executed
call    2 never executed
    #####: 1007:/*EOF*/
    #####: 1008:/*EOF*/
call    0 never executed
branch  1 never executed
branch  2 never executed
    #####: 1009:/*EOF*/
call    0 never executed
branch  1 never executed
branch  2 never executed
    #####: 1010:/*EOF*/
call    0 never executed
call    1 never executed
call    2 never executed
branch  3 never executed
branch  4 never executed
call    5 never executed
call    6 never executed
        -: 1011:/*EOF*/
    #####: 1012:/*EOF*/
branch  0 never executed
branch  1 never executed
        -: 1013:/*EOF*/
    #####: 1014:/*EOF*/
call    0 never executed
branch  1 never executed
branch  2 never executed
    #####: 1015:/*EOF*/
        -: 1016:/*EOF*/
    #####: 1017:/*EOF*/
branch  0 never executed
branch  1 never executed
    #####: 1018:/*EOF*/
call    0 never executed
branch  1 never executed
branch  2 never executed
    #####: 1019:/*EOF*/
call    0 never executed
call    1 never executed
branch  2 never executed
branch  3 never executed
call    4 never executed
call    5 never executed
        -: 1020:/*EOF*/
        -: 1021:/*EOF*/
    #####: 1022:/*EOF*/
call    0 never executed
call    1 never executed
call    2 never executed
branch  3 never executed
branch  4 never executed
call    5 never executed
branch  6 never executed
branch  7 never executed
call    8 never executed
call    9 never executed
call   10 never executed
call   11 never executed
call   12 never executed
call   13 never executed
        -: 1023:/*EOF*/
        -: 1024:/*EOF*/
    #####: 1025:/*EOF*/
call    0 never executed
branch  1 never executed
branch  2 never executed
        -: 1026:/*EOF*/
        -: 1027:/*EOF*/
    #####: 1028:/*EOF*/
call    0 never executed
branch  1 never executed
branch  2 never executed
        -: 1029:/*EOF*/
        -: 1030:/*EOF*/
        -: 1031:/*EOF*/
function _ZN14social_network35HomeTimelineServiceConcurrentClient17WriteHomeTimelineEllllRKSt6vectorIlSaIlEERKSt3mapINSt7__cxx1112basic_stringIcSt11char_traitsIcESaIcEEESC_St4lessISC_ESaISt4pairIKSC_SC_EEE called 0 returned 0% blocks executed 0%
    #####: 1032:/*EOF*/
        -: 1033:/*EOF*/
    #####: 1034:/*EOF*/
call    0 never executed
    #####: 1035:/*EOF*/
call    0 never executed
    #####: 1036:/*EOF*/
        -: 1037:/*EOF*/
function _ZN14social_network35HomeTimelineServiceConcurrentClient22send_WriteHomeTimelineEllllRKSt6vectorIlSaIlEERKSt3mapINSt7__cxx1112basic_stringIcSt11char_traitsIcESaIcEEESC_St4lessISC_ESaISt4pairIKSC_SC_EEE called 0 returned 0% blocks executed 0%
    #####: 1038:/*EOF*/
        -: 1039:/*EOF*/
    #####: 1040:/*EOF*/
call    0 never executed
branch  1 never executed
branch  2 never executed
    #####: 1041:/*EOF*/
call    0 never executed
branch  1 never executed
branch  2 never executed
call    3 never executed
call    4 never executed
    #####: 1042:/*EOF*/
call    0 never executed
call    1 never executed
branch  2 never executed
branch  3 never executed
call    4 never executed
branch  5 never executed
branch  6 never executed
call    7 never executed
call    8 never executed
call    9 never executed
call   10 never executed
        -: 1043:/*EOF*/
    #####: 1044:/*EOF*/
call    0 never executed
call    1 never executed
call    2 never executed
    #####: 1045:/*EOF*/
    #####: 1046:/*EOF*/
    #####: 1047:/*EOF*/
    #####: 1048:/*EOF*/
    #####: 1049:/*EOF*/
    #####: 1050:/*EOF*/
    #####: 1051:/*EOF*/
call    0 never executed
branch  1 never executed
branch  2 never executed
        -: 1052:/*EOF*/
    #####: 1053:/*EOF*/
call    0 never executed
branch  1 never executed
branch  2 never executed
    #####: 1054:/*EOF*/
call    0 never executed
call    1 never executed
call    2 never executed
branch  3 never executed
branch  4 never executed
call    5 never executed
call    6 never executed
    #####: 1055:/*EOF*/
call    0 never executed
call    1 never executed
call    2 never executed
branch  3 never executed
branch  4 never executed
call    5 never executed
call    6 never executed
        -: 1056:/*EOF*/
    #####: 1057:/*EOF*/
call    0 never executed
branch  1 never executed
branch  2 never executed
    #####: 1058:/*EOF*/
        -: 1059:/*EOF*/
        -: 1060:/*EOF*/
function _ZN14social_network35HomeTimelineServiceConcurrentClient22recv_WriteHomeTimelineEi called 0 returned 0% blocks executed 0%
    #####: 1061:/*EOF*/
        -: 1062:/*EOF*/
        -: 1063:/*EOF*/
    #####: 1064:/*EOF*/
    #####: 1065:/*EOF*/
call    0 never executed
call    1 never executed
call    2 never executed
        -: 1066:/*EOF*/
        -: 1067:/*EOF*/
        -: 1068:/*EOF*/
        -: 1069:/*EOF*/
    #####: 1070:/*EOF*/
call    0 never executed
branch  1 never executed
branch  2 never executed
call    3 never executed
call    4 never executed
        -: 1071:/*EOF*/
    #####: 1072:/*EOF*/
    #####: 1073:/*EOF*/
call    0 never executed
branch  1 never executed
branch  2 never executed
branch  3 never executed
branch  4 never executed
    #####: 1074:/*EOF*/
call    0 never executed
branch  1 never executed
branch  2 never executed
        -: 1075:/*EOF*/
    #####: 1076:/*EOF*/
branch  0 never executed
branch  1 never executed
    #####: 1077:/*EOF*/
branch  0 never executed
branch  1 never executed
    #####: 1078:/*EOF*/
call    0 never executed
call    1 never executed
    #####: 1079:/*EOF*/
call    0 never executed
branch  1 never executed
branch  2 never executed
    #####: 1080:/*EOF*/
call    0 never executed
branch  1 never executed
branch  2 never executed
    #####: 1081:/*EOF*/
call    0 never executed
call    1 never executed
call    2 never executed
branch  3 never executed
branch  4 never executed
call    5 never executed
call    6 never executed
    #####: 1082:/*EOF*/
call    0 never executed
branch  1 never executed
branch  2 never executed
    #####: 1083:/*EOF*/
call    0 never executed
call    1 never executed
branch  2 never executed
branch  3 never executed
call    4 never executed
call    5 never executed
        -: 1084:/*EOF*/
    #####: 1085:/*EOF*/
branch  0 never executed
branch  1 never executed
    #####: 1086:/*EOF*/
call    0 never executed
branch  1 never executed
branch  2 never executed
    #####: 1087:/*EOF*/
call    0 never executed
branch  1 never executed
branch  2 never executed
    #####: 1088:/*EOF*/
call    0 never executed
call    1 never executed
call    2 never executed
branch  3 never executed
branch  4 never executed
call    5 never executed
call    6 never executed
        -: 1089:/*EOF*/
    #####: 1090:/*EOF*/
call    0 never executed
branch  1 never executed
branch  2 never executed
branch  3 never executed
branch  4 never executed
    #####: 1091:/*EOF*/
call    0 never executed
branch  1 never executed
branch  2 never executed
    #####: 1092:/*EOF*/
call    0 never executed
branch  1 never executed
branch  2 never executed
    #####: 1093:/*EOF*/
call    0 never executed
call    1 never executed
call    2 never executed
branch  3 never executed
branch  4 never executed
call    5 never executed
call    6 never executed
        -: 1094:/*EOF*/
        -: 1095:/*EOF*/
        -: 1096:/*EOF*/
    #####: 1097:/*EOF*/
call    0 never executed
call    1 never executed
call    2 never executed
        -: 1098:/*EOF*/
    #####: 1099:/*EOF*/
call    0 never executed
call    1 never executed
call    2 never executed
    #####: 1100:/*EOF*/
call    0 never executed
branch  1 never executed
branch  2 never executed
    #####: 1101:/*EOF*/
call    0 never executed
branch  1 never executed
branch  2 never executed
    #####: 1102:/*EOF*/
call    0 never executed
call    1 never executed
call    2 never executed
branch  3 never executed
branch  4 never executed
call    5 never executed
call    6 never executed
        -: 1103:/*EOF*/
    #####: 1104:/*EOF*/
branch  0 never executed
branch  1 never executed
    #####: 1105:/*EOF*/
call    0 never executed
branch  1 never executed
branch  2 never executed
    #####: 1106:/*EOF*/
call    0 never executed
call    1 never executed
branch  2 never executed
branch  3 never executed
call    4 never executed
call    5 never executed
        -: 1107:/*EOF*/
    #####: 1108:/*EOF*/
call    0 never executed
branch  1 never executed
branch  2 never executed
    #####: 1109:/*EOF*/
        -: 1110:/*EOF*/
        -: 1111:/*EOF*/
    #####: 1112:/*EOF*/
call    0 never executed
branch  1 never executed
branch  2 never executed
        -: 1113:/*EOF*/
        -: 1114:/*EOF*/
    #####: 1115:/*EOF*/
call    0 never executed
branch  1 never executed
branch  2 never executed
